[2024-11-28T23:11:15.538+0000] {processor.py:157} INFO - Started process (PID=22) to work on /opt/airflow/dags/dag.py
[2024-11-28T23:11:15.538+0000] {processor.py:829} INFO - Processing file /opt/airflow/dags/dag.py for tasks to queue
[2024-11-28T23:11:15.539+0000] {logging_mixin.py:151} INFO - [2024-11-28T23:11:15.539+0000] {dagbag.py:539} INFO - Filling up the DagBag from /opt/airflow/dags/dag.py
[2024-11-28T23:11:15.553+0000] {processor.py:839} INFO - DAG(s) dict_keys(['my_dag_name']) retrieved from /opt/airflow/dags/dag.py
[2024-11-28T23:11:15.738+0000] {logging_mixin.py:151} INFO - [2024-11-28T23:11:15.738+0000] {manager.py:499} INFO - Created Permission View: %s
[2024-11-28T23:11:15.745+0000] {logging_mixin.py:151} INFO - [2024-11-28T23:11:15.745+0000] {manager.py:499} INFO - Created Permission View: %s
[2024-11-28T23:11:15.751+0000] {logging_mixin.py:151} INFO - [2024-11-28T23:11:15.750+0000] {manager.py:499} INFO - Created Permission View: %s
[2024-11-28T23:11:15.752+0000] {logging_mixin.py:151} INFO - [2024-11-28T23:11:15.752+0000] {security.py:708} INFO - Not syncing DAG-level permissions for DAG 'DAG:my_dag_name' as access control is unset.
[2024-11-28T23:11:15.752+0000] {logging_mixin.py:151} INFO - [2024-11-28T23:11:15.752+0000] {dag.py:2915} INFO - Sync 1 DAGs
[2024-11-28T23:11:15.764+0000] {logging_mixin.py:151} INFO - [2024-11-28T23:11:15.764+0000] {dag.py:2937} INFO - Creating ORM DAG for my_dag_name
[2024-11-28T23:11:15.774+0000] {logging_mixin.py:151} INFO - [2024-11-28T23:11:15.774+0000] {dag.py:3696} INFO - Setting next_dagrun for my_dag_name to 2021-01-01T00:00:00+00:00, run_after=2021-01-01T00:00:00+00:00
[2024-11-28T23:11:15.789+0000] {processor.py:179} INFO - Processing /opt/airflow/dags/dag.py took 0.254 seconds
[2024-11-28T23:11:45.890+0000] {processor.py:157} INFO - Started process (PID=23) to work on /opt/airflow/dags/dag.py
[2024-11-28T23:11:45.890+0000] {processor.py:829} INFO - Processing file /opt/airflow/dags/dag.py for tasks to queue
[2024-11-28T23:11:45.891+0000] {logging_mixin.py:151} INFO - [2024-11-28T23:11:45.891+0000] {dagbag.py:539} INFO - Filling up the DagBag from /opt/airflow/dags/dag.py
[2024-11-28T23:11:45.898+0000] {processor.py:839} INFO - DAG(s) dict_keys(['my_dag_name']) retrieved from /opt/airflow/dags/dag.py
[2024-11-28T23:11:45.931+0000] {logging_mixin.py:151} INFO - [2024-11-28T23:11:45.931+0000] {dag.py:2915} INFO - Sync 1 DAGs
[2024-11-28T23:11:45.954+0000] {logging_mixin.py:151} INFO - [2024-11-28T23:11:45.954+0000] {dag.py:3696} INFO - Setting next_dagrun for my_dag_name to 2021-01-01T00:00:00+00:00, run_after=2021-01-01T00:00:00+00:00
[2024-11-28T23:11:45.967+0000] {processor.py:179} INFO - Processing /opt/airflow/dags/dag.py took 0.080 seconds
[2024-11-28T23:12:16.011+0000] {processor.py:157} INFO - Started process (PID=24) to work on /opt/airflow/dags/dag.py
[2024-11-28T23:12:16.011+0000] {processor.py:829} INFO - Processing file /opt/airflow/dags/dag.py for tasks to queue
[2024-11-28T23:12:16.012+0000] {logging_mixin.py:151} INFO - [2024-11-28T23:12:16.012+0000] {dagbag.py:539} INFO - Filling up the DagBag from /opt/airflow/dags/dag.py
[2024-11-28T23:12:16.018+0000] {processor.py:839} INFO - DAG(s) dict_keys(['my_dag_name']) retrieved from /opt/airflow/dags/dag.py
[2024-11-28T23:12:16.040+0000] {logging_mixin.py:151} INFO - [2024-11-28T23:12:16.040+0000] {dag.py:2915} INFO - Sync 1 DAGs
[2024-11-28T23:12:16.062+0000] {logging_mixin.py:151} INFO - [2024-11-28T23:12:16.062+0000] {dag.py:3696} INFO - Setting next_dagrun for my_dag_name to 2021-01-01T00:00:00+00:00, run_after=2021-01-01T00:00:00+00:00
[2024-11-28T23:12:16.076+0000] {processor.py:179} INFO - Processing /opt/airflow/dags/dag.py took 0.068 seconds
[2024-11-28T23:12:46.162+0000] {processor.py:157} INFO - Started process (PID=25) to work on /opt/airflow/dags/dag.py
[2024-11-28T23:12:46.162+0000] {processor.py:829} INFO - Processing file /opt/airflow/dags/dag.py for tasks to queue
[2024-11-28T23:12:46.163+0000] {logging_mixin.py:151} INFO - [2024-11-28T23:12:46.163+0000] {dagbag.py:539} INFO - Filling up the DagBag from /opt/airflow/dags/dag.py
[2024-11-28T23:12:46.169+0000] {processor.py:839} INFO - DAG(s) dict_keys(['my_dag_name']) retrieved from /opt/airflow/dags/dag.py
[2024-11-28T23:12:46.190+0000] {logging_mixin.py:151} INFO - [2024-11-28T23:12:46.190+0000] {dag.py:2915} INFO - Sync 1 DAGs
[2024-11-28T23:12:46.206+0000] {logging_mixin.py:151} INFO - [2024-11-28T23:12:46.206+0000] {dag.py:3696} INFO - Setting next_dagrun for my_dag_name to 2021-01-01T00:00:00+00:00, run_after=2021-01-01T00:00:00+00:00
[2024-11-28T23:12:46.219+0000] {processor.py:179} INFO - Processing /opt/airflow/dags/dag.py took 0.060 seconds
[2024-11-28T23:13:16.281+0000] {processor.py:157} INFO - Started process (PID=26) to work on /opt/airflow/dags/dag.py
[2024-11-28T23:13:16.282+0000] {processor.py:829} INFO - Processing file /opt/airflow/dags/dag.py for tasks to queue
[2024-11-28T23:13:16.282+0000] {logging_mixin.py:151} INFO - [2024-11-28T23:13:16.282+0000] {dagbag.py:539} INFO - Filling up the DagBag from /opt/airflow/dags/dag.py
[2024-11-28T23:13:16.289+0000] {processor.py:839} INFO - DAG(s) dict_keys(['my_dag_name']) retrieved from /opt/airflow/dags/dag.py
[2024-11-28T23:13:16.310+0000] {logging_mixin.py:151} INFO - [2024-11-28T23:13:16.310+0000] {dag.py:2915} INFO - Sync 1 DAGs
[2024-11-28T23:13:16.325+0000] {logging_mixin.py:151} INFO - [2024-11-28T23:13:16.325+0000] {dag.py:3696} INFO - Setting next_dagrun for my_dag_name to 2021-01-01T00:00:00+00:00, run_after=2021-01-01T00:00:00+00:00
[2024-11-28T23:13:16.338+0000] {processor.py:179} INFO - Processing /opt/airflow/dags/dag.py took 0.060 seconds
[2024-11-28T23:13:46.439+0000] {processor.py:157} INFO - Started process (PID=27) to work on /opt/airflow/dags/dag.py
[2024-11-28T23:13:46.440+0000] {processor.py:829} INFO - Processing file /opt/airflow/dags/dag.py for tasks to queue
[2024-11-28T23:13:46.441+0000] {logging_mixin.py:151} INFO - [2024-11-28T23:13:46.440+0000] {dagbag.py:539} INFO - Filling up the DagBag from /opt/airflow/dags/dag.py
[2024-11-28T23:13:46.450+0000] {processor.py:839} INFO - DAG(s) dict_keys(['my_dag_name']) retrieved from /opt/airflow/dags/dag.py
[2024-11-28T23:13:46.500+0000] {logging_mixin.py:151} INFO - [2024-11-28T23:13:46.499+0000] {dag.py:2915} INFO - Sync 1 DAGs
[2024-11-28T23:13:46.533+0000] {logging_mixin.py:151} INFO - [2024-11-28T23:13:46.533+0000] {dag.py:3696} INFO - Setting next_dagrun for my_dag_name to 2021-01-01T00:00:00+00:00, run_after=2021-01-01T00:00:00+00:00
[2024-11-28T23:13:46.555+0000] {processor.py:179} INFO - Processing /opt/airflow/dags/dag.py took 0.119 seconds
[2024-11-28T23:14:16.657+0000] {processor.py:157} INFO - Started process (PID=28) to work on /opt/airflow/dags/dag.py
[2024-11-28T23:14:16.658+0000] {processor.py:829} INFO - Processing file /opt/airflow/dags/dag.py for tasks to queue
[2024-11-28T23:14:16.659+0000] {logging_mixin.py:151} INFO - [2024-11-28T23:14:16.658+0000] {dagbag.py:539} INFO - Filling up the DagBag from /opt/airflow/dags/dag.py
[2024-11-28T23:14:16.665+0000] {processor.py:839} INFO - DAG(s) dict_keys(['my_dag_name']) retrieved from /opt/airflow/dags/dag.py
[2024-11-28T23:14:16.686+0000] {logging_mixin.py:151} INFO - [2024-11-28T23:14:16.686+0000] {dag.py:2915} INFO - Sync 1 DAGs
[2024-11-28T23:14:16.701+0000] {logging_mixin.py:151} INFO - [2024-11-28T23:14:16.701+0000] {dag.py:3696} INFO - Setting next_dagrun for my_dag_name to 2021-01-01T00:00:00+00:00, run_after=2021-01-01T00:00:00+00:00
[2024-11-28T23:14:16.714+0000] {processor.py:179} INFO - Processing /opt/airflow/dags/dag.py took 0.059 seconds
[2024-11-28T23:14:46.775+0000] {processor.py:157} INFO - Started process (PID=29) to work on /opt/airflow/dags/dag.py
[2024-11-28T23:14:46.776+0000] {processor.py:829} INFO - Processing file /opt/airflow/dags/dag.py for tasks to queue
[2024-11-28T23:14:46.777+0000] {logging_mixin.py:151} INFO - [2024-11-28T23:14:46.776+0000] {dagbag.py:539} INFO - Filling up the DagBag from /opt/airflow/dags/dag.py
[2024-11-28T23:14:46.783+0000] {processor.py:839} INFO - DAG(s) dict_keys(['my_dag_name']) retrieved from /opt/airflow/dags/dag.py
[2024-11-28T23:14:46.805+0000] {logging_mixin.py:151} INFO - [2024-11-28T23:14:46.805+0000] {dag.py:2915} INFO - Sync 1 DAGs
[2024-11-28T23:14:46.822+0000] {logging_mixin.py:151} INFO - [2024-11-28T23:14:46.821+0000] {dag.py:3696} INFO - Setting next_dagrun for my_dag_name to 2021-01-01T00:00:00+00:00, run_after=2021-01-01T00:00:00+00:00
[2024-11-28T23:14:46.834+0000] {processor.py:179} INFO - Processing /opt/airflow/dags/dag.py took 0.061 seconds
[2024-11-28T23:15:16.901+0000] {processor.py:157} INFO - Started process (PID=30) to work on /opt/airflow/dags/dag.py
[2024-11-28T23:15:16.902+0000] {processor.py:829} INFO - Processing file /opt/airflow/dags/dag.py for tasks to queue
[2024-11-28T23:15:16.902+0000] {logging_mixin.py:151} INFO - [2024-11-28T23:15:16.902+0000] {dagbag.py:539} INFO - Filling up the DagBag from /opt/airflow/dags/dag.py
[2024-11-28T23:15:16.910+0000] {processor.py:839} INFO - DAG(s) dict_keys(['my_dag_name']) retrieved from /opt/airflow/dags/dag.py
[2024-11-28T23:15:16.930+0000] {logging_mixin.py:151} INFO - [2024-11-28T23:15:16.930+0000] {dag.py:2915} INFO - Sync 1 DAGs
[2024-11-28T23:15:16.946+0000] {logging_mixin.py:151} INFO - [2024-11-28T23:15:16.946+0000] {dag.py:3696} INFO - Setting next_dagrun for my_dag_name to 2021-01-01T00:00:00+00:00, run_after=2021-01-01T00:00:00+00:00
[2024-11-28T23:15:16.960+0000] {processor.py:179} INFO - Processing /opt/airflow/dags/dag.py took 0.061 seconds
[2024-11-28T23:15:47.022+0000] {processor.py:157} INFO - Started process (PID=31) to work on /opt/airflow/dags/dag.py
[2024-11-28T23:15:47.023+0000] {processor.py:829} INFO - Processing file /opt/airflow/dags/dag.py for tasks to queue
[2024-11-28T23:15:47.023+0000] {logging_mixin.py:151} INFO - [2024-11-28T23:15:47.023+0000] {dagbag.py:539} INFO - Filling up the DagBag from /opt/airflow/dags/dag.py
[2024-11-28T23:15:47.030+0000] {processor.py:839} INFO - DAG(s) dict_keys(['my_dag_name']) retrieved from /opt/airflow/dags/dag.py
[2024-11-28T23:15:47.058+0000] {logging_mixin.py:151} INFO - [2024-11-28T23:15:47.058+0000] {dag.py:2915} INFO - Sync 1 DAGs
[2024-11-28T23:15:47.075+0000] {logging_mixin.py:151} INFO - [2024-11-28T23:15:47.075+0000] {dag.py:3696} INFO - Setting next_dagrun for my_dag_name to 2021-01-01T00:00:00+00:00, run_after=2021-01-01T00:00:00+00:00
[2024-11-28T23:15:47.087+0000] {processor.py:179} INFO - Processing /opt/airflow/dags/dag.py took 0.067 seconds
[2024-11-28T23:16:17.172+0000] {processor.py:157} INFO - Started process (PID=32) to work on /opt/airflow/dags/dag.py
[2024-11-28T23:16:17.173+0000] {processor.py:829} INFO - Processing file /opt/airflow/dags/dag.py for tasks to queue
[2024-11-28T23:16:17.173+0000] {logging_mixin.py:151} INFO - [2024-11-28T23:16:17.173+0000] {dagbag.py:539} INFO - Filling up the DagBag from /opt/airflow/dags/dag.py
[2024-11-28T23:16:17.180+0000] {processor.py:839} INFO - DAG(s) dict_keys(['my_dag_name']) retrieved from /opt/airflow/dags/dag.py
[2024-11-28T23:16:17.200+0000] {logging_mixin.py:151} INFO - [2024-11-28T23:16:17.200+0000] {dag.py:2915} INFO - Sync 1 DAGs
[2024-11-28T23:16:17.217+0000] {logging_mixin.py:151} INFO - [2024-11-28T23:16:17.216+0000] {dag.py:3696} INFO - Setting next_dagrun for my_dag_name to 2021-01-01T00:00:00+00:00, run_after=2021-01-01T00:00:00+00:00
[2024-11-28T23:16:17.228+0000] {processor.py:179} INFO - Processing /opt/airflow/dags/dag.py took 0.059 seconds
[2024-11-28T23:16:47.284+0000] {processor.py:157} INFO - Started process (PID=33) to work on /opt/airflow/dags/dag.py
[2024-11-28T23:16:47.285+0000] {processor.py:829} INFO - Processing file /opt/airflow/dags/dag.py for tasks to queue
[2024-11-28T23:16:47.285+0000] {logging_mixin.py:151} INFO - [2024-11-28T23:16:47.285+0000] {dagbag.py:539} INFO - Filling up the DagBag from /opt/airflow/dags/dag.py
[2024-11-28T23:16:47.292+0000] {processor.py:839} INFO - DAG(s) dict_keys(['my_dag_name']) retrieved from /opt/airflow/dags/dag.py
[2024-11-28T23:16:47.314+0000] {logging_mixin.py:151} INFO - [2024-11-28T23:16:47.314+0000] {dag.py:2915} INFO - Sync 1 DAGs
[2024-11-28T23:16:47.329+0000] {logging_mixin.py:151} INFO - [2024-11-28T23:16:47.329+0000] {dag.py:3696} INFO - Setting next_dagrun for my_dag_name to 2021-01-01T00:00:00+00:00, run_after=2021-01-01T00:00:00+00:00
[2024-11-28T23:16:47.341+0000] {processor.py:179} INFO - Processing /opt/airflow/dags/dag.py took 0.060 seconds
[2024-11-28T23:17:17.413+0000] {processor.py:157} INFO - Started process (PID=34) to work on /opt/airflow/dags/dag.py
[2024-11-28T23:17:17.413+0000] {processor.py:829} INFO - Processing file /opt/airflow/dags/dag.py for tasks to queue
[2024-11-28T23:17:17.414+0000] {logging_mixin.py:151} INFO - [2024-11-28T23:17:17.414+0000] {dagbag.py:539} INFO - Filling up the DagBag from /opt/airflow/dags/dag.py
[2024-11-28T23:17:17.421+0000] {processor.py:839} INFO - DAG(s) dict_keys(['my_dag_name']) retrieved from /opt/airflow/dags/dag.py
[2024-11-28T23:17:17.441+0000] {logging_mixin.py:151} INFO - [2024-11-28T23:17:17.441+0000] {dag.py:2915} INFO - Sync 1 DAGs
[2024-11-28T23:17:17.458+0000] {logging_mixin.py:151} INFO - [2024-11-28T23:17:17.458+0000] {dag.py:3696} INFO - Setting next_dagrun for my_dag_name to 2021-01-01T00:00:00+00:00, run_after=2021-01-01T00:00:00+00:00
[2024-11-28T23:17:17.470+0000] {processor.py:179} INFO - Processing /opt/airflow/dags/dag.py took 0.060 seconds
[2024-11-28T23:17:47.541+0000] {processor.py:157} INFO - Started process (PID=35) to work on /opt/airflow/dags/dag.py
[2024-11-28T23:17:47.542+0000] {processor.py:829} INFO - Processing file /opt/airflow/dags/dag.py for tasks to queue
[2024-11-28T23:17:47.543+0000] {logging_mixin.py:151} INFO - [2024-11-28T23:17:47.543+0000] {dagbag.py:539} INFO - Filling up the DagBag from /opt/airflow/dags/dag.py
[2024-11-28T23:17:47.552+0000] {processor.py:839} INFO - DAG(s) dict_keys(['my_dag_name']) retrieved from /opt/airflow/dags/dag.py
[2024-11-28T23:17:47.586+0000] {logging_mixin.py:151} INFO - [2024-11-28T23:17:47.586+0000] {dag.py:2915} INFO - Sync 1 DAGs
[2024-11-28T23:17:47.609+0000] {logging_mixin.py:151} INFO - [2024-11-28T23:17:47.608+0000] {dag.py:3696} INFO - Setting next_dagrun for my_dag_name to 2021-01-01T00:00:00+00:00, run_after=2021-01-01T00:00:00+00:00
[2024-11-28T23:17:47.621+0000] {processor.py:179} INFO - Processing /opt/airflow/dags/dag.py took 0.086 seconds
[2024-11-28T23:18:17.679+0000] {processor.py:157} INFO - Started process (PID=36) to work on /opt/airflow/dags/dag.py
[2024-11-28T23:18:17.680+0000] {processor.py:829} INFO - Processing file /opt/airflow/dags/dag.py for tasks to queue
[2024-11-28T23:18:17.681+0000] {logging_mixin.py:151} INFO - [2024-11-28T23:18:17.680+0000] {dagbag.py:539} INFO - Filling up the DagBag from /opt/airflow/dags/dag.py
[2024-11-28T23:18:17.691+0000] {processor.py:839} INFO - DAG(s) dict_keys(['my_dag_name']) retrieved from /opt/airflow/dags/dag.py
[2024-11-28T23:18:17.734+0000] {logging_mixin.py:151} INFO - [2024-11-28T23:18:17.734+0000] {dag.py:2915} INFO - Sync 1 DAGs
[2024-11-28T23:18:17.762+0000] {logging_mixin.py:151} INFO - [2024-11-28T23:18:17.761+0000] {dag.py:3696} INFO - Setting next_dagrun for my_dag_name to 2021-01-01T00:00:00+00:00, run_after=2021-01-01T00:00:00+00:00
[2024-11-28T23:18:17.786+0000] {processor.py:179} INFO - Processing /opt/airflow/dags/dag.py took 0.112 seconds
[2024-11-28T23:18:47.824+0000] {processor.py:157} INFO - Started process (PID=37) to work on /opt/airflow/dags/dag.py
[2024-11-28T23:18:47.825+0000] {processor.py:829} INFO - Processing file /opt/airflow/dags/dag.py for tasks to queue
[2024-11-28T23:18:47.826+0000] {logging_mixin.py:151} INFO - [2024-11-28T23:18:47.825+0000] {dagbag.py:539} INFO - Filling up the DagBag from /opt/airflow/dags/dag.py
[2024-11-28T23:18:47.836+0000] {processor.py:839} INFO - DAG(s) dict_keys(['my_dag_name']) retrieved from /opt/airflow/dags/dag.py
[2024-11-28T23:18:47.862+0000] {logging_mixin.py:151} INFO - [2024-11-28T23:18:47.862+0000] {dag.py:2915} INFO - Sync 1 DAGs
[2024-11-28T23:18:47.884+0000] {logging_mixin.py:151} INFO - [2024-11-28T23:18:47.884+0000] {dag.py:3696} INFO - Setting next_dagrun for my_dag_name to 2021-01-01T00:00:00+00:00, run_after=2021-01-01T00:00:00+00:00
[2024-11-28T23:18:47.900+0000] {processor.py:179} INFO - Processing /opt/airflow/dags/dag.py took 0.080 seconds
[2024-11-28T23:19:17.986+0000] {processor.py:157} INFO - Started process (PID=38) to work on /opt/airflow/dags/dag.py
[2024-11-28T23:19:17.987+0000] {processor.py:829} INFO - Processing file /opt/airflow/dags/dag.py for tasks to queue
[2024-11-28T23:19:17.987+0000] {logging_mixin.py:151} INFO - [2024-11-28T23:19:17.987+0000] {dagbag.py:539} INFO - Filling up the DagBag from /opt/airflow/dags/dag.py
[2024-11-28T23:19:17.994+0000] {processor.py:839} INFO - DAG(s) dict_keys(['my_dag_name']) retrieved from /opt/airflow/dags/dag.py
[2024-11-28T23:19:18.015+0000] {logging_mixin.py:151} INFO - [2024-11-28T23:19:18.015+0000] {dag.py:2915} INFO - Sync 1 DAGs
[2024-11-28T23:19:18.031+0000] {logging_mixin.py:151} INFO - [2024-11-28T23:19:18.031+0000] {dag.py:3696} INFO - Setting next_dagrun for my_dag_name to 2021-01-01T00:00:00+00:00, run_after=2021-01-01T00:00:00+00:00
[2024-11-28T23:19:18.043+0000] {processor.py:179} INFO - Processing /opt/airflow/dags/dag.py took 0.060 seconds
[2024-11-28T23:19:48.102+0000] {processor.py:157} INFO - Started process (PID=39) to work on /opt/airflow/dags/dag.py
[2024-11-28T23:19:48.103+0000] {processor.py:829} INFO - Processing file /opt/airflow/dags/dag.py for tasks to queue
[2024-11-28T23:19:48.104+0000] {logging_mixin.py:151} INFO - [2024-11-28T23:19:48.103+0000] {dagbag.py:539} INFO - Filling up the DagBag from /opt/airflow/dags/dag.py
[2024-11-28T23:19:48.110+0000] {processor.py:839} INFO - DAG(s) dict_keys(['my_dag_name']) retrieved from /opt/airflow/dags/dag.py
[2024-11-28T23:19:48.132+0000] {logging_mixin.py:151} INFO - [2024-11-28T23:19:48.132+0000] {dag.py:2915} INFO - Sync 1 DAGs
[2024-11-28T23:19:48.148+0000] {logging_mixin.py:151} INFO - [2024-11-28T23:19:48.147+0000] {dag.py:3696} INFO - Setting next_dagrun for my_dag_name to 2021-01-01T00:00:00+00:00, run_after=2021-01-01T00:00:00+00:00
[2024-11-28T23:19:48.160+0000] {processor.py:179} INFO - Processing /opt/airflow/dags/dag.py took 0.061 seconds
[2024-11-28T23:20:18.249+0000] {processor.py:157} INFO - Started process (PID=40) to work on /opt/airflow/dags/dag.py
[2024-11-28T23:20:18.252+0000] {processor.py:829} INFO - Processing file /opt/airflow/dags/dag.py for tasks to queue
[2024-11-28T23:20:18.253+0000] {logging_mixin.py:151} INFO - [2024-11-28T23:20:18.253+0000] {dagbag.py:539} INFO - Filling up the DagBag from /opt/airflow/dags/dag.py
[2024-11-28T23:20:18.280+0000] {processor.py:839} INFO - DAG(s) dict_keys(['my_dag_name']) retrieved from /opt/airflow/dags/dag.py
[2024-11-28T23:20:18.362+0000] {logging_mixin.py:151} INFO - [2024-11-28T23:20:18.362+0000] {dag.py:2915} INFO - Sync 1 DAGs
[2024-11-28T23:20:18.407+0000] {logging_mixin.py:151} INFO - [2024-11-28T23:20:18.406+0000] {dag.py:3696} INFO - Setting next_dagrun for my_dag_name to 2021-01-01T00:00:00+00:00, run_after=2021-01-01T00:00:00+00:00
[2024-11-28T23:20:18.435+0000] {processor.py:179} INFO - Processing /opt/airflow/dags/dag.py took 0.195 seconds
[2024-11-28T23:20:48.546+0000] {processor.py:157} INFO - Started process (PID=41) to work on /opt/airflow/dags/dag.py
[2024-11-28T23:20:48.547+0000] {processor.py:829} INFO - Processing file /opt/airflow/dags/dag.py for tasks to queue
[2024-11-28T23:20:48.547+0000] {logging_mixin.py:151} INFO - [2024-11-28T23:20:48.547+0000] {dagbag.py:539} INFO - Filling up the DagBag from /opt/airflow/dags/dag.py
[2024-11-28T23:20:48.553+0000] {processor.py:839} INFO - DAG(s) dict_keys(['my_dag_name']) retrieved from /opt/airflow/dags/dag.py
[2024-11-28T23:20:48.575+0000] {logging_mixin.py:151} INFO - [2024-11-28T23:20:48.575+0000] {dag.py:2915} INFO - Sync 1 DAGs
[2024-11-28T23:20:48.591+0000] {logging_mixin.py:151} INFO - [2024-11-28T23:20:48.591+0000] {dag.py:3696} INFO - Setting next_dagrun for my_dag_name to 2021-01-01T00:00:00+00:00, run_after=2021-01-01T00:00:00+00:00
[2024-11-28T23:20:48.603+0000] {processor.py:179} INFO - Processing /opt/airflow/dags/dag.py took 0.060 seconds
[2024-11-28T23:21:18.673+0000] {processor.py:157} INFO - Started process (PID=44) to work on /opt/airflow/dags/dag.py
[2024-11-28T23:21:18.673+0000] {processor.py:829} INFO - Processing file /opt/airflow/dags/dag.py for tasks to queue
[2024-11-28T23:21:18.674+0000] {logging_mixin.py:151} INFO - [2024-11-28T23:21:18.674+0000] {dagbag.py:539} INFO - Filling up the DagBag from /opt/airflow/dags/dag.py
[2024-11-28T23:21:18.681+0000] {processor.py:839} INFO - DAG(s) dict_keys(['my_dag_name']) retrieved from /opt/airflow/dags/dag.py
[2024-11-28T23:21:18.703+0000] {logging_mixin.py:151} INFO - [2024-11-28T23:21:18.703+0000] {dag.py:2915} INFO - Sync 1 DAGs
[2024-11-28T23:21:18.718+0000] {logging_mixin.py:151} INFO - [2024-11-28T23:21:18.718+0000] {dag.py:3696} INFO - Setting next_dagrun for my_dag_name to 2021-01-01T00:00:00+00:00, run_after=2021-01-01T00:00:00+00:00
[2024-11-28T23:21:18.731+0000] {processor.py:179} INFO - Processing /opt/airflow/dags/dag.py took 0.060 seconds
[2024-11-28T23:21:48.821+0000] {processor.py:157} INFO - Started process (PID=47) to work on /opt/airflow/dags/dag.py
[2024-11-28T23:21:48.822+0000] {processor.py:829} INFO - Processing file /opt/airflow/dags/dag.py for tasks to queue
[2024-11-28T23:21:48.822+0000] {logging_mixin.py:151} INFO - [2024-11-28T23:21:48.822+0000] {dagbag.py:539} INFO - Filling up the DagBag from /opt/airflow/dags/dag.py
[2024-11-28T23:21:48.829+0000] {processor.py:839} INFO - DAG(s) dict_keys(['my_dag_name']) retrieved from /opt/airflow/dags/dag.py
[2024-11-28T23:21:48.850+0000] {logging_mixin.py:151} INFO - [2024-11-28T23:21:48.850+0000] {dag.py:2915} INFO - Sync 1 DAGs
[2024-11-28T23:21:48.866+0000] {logging_mixin.py:151} INFO - [2024-11-28T23:21:48.866+0000] {dag.py:3696} INFO - Setting next_dagrun for my_dag_name to 2021-01-01T00:00:00+00:00, run_after=2021-01-01T00:00:00+00:00
[2024-11-28T23:21:48.878+0000] {processor.py:179} INFO - Processing /opt/airflow/dags/dag.py took 0.060 seconds
[2024-11-28T23:22:18.945+0000] {processor.py:157} INFO - Started process (PID=49) to work on /opt/airflow/dags/dag.py
[2024-11-28T23:22:18.947+0000] {processor.py:829} INFO - Processing file /opt/airflow/dags/dag.py for tasks to queue
[2024-11-28T23:22:18.948+0000] {logging_mixin.py:151} INFO - [2024-11-28T23:22:18.947+0000] {dagbag.py:539} INFO - Filling up the DagBag from /opt/airflow/dags/dag.py
[2024-11-28T23:22:18.959+0000] {processor.py:839} INFO - DAG(s) dict_keys(['my_dag_name']) retrieved from /opt/airflow/dags/dag.py
[2024-11-28T23:22:18.993+0000] {logging_mixin.py:151} INFO - [2024-11-28T23:22:18.993+0000] {dag.py:2915} INFO - Sync 1 DAGs
[2024-11-28T23:22:19.019+0000] {logging_mixin.py:151} INFO - [2024-11-28T23:22:19.019+0000] {dag.py:3696} INFO - Setting next_dagrun for my_dag_name to 2021-01-01T00:00:00+00:00, run_after=2021-01-01T00:00:00+00:00
[2024-11-28T23:22:19.035+0000] {processor.py:179} INFO - Processing /opt/airflow/dags/dag.py took 0.093 seconds
[2024-11-28T23:22:49.183+0000] {processor.py:157} INFO - Started process (PID=51) to work on /opt/airflow/dags/dag.py
[2024-11-28T23:22:49.184+0000] {processor.py:829} INFO - Processing file /opt/airflow/dags/dag.py for tasks to queue
[2024-11-28T23:22:49.185+0000] {logging_mixin.py:151} INFO - [2024-11-28T23:22:49.185+0000] {dagbag.py:539} INFO - Filling up the DagBag from /opt/airflow/dags/dag.py
[2024-11-28T23:22:49.197+0000] {processor.py:839} INFO - DAG(s) dict_keys(['my_dag_name']) retrieved from /opt/airflow/dags/dag.py
[2024-11-28T23:22:49.227+0000] {logging_mixin.py:151} INFO - [2024-11-28T23:22:49.227+0000] {dag.py:2915} INFO - Sync 1 DAGs
[2024-11-28T23:22:49.247+0000] {logging_mixin.py:151} INFO - [2024-11-28T23:22:49.247+0000] {dag.py:3696} INFO - Setting next_dagrun for my_dag_name to 2021-01-01T00:00:00+00:00, run_after=2021-01-01T00:00:00+00:00
[2024-11-28T23:22:49.259+0000] {processor.py:179} INFO - Processing /opt/airflow/dags/dag.py took 0.079 seconds
[2024-11-28T23:23:19.418+0000] {processor.py:157} INFO - Started process (PID=54) to work on /opt/airflow/dags/dag.py
[2024-11-28T23:23:19.419+0000] {processor.py:829} INFO - Processing file /opt/airflow/dags/dag.py for tasks to queue
[2024-11-28T23:23:19.420+0000] {logging_mixin.py:151} INFO - [2024-11-28T23:23:19.420+0000] {dagbag.py:539} INFO - Filling up the DagBag from /opt/airflow/dags/dag.py
[2024-11-28T23:23:19.430+0000] {processor.py:839} INFO - DAG(s) dict_keys(['my_dag_name']) retrieved from /opt/airflow/dags/dag.py
[2024-11-28T23:23:19.496+0000] {logging_mixin.py:151} INFO - [2024-11-28T23:23:19.496+0000] {dag.py:2915} INFO - Sync 1 DAGs
[2024-11-28T23:23:19.542+0000] {logging_mixin.py:151} INFO - [2024-11-28T23:23:19.541+0000] {dag.py:3696} INFO - Setting next_dagrun for my_dag_name to 2021-01-01T00:00:00+00:00, run_after=2021-01-01T00:00:00+00:00
[2024-11-28T23:23:19.571+0000] {processor.py:179} INFO - Processing /opt/airflow/dags/dag.py took 0.157 seconds
[2024-11-28T23:23:49.693+0000] {processor.py:157} INFO - Started process (PID=57) to work on /opt/airflow/dags/dag.py
[2024-11-28T23:23:49.694+0000] {processor.py:829} INFO - Processing file /opt/airflow/dags/dag.py for tasks to queue
[2024-11-28T23:23:49.694+0000] {logging_mixin.py:151} INFO - [2024-11-28T23:23:49.694+0000] {dagbag.py:539} INFO - Filling up the DagBag from /opt/airflow/dags/dag.py
[2024-11-28T23:23:49.701+0000] {processor.py:839} INFO - DAG(s) dict_keys(['my_dag_name']) retrieved from /opt/airflow/dags/dag.py
[2024-11-28T23:23:49.740+0000] {logging_mixin.py:151} INFO - [2024-11-28T23:23:49.740+0000] {dag.py:2915} INFO - Sync 1 DAGs
[2024-11-28T23:23:49.764+0000] {logging_mixin.py:151} INFO - [2024-11-28T23:23:49.764+0000] {dag.py:3696} INFO - Setting next_dagrun for my_dag_name to 2021-01-01T00:00:00+00:00, run_after=2021-01-01T00:00:00+00:00
[2024-11-28T23:23:49.779+0000] {processor.py:179} INFO - Processing /opt/airflow/dags/dag.py took 0.089 seconds
[2024-11-28T23:24:19.907+0000] {processor.py:157} INFO - Started process (PID=60) to work on /opt/airflow/dags/dag.py
[2024-11-28T23:24:19.908+0000] {processor.py:829} INFO - Processing file /opt/airflow/dags/dag.py for tasks to queue
[2024-11-28T23:24:19.908+0000] {logging_mixin.py:151} INFO - [2024-11-28T23:24:19.908+0000] {dagbag.py:539} INFO - Filling up the DagBag from /opt/airflow/dags/dag.py
[2024-11-28T23:24:19.915+0000] {processor.py:839} INFO - DAG(s) dict_keys(['my_dag_name']) retrieved from /opt/airflow/dags/dag.py
[2024-11-28T23:24:19.942+0000] {logging_mixin.py:151} INFO - [2024-11-28T23:24:19.941+0000] {dag.py:2915} INFO - Sync 1 DAGs
[2024-11-28T23:24:19.964+0000] {logging_mixin.py:151} INFO - [2024-11-28T23:24:19.964+0000] {dag.py:3696} INFO - Setting next_dagrun for my_dag_name to 2021-01-01T00:00:00+00:00, run_after=2021-01-01T00:00:00+00:00
[2024-11-28T23:24:19.981+0000] {processor.py:179} INFO - Processing /opt/airflow/dags/dag.py took 0.077 seconds
[2024-11-28T23:24:50.115+0000] {processor.py:157} INFO - Started process (PID=63) to work on /opt/airflow/dags/dag.py
[2024-11-28T23:24:50.116+0000] {processor.py:829} INFO - Processing file /opt/airflow/dags/dag.py for tasks to queue
[2024-11-28T23:24:50.116+0000] {logging_mixin.py:151} INFO - [2024-11-28T23:24:50.116+0000] {dagbag.py:539} INFO - Filling up the DagBag from /opt/airflow/dags/dag.py
[2024-11-28T23:24:50.123+0000] {processor.py:839} INFO - DAG(s) dict_keys(['my_dag_name']) retrieved from /opt/airflow/dags/dag.py
[2024-11-28T23:24:50.144+0000] {logging_mixin.py:151} INFO - [2024-11-28T23:24:50.144+0000] {dag.py:2915} INFO - Sync 1 DAGs
[2024-11-28T23:24:50.160+0000] {logging_mixin.py:151} INFO - [2024-11-28T23:24:50.160+0000] {dag.py:3696} INFO - Setting next_dagrun for my_dag_name to 2021-01-01T00:00:00+00:00, run_after=2021-01-01T00:00:00+00:00
[2024-11-28T23:24:50.172+0000] {processor.py:179} INFO - Processing /opt/airflow/dags/dag.py took 0.060 seconds
[2024-11-28T23:25:20.283+0000] {processor.py:157} INFO - Started process (PID=66) to work on /opt/airflow/dags/dag.py
[2024-11-28T23:25:20.284+0000] {processor.py:829} INFO - Processing file /opt/airflow/dags/dag.py for tasks to queue
[2024-11-28T23:25:20.284+0000] {logging_mixin.py:151} INFO - [2024-11-28T23:25:20.284+0000] {dagbag.py:539} INFO - Filling up the DagBag from /opt/airflow/dags/dag.py
[2024-11-28T23:25:20.291+0000] {processor.py:839} INFO - DAG(s) dict_keys(['my_dag_name']) retrieved from /opt/airflow/dags/dag.py
[2024-11-28T23:25:20.312+0000] {logging_mixin.py:151} INFO - [2024-11-28T23:25:20.312+0000] {dag.py:2915} INFO - Sync 1 DAGs
[2024-11-28T23:25:20.329+0000] {logging_mixin.py:151} INFO - [2024-11-28T23:25:20.329+0000] {dag.py:3696} INFO - Setting next_dagrun for my_dag_name to 2021-01-01T00:00:00+00:00, run_after=2021-01-01T00:00:00+00:00
[2024-11-28T23:25:20.342+0000] {processor.py:179} INFO - Processing /opt/airflow/dags/dag.py took 0.061 seconds
[2024-11-28T23:25:50.459+0000] {processor.py:157} INFO - Started process (PID=69) to work on /opt/airflow/dags/dag.py
[2024-11-28T23:25:50.459+0000] {processor.py:829} INFO - Processing file /opt/airflow/dags/dag.py for tasks to queue
[2024-11-28T23:25:50.460+0000] {logging_mixin.py:151} INFO - [2024-11-28T23:25:50.460+0000] {dagbag.py:539} INFO - Filling up the DagBag from /opt/airflow/dags/dag.py
[2024-11-28T23:25:50.466+0000] {processor.py:839} INFO - DAG(s) dict_keys(['my_dag_name']) retrieved from /opt/airflow/dags/dag.py
[2024-11-28T23:25:50.487+0000] {logging_mixin.py:151} INFO - [2024-11-28T23:25:50.487+0000] {dag.py:2915} INFO - Sync 1 DAGs
[2024-11-28T23:25:50.504+0000] {logging_mixin.py:151} INFO - [2024-11-28T23:25:50.504+0000] {dag.py:3696} INFO - Setting next_dagrun for my_dag_name to 2021-01-01T00:00:00+00:00, run_after=2021-01-01T00:00:00+00:00
[2024-11-28T23:25:50.516+0000] {processor.py:179} INFO - Processing /opt/airflow/dags/dag.py took 0.060 seconds
[2024-11-28T23:26:20.649+0000] {processor.py:157} INFO - Started process (PID=74) to work on /opt/airflow/dags/dag.py
[2024-11-28T23:26:20.650+0000] {processor.py:829} INFO - Processing file /opt/airflow/dags/dag.py for tasks to queue
[2024-11-28T23:26:20.651+0000] {logging_mixin.py:151} INFO - [2024-11-28T23:26:20.650+0000] {dagbag.py:539} INFO - Filling up the DagBag from /opt/airflow/dags/dag.py
[2024-11-28T23:26:20.657+0000] {processor.py:839} INFO - DAG(s) dict_keys(['my_dag_name']) retrieved from /opt/airflow/dags/dag.py
[2024-11-28T23:26:20.678+0000] {logging_mixin.py:151} INFO - [2024-11-28T23:26:20.678+0000] {dag.py:2915} INFO - Sync 1 DAGs
[2024-11-28T23:26:20.694+0000] {logging_mixin.py:151} INFO - [2024-11-28T23:26:20.694+0000] {dag.py:3696} INFO - Setting next_dagrun for my_dag_name to 2021-01-01T00:00:00+00:00, run_after=2021-01-01T00:00:00+00:00
[2024-11-28T23:26:20.706+0000] {processor.py:179} INFO - Processing /opt/airflow/dags/dag.py took 0.059 seconds
[2024-11-28T23:26:51.071+0000] {processor.py:157} INFO - Started process (PID=79) to work on /opt/airflow/dags/dag.py
[2024-11-28T23:26:51.072+0000] {processor.py:829} INFO - Processing file /opt/airflow/dags/dag.py for tasks to queue
[2024-11-28T23:26:51.072+0000] {logging_mixin.py:151} INFO - [2024-11-28T23:26:51.072+0000] {dagbag.py:539} INFO - Filling up the DagBag from /opt/airflow/dags/dag.py
[2024-11-28T23:26:51.079+0000] {processor.py:839} INFO - DAG(s) dict_keys(['my_dag_name']) retrieved from /opt/airflow/dags/dag.py
[2024-11-28T23:26:51.101+0000] {logging_mixin.py:151} INFO - [2024-11-28T23:26:51.100+0000] {dag.py:2915} INFO - Sync 1 DAGs
[2024-11-28T23:26:51.116+0000] {logging_mixin.py:151} INFO - [2024-11-28T23:26:51.116+0000] {dag.py:3696} INFO - Setting next_dagrun for my_dag_name to 2021-01-01T00:00:00+00:00, run_after=2021-01-01T00:00:00+00:00
[2024-11-28T23:26:51.128+0000] {processor.py:179} INFO - Processing /opt/airflow/dags/dag.py took 0.060 seconds
[2024-11-28T23:27:21.585+0000] {processor.py:157} INFO - Started process (PID=84) to work on /opt/airflow/dags/dag.py
[2024-11-28T23:27:21.586+0000] {processor.py:829} INFO - Processing file /opt/airflow/dags/dag.py for tasks to queue
[2024-11-28T23:27:21.586+0000] {logging_mixin.py:151} INFO - [2024-11-28T23:27:21.586+0000] {dagbag.py:539} INFO - Filling up the DagBag from /opt/airflow/dags/dag.py
[2024-11-28T23:27:21.596+0000] {processor.py:839} INFO - DAG(s) dict_keys(['my_dag_name']) retrieved from /opt/airflow/dags/dag.py
[2024-11-28T23:27:21.637+0000] {logging_mixin.py:151} INFO - [2024-11-28T23:27:21.637+0000] {dag.py:2915} INFO - Sync 1 DAGs
[2024-11-28T23:27:21.662+0000] {logging_mixin.py:151} INFO - [2024-11-28T23:27:21.662+0000] {dag.py:3696} INFO - Setting next_dagrun for my_dag_name to 2021-01-01T00:00:00+00:00, run_after=2021-01-01T00:00:00+00:00
[2024-11-28T23:27:21.676+0000] {processor.py:179} INFO - Processing /opt/airflow/dags/dag.py took 0.093 seconds
[2024-11-28T23:27:52.003+0000] {processor.py:157} INFO - Started process (PID=89) to work on /opt/airflow/dags/dag.py
[2024-11-28T23:27:52.004+0000] {processor.py:829} INFO - Processing file /opt/airflow/dags/dag.py for tasks to queue
[2024-11-28T23:27:52.005+0000] {logging_mixin.py:151} INFO - [2024-11-28T23:27:52.004+0000] {dagbag.py:539} INFO - Filling up the DagBag from /opt/airflow/dags/dag.py
[2024-11-28T23:27:52.011+0000] {processor.py:839} INFO - DAG(s) dict_keys(['my_dag_name']) retrieved from /opt/airflow/dags/dag.py
[2024-11-28T23:27:52.032+0000] {logging_mixin.py:151} INFO - [2024-11-28T23:27:52.032+0000] {dag.py:2915} INFO - Sync 1 DAGs
[2024-11-28T23:27:52.048+0000] {logging_mixin.py:151} INFO - [2024-11-28T23:27:52.048+0000] {dag.py:3696} INFO - Setting next_dagrun for my_dag_name to 2021-01-01T00:00:00+00:00, run_after=2021-01-01T00:00:00+00:00
[2024-11-28T23:27:52.064+0000] {processor.py:179} INFO - Processing /opt/airflow/dags/dag.py took 0.064 seconds
[2024-11-28T23:28:22.253+0000] {processor.py:157} INFO - Started process (PID=102) to work on /opt/airflow/dags/dag.py
[2024-11-28T23:28:22.253+0000] {processor.py:829} INFO - Processing file /opt/airflow/dags/dag.py for tasks to queue
[2024-11-28T23:28:22.254+0000] {logging_mixin.py:151} INFO - [2024-11-28T23:28:22.254+0000] {dagbag.py:539} INFO - Filling up the DagBag from /opt/airflow/dags/dag.py
[2024-11-28T23:28:22.260+0000] {processor.py:839} INFO - DAG(s) dict_keys(['my_dag_name']) retrieved from /opt/airflow/dags/dag.py
[2024-11-28T23:28:22.285+0000] {logging_mixin.py:151} INFO - [2024-11-28T23:28:22.284+0000] {dag.py:2915} INFO - Sync 1 DAGs
[2024-11-28T23:28:22.305+0000] {logging_mixin.py:151} INFO - [2024-11-28T23:28:22.305+0000] {dag.py:3696} INFO - Setting next_dagrun for my_dag_name to 2021-01-01T00:00:00+00:00, run_after=2021-01-01T00:00:00+00:00
[2024-11-28T23:28:22.318+0000] {processor.py:179} INFO - Processing /opt/airflow/dags/dag.py took 0.068 seconds
[2024-11-28T23:28:52.608+0000] {processor.py:157} INFO - Started process (PID=109) to work on /opt/airflow/dags/dag.py
[2024-11-28T23:28:52.609+0000] {processor.py:829} INFO - Processing file /opt/airflow/dags/dag.py for tasks to queue
[2024-11-28T23:28:52.609+0000] {logging_mixin.py:151} INFO - [2024-11-28T23:28:52.609+0000] {dagbag.py:539} INFO - Filling up the DagBag from /opt/airflow/dags/dag.py
[2024-11-28T23:28:52.617+0000] {processor.py:839} INFO - DAG(s) dict_keys(['my_dag_name']) retrieved from /opt/airflow/dags/dag.py
[2024-11-28T23:28:52.643+0000] {logging_mixin.py:151} INFO - [2024-11-28T23:28:52.642+0000] {dag.py:2915} INFO - Sync 1 DAGs
[2024-11-28T23:28:52.664+0000] {logging_mixin.py:151} INFO - [2024-11-28T23:28:52.664+0000] {dag.py:3696} INFO - Setting next_dagrun for my_dag_name to 2021-01-01T00:00:00+00:00, run_after=2021-01-01T00:00:00+00:00
[2024-11-28T23:28:52.676+0000] {processor.py:179} INFO - Processing /opt/airflow/dags/dag.py took 0.070 seconds
[2024-11-28T23:29:23.043+0000] {processor.py:157} INFO - Started process (PID=114) to work on /opt/airflow/dags/dag.py
[2024-11-28T23:29:23.043+0000] {processor.py:829} INFO - Processing file /opt/airflow/dags/dag.py for tasks to queue
[2024-11-28T23:29:23.044+0000] {logging_mixin.py:151} INFO - [2024-11-28T23:29:23.044+0000] {dagbag.py:539} INFO - Filling up the DagBag from /opt/airflow/dags/dag.py
[2024-11-28T23:29:23.051+0000] {processor.py:839} INFO - DAG(s) dict_keys(['my_dag_name']) retrieved from /opt/airflow/dags/dag.py
[2024-11-28T23:29:23.073+0000] {logging_mixin.py:151} INFO - [2024-11-28T23:29:23.072+0000] {dag.py:2915} INFO - Sync 1 DAGs
[2024-11-28T23:29:23.089+0000] {logging_mixin.py:151} INFO - [2024-11-28T23:29:23.089+0000] {dag.py:3696} INFO - Setting next_dagrun for my_dag_name to 2021-01-01T00:00:00+00:00, run_after=2021-01-01T00:00:00+00:00
[2024-11-28T23:29:23.102+0000] {processor.py:179} INFO - Processing /opt/airflow/dags/dag.py took 0.062 seconds
[2024-11-28T23:29:53.808+0000] {processor.py:157} INFO - Started process (PID=123) to work on /opt/airflow/dags/dag.py
[2024-11-28T23:29:53.813+0000] {processor.py:829} INFO - Processing file /opt/airflow/dags/dag.py for tasks to queue
[2024-11-28T23:29:53.814+0000] {logging_mixin.py:151} INFO - [2024-11-28T23:29:53.813+0000] {dagbag.py:539} INFO - Filling up the DagBag from /opt/airflow/dags/dag.py
[2024-11-28T23:29:53.832+0000] {processor.py:839} INFO - DAG(s) dict_keys(['my_dag_name']) retrieved from /opt/airflow/dags/dag.py
[2024-11-28T23:29:53.905+0000] {logging_mixin.py:151} INFO - [2024-11-28T23:29:53.905+0000] {dag.py:2915} INFO - Sync 1 DAGs
[2024-11-28T23:29:53.936+0000] {logging_mixin.py:151} INFO - [2024-11-28T23:29:53.936+0000] {dag.py:3696} INFO - Setting next_dagrun for my_dag_name to 2021-01-01T00:00:00+00:00, run_after=2021-01-01T00:00:00+00:00
[2024-11-28T23:29:53.954+0000] {processor.py:179} INFO - Processing /opt/airflow/dags/dag.py took 0.150 seconds
[2024-11-28T23:30:24.085+0000] {processor.py:157} INFO - Started process (PID=128) to work on /opt/airflow/dags/dag.py
[2024-11-28T23:30:24.085+0000] {processor.py:829} INFO - Processing file /opt/airflow/dags/dag.py for tasks to queue
[2024-11-28T23:30:24.086+0000] {logging_mixin.py:151} INFO - [2024-11-28T23:30:24.086+0000] {dagbag.py:539} INFO - Filling up the DagBag from /opt/airflow/dags/dag.py
[2024-11-28T23:30:24.095+0000] {processor.py:839} INFO - DAG(s) dict_keys(['my_dag_name']) retrieved from /opt/airflow/dags/dag.py
[2024-11-28T23:30:24.128+0000] {logging_mixin.py:151} INFO - [2024-11-28T23:30:24.128+0000] {dag.py:2915} INFO - Sync 1 DAGs
[2024-11-28T23:30:24.158+0000] {logging_mixin.py:151} INFO - [2024-11-28T23:30:24.158+0000] {dag.py:3696} INFO - Setting next_dagrun for my_dag_name to 2021-01-01T00:00:00+00:00, run_after=2021-01-01T00:00:00+00:00
[2024-11-28T23:30:24.172+0000] {processor.py:179} INFO - Processing /opt/airflow/dags/dag.py took 0.092 seconds
[2024-11-28T23:30:54.303+0000] {processor.py:157} INFO - Started process (PID=133) to work on /opt/airflow/dags/dag.py
[2024-11-28T23:30:54.304+0000] {processor.py:829} INFO - Processing file /opt/airflow/dags/dag.py for tasks to queue
[2024-11-28T23:30:54.304+0000] {logging_mixin.py:151} INFO - [2024-11-28T23:30:54.304+0000] {dagbag.py:539} INFO - Filling up the DagBag from /opt/airflow/dags/dag.py
[2024-11-28T23:30:54.310+0000] {processor.py:839} INFO - DAG(s) dict_keys(['my_dag_name']) retrieved from /opt/airflow/dags/dag.py
[2024-11-28T23:30:54.332+0000] {logging_mixin.py:151} INFO - [2024-11-28T23:30:54.331+0000] {dag.py:2915} INFO - Sync 1 DAGs
[2024-11-28T23:30:54.348+0000] {logging_mixin.py:151} INFO - [2024-11-28T23:30:54.347+0000] {dag.py:3696} INFO - Setting next_dagrun for my_dag_name to 2021-01-01T00:00:00+00:00, run_after=2021-01-01T00:00:00+00:00
[2024-11-28T23:30:54.360+0000] {processor.py:179} INFO - Processing /opt/airflow/dags/dag.py took 0.061 seconds
[2024-11-28T23:31:24.725+0000] {processor.py:157} INFO - Started process (PID=138) to work on /opt/airflow/dags/dag.py
[2024-11-28T23:31:24.726+0000] {processor.py:829} INFO - Processing file /opt/airflow/dags/dag.py for tasks to queue
[2024-11-28T23:31:24.727+0000] {logging_mixin.py:151} INFO - [2024-11-28T23:31:24.727+0000] {dagbag.py:539} INFO - Filling up the DagBag from /opt/airflow/dags/dag.py
[2024-11-28T23:31:24.735+0000] {processor.py:839} INFO - DAG(s) dict_keys(['my_dag_name']) retrieved from /opt/airflow/dags/dag.py
[2024-11-28T23:31:24.762+0000] {logging_mixin.py:151} INFO - [2024-11-28T23:31:24.762+0000] {dag.py:2915} INFO - Sync 1 DAGs
[2024-11-28T23:31:24.779+0000] {logging_mixin.py:151} INFO - [2024-11-28T23:31:24.779+0000] {dag.py:3696} INFO - Setting next_dagrun for my_dag_name to 2021-01-01T00:00:00+00:00, run_after=2021-01-01T00:00:00+00:00
[2024-11-28T23:31:24.791+0000] {processor.py:179} INFO - Processing /opt/airflow/dags/dag.py took 0.068 seconds
[2024-11-28T23:31:55.231+0000] {processor.py:157} INFO - Started process (PID=143) to work on /opt/airflow/dags/dag.py
[2024-11-28T23:31:55.231+0000] {processor.py:829} INFO - Processing file /opt/airflow/dags/dag.py for tasks to queue
[2024-11-28T23:31:55.232+0000] {logging_mixin.py:151} INFO - [2024-11-28T23:31:55.232+0000] {dagbag.py:539} INFO - Filling up the DagBag from /opt/airflow/dags/dag.py
[2024-11-28T23:31:55.238+0000] {processor.py:839} INFO - DAG(s) dict_keys(['my_dag_name']) retrieved from /opt/airflow/dags/dag.py
[2024-11-28T23:31:55.259+0000] {logging_mixin.py:151} INFO - [2024-11-28T23:31:55.259+0000] {dag.py:2915} INFO - Sync 1 DAGs
[2024-11-28T23:31:55.275+0000] {logging_mixin.py:151} INFO - [2024-11-28T23:31:55.275+0000] {dag.py:3696} INFO - Setting next_dagrun for my_dag_name to 2021-01-01T00:00:00+00:00, run_after=2021-01-01T00:00:00+00:00
[2024-11-28T23:31:55.290+0000] {processor.py:179} INFO - Processing /opt/airflow/dags/dag.py took 0.062 seconds
[2024-11-28T23:32:25.676+0000] {processor.py:157} INFO - Started process (PID=148) to work on /opt/airflow/dags/dag.py
[2024-11-28T23:32:25.677+0000] {processor.py:829} INFO - Processing file /opt/airflow/dags/dag.py for tasks to queue
[2024-11-28T23:32:25.678+0000] {logging_mixin.py:151} INFO - [2024-11-28T23:32:25.677+0000] {dagbag.py:539} INFO - Filling up the DagBag from /opt/airflow/dags/dag.py
[2024-11-28T23:32:25.687+0000] {processor.py:839} INFO - DAG(s) dict_keys(['my_dag_name']) retrieved from /opt/airflow/dags/dag.py
[2024-11-28T23:32:25.709+0000] {logging_mixin.py:151} INFO - [2024-11-28T23:32:25.709+0000] {dag.py:2915} INFO - Sync 1 DAGs
[2024-11-28T23:32:25.725+0000] {logging_mixin.py:151} INFO - [2024-11-28T23:32:25.725+0000] {dag.py:3696} INFO - Setting next_dagrun for my_dag_name to 2021-01-01T00:00:00+00:00, run_after=2021-01-01T00:00:00+00:00
[2024-11-28T23:32:25.737+0000] {processor.py:179} INFO - Processing /opt/airflow/dags/dag.py took 0.064 seconds
[2024-11-28T23:32:56.130+0000] {processor.py:157} INFO - Started process (PID=153) to work on /opt/airflow/dags/dag.py
[2024-11-28T23:32:56.131+0000] {processor.py:829} INFO - Processing file /opt/airflow/dags/dag.py for tasks to queue
[2024-11-28T23:32:56.131+0000] {logging_mixin.py:151} INFO - [2024-11-28T23:32:56.131+0000] {dagbag.py:539} INFO - Filling up the DagBag from /opt/airflow/dags/dag.py
[2024-11-28T23:32:56.138+0000] {processor.py:839} INFO - DAG(s) dict_keys(['my_dag_name']) retrieved from /opt/airflow/dags/dag.py
[2024-11-28T23:32:56.159+0000] {logging_mixin.py:151} INFO - [2024-11-28T23:32:56.159+0000] {dag.py:2915} INFO - Sync 1 DAGs
[2024-11-28T23:32:56.174+0000] {logging_mixin.py:151} INFO - [2024-11-28T23:32:56.174+0000] {dag.py:3696} INFO - Setting next_dagrun for my_dag_name to 2021-01-01T00:00:00+00:00, run_after=2021-01-01T00:00:00+00:00
[2024-11-28T23:32:56.186+0000] {processor.py:179} INFO - Processing /opt/airflow/dags/dag.py took 0.059 seconds
[2024-11-28T23:33:26.681+0000] {processor.py:157} INFO - Started process (PID=158) to work on /opt/airflow/dags/dag.py
[2024-11-28T23:33:26.681+0000] {processor.py:829} INFO - Processing file /opt/airflow/dags/dag.py for tasks to queue
[2024-11-28T23:33:26.682+0000] {logging_mixin.py:151} INFO - [2024-11-28T23:33:26.682+0000] {dagbag.py:539} INFO - Filling up the DagBag from /opt/airflow/dags/dag.py
[2024-11-28T23:33:26.688+0000] {processor.py:839} INFO - DAG(s) dict_keys(['my_dag_name']) retrieved from /opt/airflow/dags/dag.py
[2024-11-28T23:33:26.709+0000] {logging_mixin.py:151} INFO - [2024-11-28T23:33:26.709+0000] {dag.py:2915} INFO - Sync 1 DAGs
[2024-11-28T23:33:26.725+0000] {logging_mixin.py:151} INFO - [2024-11-28T23:33:26.725+0000] {dag.py:3696} INFO - Setting next_dagrun for my_dag_name to 2021-01-01T00:00:00+00:00, run_after=2021-01-01T00:00:00+00:00
[2024-11-28T23:33:26.737+0000] {processor.py:179} INFO - Processing /opt/airflow/dags/dag.py took 0.059 seconds
[2024-11-28T23:33:57.195+0000] {processor.py:157} INFO - Started process (PID=163) to work on /opt/airflow/dags/dag.py
[2024-11-28T23:33:57.196+0000] {processor.py:829} INFO - Processing file /opt/airflow/dags/dag.py for tasks to queue
[2024-11-28T23:33:57.197+0000] {logging_mixin.py:151} INFO - [2024-11-28T23:33:57.197+0000] {dagbag.py:539} INFO - Filling up the DagBag from /opt/airflow/dags/dag.py
[2024-11-28T23:33:57.203+0000] {processor.py:839} INFO - DAG(s) dict_keys(['my_dag_name']) retrieved from /opt/airflow/dags/dag.py
[2024-11-28T23:33:57.224+0000] {logging_mixin.py:151} INFO - [2024-11-28T23:33:57.224+0000] {dag.py:2915} INFO - Sync 1 DAGs
[2024-11-28T23:33:57.240+0000] {logging_mixin.py:151} INFO - [2024-11-28T23:33:57.240+0000] {dag.py:3696} INFO - Setting next_dagrun for my_dag_name to 2021-01-01T00:00:00+00:00, run_after=2021-01-01T00:00:00+00:00
[2024-11-28T23:33:57.252+0000] {processor.py:179} INFO - Processing /opt/airflow/dags/dag.py took 0.060 seconds
[2024-11-28T23:34:27.674+0000] {processor.py:157} INFO - Started process (PID=168) to work on /opt/airflow/dags/dag.py
[2024-11-28T23:34:27.674+0000] {processor.py:829} INFO - Processing file /opt/airflow/dags/dag.py for tasks to queue
[2024-11-28T23:34:27.675+0000] {logging_mixin.py:151} INFO - [2024-11-28T23:34:27.675+0000] {dagbag.py:539} INFO - Filling up the DagBag from /opt/airflow/dags/dag.py
[2024-11-28T23:34:27.682+0000] {processor.py:839} INFO - DAG(s) dict_keys(['my_dag_name']) retrieved from /opt/airflow/dags/dag.py
[2024-11-28T23:34:27.703+0000] {logging_mixin.py:151} INFO - [2024-11-28T23:34:27.703+0000] {dag.py:2915} INFO - Sync 1 DAGs
[2024-11-28T23:34:27.719+0000] {logging_mixin.py:151} INFO - [2024-11-28T23:34:27.719+0000] {dag.py:3696} INFO - Setting next_dagrun for my_dag_name to 2021-01-01T00:00:00+00:00, run_after=2021-01-01T00:00:00+00:00
[2024-11-28T23:34:27.732+0000] {processor.py:179} INFO - Processing /opt/airflow/dags/dag.py took 0.060 seconds
[2024-11-28T23:34:58.109+0000] {processor.py:157} INFO - Started process (PID=173) to work on /opt/airflow/dags/dag.py
[2024-11-28T23:34:58.110+0000] {processor.py:829} INFO - Processing file /opt/airflow/dags/dag.py for tasks to queue
[2024-11-28T23:34:58.110+0000] {logging_mixin.py:151} INFO - [2024-11-28T23:34:58.110+0000] {dagbag.py:539} INFO - Filling up the DagBag from /opt/airflow/dags/dag.py
[2024-11-28T23:34:58.117+0000] {processor.py:839} INFO - DAG(s) dict_keys(['my_dag_name']) retrieved from /opt/airflow/dags/dag.py
[2024-11-28T23:34:58.143+0000] {logging_mixin.py:151} INFO - [2024-11-28T23:34:58.143+0000] {dag.py:2915} INFO - Sync 1 DAGs
[2024-11-28T23:34:58.159+0000] {logging_mixin.py:151} INFO - [2024-11-28T23:34:58.159+0000] {dag.py:3696} INFO - Setting next_dagrun for my_dag_name to 2021-01-01T00:00:00+00:00, run_after=2021-01-01T00:00:00+00:00
[2024-11-28T23:34:58.171+0000] {processor.py:179} INFO - Processing /opt/airflow/dags/dag.py took 0.065 seconds
[2024-11-28T23:35:28.543+0000] {processor.py:157} INFO - Started process (PID=178) to work on /opt/airflow/dags/dag.py
[2024-11-28T23:35:28.544+0000] {processor.py:829} INFO - Processing file /opt/airflow/dags/dag.py for tasks to queue
[2024-11-28T23:35:28.545+0000] {logging_mixin.py:151} INFO - [2024-11-28T23:35:28.545+0000] {dagbag.py:539} INFO - Filling up the DagBag from /opt/airflow/dags/dag.py
[2024-11-28T23:35:28.553+0000] {processor.py:839} INFO - DAG(s) dict_keys(['my_dag_name']) retrieved from /opt/airflow/dags/dag.py
[2024-11-28T23:35:28.575+0000] {logging_mixin.py:151} INFO - [2024-11-28T23:35:28.575+0000] {dag.py:2915} INFO - Sync 1 DAGs
[2024-11-28T23:35:28.591+0000] {logging_mixin.py:151} INFO - [2024-11-28T23:35:28.591+0000] {dag.py:3696} INFO - Setting next_dagrun for my_dag_name to 2021-01-01T00:00:00+00:00, run_after=2021-01-01T00:00:00+00:00
[2024-11-28T23:35:28.603+0000] {processor.py:179} INFO - Processing /opt/airflow/dags/dag.py took 0.063 seconds
[2024-11-28T23:35:58.962+0000] {processor.py:157} INFO - Started process (PID=183) to work on /opt/airflow/dags/dag.py
[2024-11-28T23:35:58.963+0000] {processor.py:829} INFO - Processing file /opt/airflow/dags/dag.py for tasks to queue
[2024-11-28T23:35:58.964+0000] {logging_mixin.py:151} INFO - [2024-11-28T23:35:58.963+0000] {dagbag.py:539} INFO - Filling up the DagBag from /opt/airflow/dags/dag.py
[2024-11-28T23:35:58.970+0000] {processor.py:839} INFO - DAG(s) dict_keys(['my_dag_name']) retrieved from /opt/airflow/dags/dag.py
[2024-11-28T23:35:58.991+0000] {logging_mixin.py:151} INFO - [2024-11-28T23:35:58.991+0000] {dag.py:2915} INFO - Sync 1 DAGs
[2024-11-28T23:35:59.007+0000] {logging_mixin.py:151} INFO - [2024-11-28T23:35:59.007+0000] {dag.py:3696} INFO - Setting next_dagrun for my_dag_name to 2021-01-01T00:00:00+00:00, run_after=2021-01-01T00:00:00+00:00
[2024-11-28T23:35:59.019+0000] {processor.py:179} INFO - Processing /opt/airflow/dags/dag.py took 0.059 seconds
[2024-11-28T23:36:29.383+0000] {processor.py:157} INFO - Started process (PID=188) to work on /opt/airflow/dags/dag.py
[2024-11-28T23:36:29.384+0000] {processor.py:829} INFO - Processing file /opt/airflow/dags/dag.py for tasks to queue
[2024-11-28T23:36:29.385+0000] {logging_mixin.py:151} INFO - [2024-11-28T23:36:29.384+0000] {dagbag.py:539} INFO - Filling up the DagBag from /opt/airflow/dags/dag.py
[2024-11-28T23:36:29.390+0000] {processor.py:839} INFO - DAG(s) dict_keys(['my_dag_name']) retrieved from /opt/airflow/dags/dag.py
[2024-11-28T23:36:29.412+0000] {logging_mixin.py:151} INFO - [2024-11-28T23:36:29.411+0000] {dag.py:2915} INFO - Sync 1 DAGs
[2024-11-28T23:36:29.428+0000] {logging_mixin.py:151} INFO - [2024-11-28T23:36:29.428+0000] {dag.py:3696} INFO - Setting next_dagrun for my_dag_name to 2021-01-01T00:00:00+00:00, run_after=2021-01-01T00:00:00+00:00
[2024-11-28T23:36:29.441+0000] {processor.py:179} INFO - Processing /opt/airflow/dags/dag.py took 0.061 seconds
[2024-11-28T23:36:59.846+0000] {processor.py:157} INFO - Started process (PID=193) to work on /opt/airflow/dags/dag.py
[2024-11-28T23:36:59.847+0000] {processor.py:829} INFO - Processing file /opt/airflow/dags/dag.py for tasks to queue
[2024-11-28T23:36:59.847+0000] {logging_mixin.py:151} INFO - [2024-11-28T23:36:59.847+0000] {dagbag.py:539} INFO - Filling up the DagBag from /opt/airflow/dags/dag.py
[2024-11-28T23:36:59.857+0000] {processor.py:839} INFO - DAG(s) dict_keys(['my_dag_name']) retrieved from /opt/airflow/dags/dag.py
[2024-11-28T23:36:59.881+0000] {logging_mixin.py:151} INFO - [2024-11-28T23:36:59.881+0000] {dag.py:2915} INFO - Sync 1 DAGs
[2024-11-28T23:36:59.897+0000] {logging_mixin.py:151} INFO - [2024-11-28T23:36:59.897+0000] {dag.py:3696} INFO - Setting next_dagrun for my_dag_name to 2021-01-01T00:00:00+00:00, run_after=2021-01-01T00:00:00+00:00
[2024-11-28T23:36:59.910+0000] {processor.py:179} INFO - Processing /opt/airflow/dags/dag.py took 0.066 seconds
[2024-11-28T23:37:30.265+0000] {processor.py:157} INFO - Started process (PID=198) to work on /opt/airflow/dags/dag.py
[2024-11-28T23:37:30.266+0000] {processor.py:829} INFO - Processing file /opt/airflow/dags/dag.py for tasks to queue
[2024-11-28T23:37:30.267+0000] {logging_mixin.py:151} INFO - [2024-11-28T23:37:30.267+0000] {dagbag.py:539} INFO - Filling up the DagBag from /opt/airflow/dags/dag.py
[2024-11-28T23:37:30.274+0000] {processor.py:839} INFO - DAG(s) dict_keys(['my_dag_name']) retrieved from /opt/airflow/dags/dag.py
[2024-11-28T23:37:30.294+0000] {logging_mixin.py:151} INFO - [2024-11-28T23:37:30.294+0000] {dag.py:2915} INFO - Sync 1 DAGs
[2024-11-28T23:37:30.311+0000] {logging_mixin.py:151} INFO - [2024-11-28T23:37:30.311+0000] {dag.py:3696} INFO - Setting next_dagrun for my_dag_name to 2021-01-01T00:00:00+00:00, run_after=2021-01-01T00:00:00+00:00
[2024-11-28T23:37:30.323+0000] {processor.py:179} INFO - Processing /opt/airflow/dags/dag.py took 0.060 seconds
[2024-11-28T23:38:00.689+0000] {processor.py:157} INFO - Started process (PID=203) to work on /opt/airflow/dags/dag.py
[2024-11-28T23:38:00.690+0000] {processor.py:829} INFO - Processing file /opt/airflow/dags/dag.py for tasks to queue
[2024-11-28T23:38:00.690+0000] {logging_mixin.py:151} INFO - [2024-11-28T23:38:00.690+0000] {dagbag.py:539} INFO - Filling up the DagBag from /opt/airflow/dags/dag.py
[2024-11-28T23:38:00.698+0000] {processor.py:839} INFO - DAG(s) dict_keys(['my_dag_name']) retrieved from /opt/airflow/dags/dag.py
[2024-11-28T23:38:00.721+0000] {logging_mixin.py:151} INFO - [2024-11-28T23:38:00.721+0000] {dag.py:2915} INFO - Sync 1 DAGs
[2024-11-28T23:38:00.737+0000] {logging_mixin.py:151} INFO - [2024-11-28T23:38:00.737+0000] {dag.py:3696} INFO - Setting next_dagrun for my_dag_name to 2021-01-01T00:00:00+00:00, run_after=2021-01-01T00:00:00+00:00
[2024-11-28T23:38:00.749+0000] {processor.py:179} INFO - Processing /opt/airflow/dags/dag.py took 0.062 seconds
[2024-11-28T23:38:31.142+0000] {processor.py:157} INFO - Started process (PID=208) to work on /opt/airflow/dags/dag.py
[2024-11-28T23:38:31.143+0000] {processor.py:829} INFO - Processing file /opt/airflow/dags/dag.py for tasks to queue
[2024-11-28T23:38:31.143+0000] {logging_mixin.py:151} INFO - [2024-11-28T23:38:31.143+0000] {dagbag.py:539} INFO - Filling up the DagBag from /opt/airflow/dags/dag.py
[2024-11-28T23:38:31.150+0000] {processor.py:839} INFO - DAG(s) dict_keys(['my_dag_name']) retrieved from /opt/airflow/dags/dag.py
[2024-11-28T23:38:31.171+0000] {logging_mixin.py:151} INFO - [2024-11-28T23:38:31.171+0000] {dag.py:2915} INFO - Sync 1 DAGs
[2024-11-28T23:38:31.187+0000] {logging_mixin.py:151} INFO - [2024-11-28T23:38:31.187+0000] {dag.py:3696} INFO - Setting next_dagrun for my_dag_name to 2021-01-01T00:00:00+00:00, run_after=2021-01-01T00:00:00+00:00
[2024-11-28T23:38:31.199+0000] {processor.py:179} INFO - Processing /opt/airflow/dags/dag.py took 0.060 seconds
[2024-11-28T23:39:01.590+0000] {processor.py:157} INFO - Started process (PID=213) to work on /opt/airflow/dags/dag.py
[2024-11-28T23:39:01.591+0000] {processor.py:829} INFO - Processing file /opt/airflow/dags/dag.py for tasks to queue
[2024-11-28T23:39:01.592+0000] {logging_mixin.py:151} INFO - [2024-11-28T23:39:01.592+0000] {dagbag.py:539} INFO - Filling up the DagBag from /opt/airflow/dags/dag.py
[2024-11-28T23:39:01.599+0000] {processor.py:839} INFO - DAG(s) dict_keys(['my_dag_name']) retrieved from /opt/airflow/dags/dag.py
[2024-11-28T23:39:01.622+0000] {logging_mixin.py:151} INFO - [2024-11-28T23:39:01.621+0000] {dag.py:2915} INFO - Sync 1 DAGs
[2024-11-28T23:39:01.639+0000] {logging_mixin.py:151} INFO - [2024-11-28T23:39:01.638+0000] {dag.py:3696} INFO - Setting next_dagrun for my_dag_name to 2021-01-01T00:00:00+00:00, run_after=2021-01-01T00:00:00+00:00
[2024-11-28T23:39:01.651+0000] {processor.py:179} INFO - Processing /opt/airflow/dags/dag.py took 0.064 seconds
[2024-11-28T23:39:32.010+0000] {processor.py:157} INFO - Started process (PID=218) to work on /opt/airflow/dags/dag.py
[2024-11-28T23:39:32.010+0000] {processor.py:829} INFO - Processing file /opt/airflow/dags/dag.py for tasks to queue
[2024-11-28T23:39:32.011+0000] {logging_mixin.py:151} INFO - [2024-11-28T23:39:32.011+0000] {dagbag.py:539} INFO - Filling up the DagBag from /opt/airflow/dags/dag.py
[2024-11-28T23:39:32.017+0000] {processor.py:839} INFO - DAG(s) dict_keys(['my_dag_name']) retrieved from /opt/airflow/dags/dag.py
[2024-11-28T23:39:32.039+0000] {logging_mixin.py:151} INFO - [2024-11-28T23:39:32.038+0000] {dag.py:2915} INFO - Sync 1 DAGs
[2024-11-28T23:39:32.055+0000] {logging_mixin.py:151} INFO - [2024-11-28T23:39:32.054+0000] {dag.py:3696} INFO - Setting next_dagrun for my_dag_name to 2021-01-01T00:00:00+00:00, run_after=2021-01-01T00:00:00+00:00
[2024-11-28T23:39:32.068+0000] {processor.py:179} INFO - Processing /opt/airflow/dags/dag.py took 0.061 seconds
[2024-11-28T23:40:02.431+0000] {processor.py:157} INFO - Started process (PID=223) to work on /opt/airflow/dags/dag.py
[2024-11-28T23:40:02.432+0000] {processor.py:829} INFO - Processing file /opt/airflow/dags/dag.py for tasks to queue
[2024-11-28T23:40:02.433+0000] {logging_mixin.py:151} INFO - [2024-11-28T23:40:02.432+0000] {dagbag.py:539} INFO - Filling up the DagBag from /opt/airflow/dags/dag.py
[2024-11-28T23:40:02.439+0000] {processor.py:839} INFO - DAG(s) dict_keys(['my_dag_name']) retrieved from /opt/airflow/dags/dag.py
[2024-11-28T23:40:02.459+0000] {logging_mixin.py:151} INFO - [2024-11-28T23:40:02.459+0000] {dag.py:2915} INFO - Sync 1 DAGs
[2024-11-28T23:40:02.476+0000] {logging_mixin.py:151} INFO - [2024-11-28T23:40:02.476+0000] {dag.py:3696} INFO - Setting next_dagrun for my_dag_name to 2021-01-01T00:00:00+00:00, run_after=2021-01-01T00:00:00+00:00
[2024-11-28T23:40:02.488+0000] {processor.py:179} INFO - Processing /opt/airflow/dags/dag.py took 0.060 seconds
[2024-11-28T23:40:32.861+0000] {processor.py:157} INFO - Started process (PID=228) to work on /opt/airflow/dags/dag.py
[2024-11-28T23:40:32.861+0000] {processor.py:829} INFO - Processing file /opt/airflow/dags/dag.py for tasks to queue
[2024-11-28T23:40:32.862+0000] {logging_mixin.py:151} INFO - [2024-11-28T23:40:32.862+0000] {dagbag.py:539} INFO - Filling up the DagBag from /opt/airflow/dags/dag.py
[2024-11-28T23:40:32.869+0000] {processor.py:839} INFO - DAG(s) dict_keys(['my_dag_name']) retrieved from /opt/airflow/dags/dag.py
[2024-11-28T23:40:32.890+0000] {logging_mixin.py:151} INFO - [2024-11-28T23:40:32.890+0000] {dag.py:2915} INFO - Sync 1 DAGs
[2024-11-28T23:40:32.908+0000] {logging_mixin.py:151} INFO - [2024-11-28T23:40:32.907+0000] {dag.py:3696} INFO - Setting next_dagrun for my_dag_name to 2021-01-01T00:00:00+00:00, run_after=2021-01-01T00:00:00+00:00
[2024-11-28T23:40:32.922+0000] {processor.py:179} INFO - Processing /opt/airflow/dags/dag.py took 0.064 seconds
[2024-11-28T23:41:03.341+0000] {processor.py:157} INFO - Started process (PID=233) to work on /opt/airflow/dags/dag.py
[2024-11-28T23:41:03.342+0000] {processor.py:829} INFO - Processing file /opt/airflow/dags/dag.py for tasks to queue
[2024-11-28T23:41:03.342+0000] {logging_mixin.py:151} INFO - [2024-11-28T23:41:03.342+0000] {dagbag.py:539} INFO - Filling up the DagBag from /opt/airflow/dags/dag.py
[2024-11-28T23:41:03.349+0000] {processor.py:839} INFO - DAG(s) dict_keys(['my_dag_name']) retrieved from /opt/airflow/dags/dag.py
[2024-11-28T23:41:03.370+0000] {logging_mixin.py:151} INFO - [2024-11-28T23:41:03.370+0000] {dag.py:2915} INFO - Sync 1 DAGs
[2024-11-28T23:41:03.386+0000] {logging_mixin.py:151} INFO - [2024-11-28T23:41:03.386+0000] {dag.py:3696} INFO - Setting next_dagrun for my_dag_name to 2021-01-01T00:00:00+00:00, run_after=2021-01-01T00:00:00+00:00
[2024-11-28T23:41:03.398+0000] {processor.py:179} INFO - Processing /opt/airflow/dags/dag.py took 0.060 seconds
[2024-11-28T23:41:33.756+0000] {processor.py:157} INFO - Started process (PID=238) to work on /opt/airflow/dags/dag.py
[2024-11-28T23:41:33.757+0000] {processor.py:829} INFO - Processing file /opt/airflow/dags/dag.py for tasks to queue
[2024-11-28T23:41:33.758+0000] {logging_mixin.py:151} INFO - [2024-11-28T23:41:33.757+0000] {dagbag.py:539} INFO - Filling up the DagBag from /opt/airflow/dags/dag.py
[2024-11-28T23:41:33.764+0000] {processor.py:839} INFO - DAG(s) dict_keys(['my_dag_name']) retrieved from /opt/airflow/dags/dag.py
[2024-11-28T23:41:33.785+0000] {logging_mixin.py:151} INFO - [2024-11-28T23:41:33.785+0000] {dag.py:2915} INFO - Sync 1 DAGs
[2024-11-28T23:41:33.801+0000] {logging_mixin.py:151} INFO - [2024-11-28T23:41:33.801+0000] {dag.py:3696} INFO - Setting next_dagrun for my_dag_name to 2021-01-01T00:00:00+00:00, run_after=2021-01-01T00:00:00+00:00
[2024-11-28T23:41:33.813+0000] {processor.py:179} INFO - Processing /opt/airflow/dags/dag.py took 0.059 seconds
[2024-11-28T23:42:04.181+0000] {processor.py:157} INFO - Started process (PID=243) to work on /opt/airflow/dags/dag.py
[2024-11-28T23:42:04.182+0000] {processor.py:829} INFO - Processing file /opt/airflow/dags/dag.py for tasks to queue
[2024-11-28T23:42:04.182+0000] {logging_mixin.py:151} INFO - [2024-11-28T23:42:04.182+0000] {dagbag.py:539} INFO - Filling up the DagBag from /opt/airflow/dags/dag.py
[2024-11-28T23:42:04.189+0000] {processor.py:839} INFO - DAG(s) dict_keys(['my_dag_name']) retrieved from /opt/airflow/dags/dag.py
[2024-11-28T23:42:04.210+0000] {logging_mixin.py:151} INFO - [2024-11-28T23:42:04.210+0000] {dag.py:2915} INFO - Sync 1 DAGs
[2024-11-28T23:42:04.226+0000] {logging_mixin.py:151} INFO - [2024-11-28T23:42:04.225+0000] {dag.py:3696} INFO - Setting next_dagrun for my_dag_name to 2021-01-01T00:00:00+00:00, run_after=2021-01-01T00:00:00+00:00
[2024-11-28T23:42:04.238+0000] {processor.py:179} INFO - Processing /opt/airflow/dags/dag.py took 0.060 seconds
[2024-11-28T23:42:34.606+0000] {processor.py:157} INFO - Started process (PID=248) to work on /opt/airflow/dags/dag.py
[2024-11-28T23:42:34.607+0000] {processor.py:829} INFO - Processing file /opt/airflow/dags/dag.py for tasks to queue
[2024-11-28T23:42:34.607+0000] {logging_mixin.py:151} INFO - [2024-11-28T23:42:34.607+0000] {dagbag.py:539} INFO - Filling up the DagBag from /opt/airflow/dags/dag.py
[2024-11-28T23:42:34.613+0000] {processor.py:839} INFO - DAG(s) dict_keys(['my_dag_name']) retrieved from /opt/airflow/dags/dag.py
[2024-11-28T23:42:34.634+0000] {logging_mixin.py:151} INFO - [2024-11-28T23:42:34.634+0000] {dag.py:2915} INFO - Sync 1 DAGs
[2024-11-28T23:42:34.650+0000] {logging_mixin.py:151} INFO - [2024-11-28T23:42:34.650+0000] {dag.py:3696} INFO - Setting next_dagrun for my_dag_name to 2021-01-01T00:00:00+00:00, run_after=2021-01-01T00:00:00+00:00
[2024-11-28T23:42:34.662+0000] {processor.py:179} INFO - Processing /opt/airflow/dags/dag.py took 0.060 seconds
[2024-11-28T23:43:05.029+0000] {processor.py:157} INFO - Started process (PID=253) to work on /opt/airflow/dags/dag.py
[2024-11-28T23:43:05.029+0000] {processor.py:829} INFO - Processing file /opt/airflow/dags/dag.py for tasks to queue
[2024-11-28T23:43:05.030+0000] {logging_mixin.py:151} INFO - [2024-11-28T23:43:05.030+0000] {dagbag.py:539} INFO - Filling up the DagBag from /opt/airflow/dags/dag.py
[2024-11-28T23:43:05.036+0000] {processor.py:839} INFO - DAG(s) dict_keys(['my_dag_name']) retrieved from /opt/airflow/dags/dag.py
[2024-11-28T23:43:05.058+0000] {logging_mixin.py:151} INFO - [2024-11-28T23:43:05.058+0000] {dag.py:2915} INFO - Sync 1 DAGs
[2024-11-28T23:43:05.074+0000] {logging_mixin.py:151} INFO - [2024-11-28T23:43:05.074+0000] {dag.py:3696} INFO - Setting next_dagrun for my_dag_name to 2021-01-01T00:00:00+00:00, run_after=2021-01-01T00:00:00+00:00
[2024-11-28T23:43:05.086+0000] {processor.py:179} INFO - Processing /opt/airflow/dags/dag.py took 0.060 seconds
[2024-11-28T23:43:35.480+0000] {processor.py:157} INFO - Started process (PID=258) to work on /opt/airflow/dags/dag.py
[2024-11-28T23:43:35.481+0000] {processor.py:829} INFO - Processing file /opt/airflow/dags/dag.py for tasks to queue
[2024-11-28T23:43:35.482+0000] {logging_mixin.py:151} INFO - [2024-11-28T23:43:35.481+0000] {dagbag.py:539} INFO - Filling up the DagBag from /opt/airflow/dags/dag.py
[2024-11-28T23:43:35.488+0000] {processor.py:839} INFO - DAG(s) dict_keys(['my_dag_name']) retrieved from /opt/airflow/dags/dag.py
[2024-11-28T23:43:35.514+0000] {logging_mixin.py:151} INFO - [2024-11-28T23:43:35.514+0000] {dag.py:2915} INFO - Sync 1 DAGs
[2024-11-28T23:43:35.531+0000] {logging_mixin.py:151} INFO - [2024-11-28T23:43:35.531+0000] {dag.py:3696} INFO - Setting next_dagrun for my_dag_name to 2021-01-01T00:00:00+00:00, run_after=2021-01-01T00:00:00+00:00
[2024-11-28T23:43:35.543+0000] {processor.py:179} INFO - Processing /opt/airflow/dags/dag.py took 0.065 seconds
[2024-11-28T23:44:05.935+0000] {processor.py:157} INFO - Started process (PID=263) to work on /opt/airflow/dags/dag.py
[2024-11-28T23:44:05.935+0000] {processor.py:829} INFO - Processing file /opt/airflow/dags/dag.py for tasks to queue
[2024-11-28T23:44:05.936+0000] {logging_mixin.py:151} INFO - [2024-11-28T23:44:05.936+0000] {dagbag.py:539} INFO - Filling up the DagBag from /opt/airflow/dags/dag.py
[2024-11-28T23:44:05.942+0000] {processor.py:839} INFO - DAG(s) dict_keys(['my_dag_name']) retrieved from /opt/airflow/dags/dag.py
[2024-11-28T23:44:05.965+0000] {logging_mixin.py:151} INFO - [2024-11-28T23:44:05.965+0000] {dag.py:2915} INFO - Sync 1 DAGs
[2024-11-28T23:44:05.981+0000] {logging_mixin.py:151} INFO - [2024-11-28T23:44:05.981+0000] {dag.py:3696} INFO - Setting next_dagrun for my_dag_name to 2021-01-01T00:00:00+00:00, run_after=2021-01-01T00:00:00+00:00
[2024-11-28T23:44:05.993+0000] {processor.py:179} INFO - Processing /opt/airflow/dags/dag.py took 0.061 seconds
[2024-11-28T23:44:36.363+0000] {processor.py:157} INFO - Started process (PID=268) to work on /opt/airflow/dags/dag.py
[2024-11-28T23:44:36.363+0000] {processor.py:829} INFO - Processing file /opt/airflow/dags/dag.py for tasks to queue
[2024-11-28T23:44:36.364+0000] {logging_mixin.py:151} INFO - [2024-11-28T23:44:36.364+0000] {dagbag.py:539} INFO - Filling up the DagBag from /opt/airflow/dags/dag.py
[2024-11-28T23:44:36.371+0000] {processor.py:839} INFO - DAG(s) dict_keys(['my_dag_name']) retrieved from /opt/airflow/dags/dag.py
[2024-11-28T23:44:36.392+0000] {logging_mixin.py:151} INFO - [2024-11-28T23:44:36.392+0000] {dag.py:2915} INFO - Sync 1 DAGs
[2024-11-28T23:44:36.407+0000] {logging_mixin.py:151} INFO - [2024-11-28T23:44:36.407+0000] {dag.py:3696} INFO - Setting next_dagrun for my_dag_name to 2021-01-01T00:00:00+00:00, run_after=2021-01-01T00:00:00+00:00
[2024-11-28T23:44:36.419+0000] {processor.py:179} INFO - Processing /opt/airflow/dags/dag.py took 0.059 seconds
[2024-11-28T23:45:06.790+0000] {processor.py:157} INFO - Started process (PID=273) to work on /opt/airflow/dags/dag.py
[2024-11-28T23:45:06.791+0000] {processor.py:829} INFO - Processing file /opt/airflow/dags/dag.py for tasks to queue
[2024-11-28T23:45:06.791+0000] {logging_mixin.py:151} INFO - [2024-11-28T23:45:06.791+0000] {dagbag.py:539} INFO - Filling up the DagBag from /opt/airflow/dags/dag.py
[2024-11-28T23:45:06.798+0000] {processor.py:839} INFO - DAG(s) dict_keys(['my_dag_name']) retrieved from /opt/airflow/dags/dag.py
[2024-11-28T23:45:06.820+0000] {logging_mixin.py:151} INFO - [2024-11-28T23:45:06.819+0000] {dag.py:2915} INFO - Sync 1 DAGs
[2024-11-28T23:45:06.835+0000] {logging_mixin.py:151} INFO - [2024-11-28T23:45:06.835+0000] {dag.py:3696} INFO - Setting next_dagrun for my_dag_name to 2021-01-01T00:00:00+00:00, run_after=2021-01-01T00:00:00+00:00
[2024-11-28T23:45:06.848+0000] {processor.py:179} INFO - Processing /opt/airflow/dags/dag.py took 0.061 seconds
[2024-11-28T23:45:37.210+0000] {processor.py:157} INFO - Started process (PID=278) to work on /opt/airflow/dags/dag.py
[2024-11-28T23:45:37.211+0000] {processor.py:829} INFO - Processing file /opt/airflow/dags/dag.py for tasks to queue
[2024-11-28T23:45:37.211+0000] {logging_mixin.py:151} INFO - [2024-11-28T23:45:37.211+0000] {dagbag.py:539} INFO - Filling up the DagBag from /opt/airflow/dags/dag.py
[2024-11-28T23:45:37.218+0000] {processor.py:839} INFO - DAG(s) dict_keys(['my_dag_name']) retrieved from /opt/airflow/dags/dag.py
[2024-11-28T23:45:37.239+0000] {logging_mixin.py:151} INFO - [2024-11-28T23:45:37.239+0000] {dag.py:2915} INFO - Sync 1 DAGs
[2024-11-28T23:45:37.255+0000] {logging_mixin.py:151} INFO - [2024-11-28T23:45:37.255+0000] {dag.py:3696} INFO - Setting next_dagrun for my_dag_name to 2021-01-01T00:00:00+00:00, run_after=2021-01-01T00:00:00+00:00
[2024-11-28T23:45:37.267+0000] {processor.py:179} INFO - Processing /opt/airflow/dags/dag.py took 0.060 seconds
[2024-11-28T23:46:07.675+0000] {processor.py:157} INFO - Started process (PID=283) to work on /opt/airflow/dags/dag.py
[2024-11-28T23:46:07.676+0000] {processor.py:829} INFO - Processing file /opt/airflow/dags/dag.py for tasks to queue
[2024-11-28T23:46:07.677+0000] {logging_mixin.py:151} INFO - [2024-11-28T23:46:07.676+0000] {dagbag.py:539} INFO - Filling up the DagBag from /opt/airflow/dags/dag.py
[2024-11-28T23:46:07.684+0000] {processor.py:839} INFO - DAG(s) dict_keys(['my_dag_name']) retrieved from /opt/airflow/dags/dag.py
[2024-11-28T23:46:07.706+0000] {logging_mixin.py:151} INFO - [2024-11-28T23:46:07.706+0000] {dag.py:2915} INFO - Sync 1 DAGs
[2024-11-28T23:46:07.723+0000] {logging_mixin.py:151} INFO - [2024-11-28T23:46:07.723+0000] {dag.py:3696} INFO - Setting next_dagrun for my_dag_name to 2021-01-01T00:00:00+00:00, run_after=2021-01-01T00:00:00+00:00
[2024-11-28T23:46:07.735+0000] {processor.py:179} INFO - Processing /opt/airflow/dags/dag.py took 0.065 seconds
[2024-11-28T23:46:38.146+0000] {processor.py:157} INFO - Started process (PID=288) to work on /opt/airflow/dags/dag.py
[2024-11-28T23:46:38.146+0000] {processor.py:829} INFO - Processing file /opt/airflow/dags/dag.py for tasks to queue
[2024-11-28T23:46:38.147+0000] {logging_mixin.py:151} INFO - [2024-11-28T23:46:38.147+0000] {dagbag.py:539} INFO - Filling up the DagBag from /opt/airflow/dags/dag.py
[2024-11-28T23:46:38.153+0000] {processor.py:839} INFO - DAG(s) dict_keys(['my_dag_name']) retrieved from /opt/airflow/dags/dag.py
[2024-11-28T23:46:38.176+0000] {logging_mixin.py:151} INFO - [2024-11-28T23:46:38.176+0000] {dag.py:2915} INFO - Sync 1 DAGs
[2024-11-28T23:46:38.198+0000] {logging_mixin.py:151} INFO - [2024-11-28T23:46:38.198+0000] {dag.py:3696} INFO - Setting next_dagrun for my_dag_name to 2021-01-01T00:00:00+00:00, run_after=2021-01-01T00:00:00+00:00
[2024-11-28T23:46:38.210+0000] {processor.py:179} INFO - Processing /opt/airflow/dags/dag.py took 0.067 seconds
[2024-11-28T23:47:08.595+0000] {processor.py:157} INFO - Started process (PID=293) to work on /opt/airflow/dags/dag.py
[2024-11-28T23:47:08.596+0000] {processor.py:829} INFO - Processing file /opt/airflow/dags/dag.py for tasks to queue
[2024-11-28T23:47:08.596+0000] {logging_mixin.py:151} INFO - [2024-11-28T23:47:08.596+0000] {dagbag.py:539} INFO - Filling up the DagBag from /opt/airflow/dags/dag.py
[2024-11-28T23:47:08.603+0000] {processor.py:839} INFO - DAG(s) dict_keys(['my_dag_name']) retrieved from /opt/airflow/dags/dag.py
[2024-11-28T23:47:08.623+0000] {logging_mixin.py:151} INFO - [2024-11-28T23:47:08.623+0000] {dag.py:2915} INFO - Sync 1 DAGs
[2024-11-28T23:47:08.640+0000] {logging_mixin.py:151} INFO - [2024-11-28T23:47:08.640+0000] {dag.py:3696} INFO - Setting next_dagrun for my_dag_name to 2021-01-01T00:00:00+00:00, run_after=2021-01-01T00:00:00+00:00
[2024-11-28T23:47:08.652+0000] {processor.py:179} INFO - Processing /opt/airflow/dags/dag.py took 0.060 seconds
[2024-11-28T23:47:39.068+0000] {processor.py:157} INFO - Started process (PID=298) to work on /opt/airflow/dags/dag.py
[2024-11-28T23:47:39.069+0000] {processor.py:829} INFO - Processing file /opt/airflow/dags/dag.py for tasks to queue
[2024-11-28T23:47:39.070+0000] {logging_mixin.py:151} INFO - [2024-11-28T23:47:39.069+0000] {dagbag.py:539} INFO - Filling up the DagBag from /opt/airflow/dags/dag.py
[2024-11-28T23:47:39.076+0000] {processor.py:839} INFO - DAG(s) dict_keys(['my_dag_name']) retrieved from /opt/airflow/dags/dag.py
[2024-11-28T23:47:39.096+0000] {logging_mixin.py:151} INFO - [2024-11-28T23:47:39.096+0000] {dag.py:2915} INFO - Sync 1 DAGs
[2024-11-28T23:47:39.112+0000] {logging_mixin.py:151} INFO - [2024-11-28T23:47:39.112+0000] {dag.py:3696} INFO - Setting next_dagrun for my_dag_name to 2021-01-01T00:00:00+00:00, run_after=2021-01-01T00:00:00+00:00
[2024-11-28T23:47:39.125+0000] {processor.py:179} INFO - Processing /opt/airflow/dags/dag.py took 0.060 seconds
[2024-11-28T23:48:09.527+0000] {processor.py:157} INFO - Started process (PID=303) to work on /opt/airflow/dags/dag.py
[2024-11-28T23:48:09.528+0000] {processor.py:829} INFO - Processing file /opt/airflow/dags/dag.py for tasks to queue
[2024-11-28T23:48:09.529+0000] {logging_mixin.py:151} INFO - [2024-11-28T23:48:09.529+0000] {dagbag.py:539} INFO - Filling up the DagBag from /opt/airflow/dags/dag.py
[2024-11-28T23:48:09.535+0000] {processor.py:839} INFO - DAG(s) dict_keys(['my_dag_name']) retrieved from /opt/airflow/dags/dag.py
[2024-11-28T23:48:09.557+0000] {logging_mixin.py:151} INFO - [2024-11-28T23:48:09.556+0000] {dag.py:2915} INFO - Sync 1 DAGs
[2024-11-28T23:48:09.573+0000] {logging_mixin.py:151} INFO - [2024-11-28T23:48:09.573+0000] {dag.py:3696} INFO - Setting next_dagrun for my_dag_name to 2021-01-01T00:00:00+00:00, run_after=2021-01-01T00:00:00+00:00
[2024-11-28T23:48:09.585+0000] {processor.py:179} INFO - Processing /opt/airflow/dags/dag.py took 0.061 seconds
[2024-11-28T23:48:39.696+0000] {processor.py:157} INFO - Started process (PID=308) to work on /opt/airflow/dags/dag.py
[2024-11-28T23:48:39.697+0000] {processor.py:829} INFO - Processing file /opt/airflow/dags/dag.py for tasks to queue
[2024-11-28T23:48:39.697+0000] {logging_mixin.py:151} INFO - [2024-11-28T23:48:39.697+0000] {dagbag.py:539} INFO - Filling up the DagBag from /opt/airflow/dags/dag.py
[2024-11-28T23:48:39.704+0000] {processor.py:839} INFO - DAG(s) dict_keys(['my_dag_name']) retrieved from /opt/airflow/dags/dag.py
[2024-11-28T23:48:39.725+0000] {logging_mixin.py:151} INFO - [2024-11-28T23:48:39.724+0000] {dag.py:2915} INFO - Sync 1 DAGs
[2024-11-28T23:48:39.741+0000] {logging_mixin.py:151} INFO - [2024-11-28T23:48:39.740+0000] {dag.py:3696} INFO - Setting next_dagrun for my_dag_name to 2021-01-01T00:00:00+00:00, run_after=2021-01-01T00:00:00+00:00
[2024-11-28T23:48:39.753+0000] {processor.py:179} INFO - Processing /opt/airflow/dags/dag.py took 0.059 seconds
[2024-11-28T23:49:10.184+0000] {processor.py:157} INFO - Started process (PID=313) to work on /opt/airflow/dags/dag.py
[2024-11-28T23:49:10.185+0000] {processor.py:829} INFO - Processing file /opt/airflow/dags/dag.py for tasks to queue
[2024-11-28T23:49:10.185+0000] {logging_mixin.py:151} INFO - [2024-11-28T23:49:10.185+0000] {dagbag.py:539} INFO - Filling up the DagBag from /opt/airflow/dags/dag.py
[2024-11-28T23:49:10.192+0000] {processor.py:839} INFO - DAG(s) dict_keys(['my_dag_name']) retrieved from /opt/airflow/dags/dag.py
[2024-11-28T23:49:10.213+0000] {logging_mixin.py:151} INFO - [2024-11-28T23:49:10.213+0000] {dag.py:2915} INFO - Sync 1 DAGs
[2024-11-28T23:49:10.229+0000] {logging_mixin.py:151} INFO - [2024-11-28T23:49:10.229+0000] {dag.py:3696} INFO - Setting next_dagrun for my_dag_name to 2021-01-01T00:00:00+00:00, run_after=2021-01-01T00:00:00+00:00
[2024-11-28T23:49:10.241+0000] {processor.py:179} INFO - Processing /opt/airflow/dags/dag.py took 0.060 seconds
[2024-11-28T23:49:40.659+0000] {processor.py:157} INFO - Started process (PID=318) to work on /opt/airflow/dags/dag.py
[2024-11-28T23:49:40.660+0000] {processor.py:829} INFO - Processing file /opt/airflow/dags/dag.py for tasks to queue
[2024-11-28T23:49:40.661+0000] {logging_mixin.py:151} INFO - [2024-11-28T23:49:40.661+0000] {dagbag.py:539} INFO - Filling up the DagBag from /opt/airflow/dags/dag.py
[2024-11-28T23:49:40.667+0000] {processor.py:839} INFO - DAG(s) dict_keys(['my_dag_name']) retrieved from /opt/airflow/dags/dag.py
[2024-11-28T23:49:40.688+0000] {logging_mixin.py:151} INFO - [2024-11-28T23:49:40.688+0000] {dag.py:2915} INFO - Sync 1 DAGs
[2024-11-28T23:49:40.704+0000] {logging_mixin.py:151} INFO - [2024-11-28T23:49:40.704+0000] {dag.py:3696} INFO - Setting next_dagrun for my_dag_name to 2021-01-01T00:00:00+00:00, run_after=2021-01-01T00:00:00+00:00
[2024-11-28T23:49:40.716+0000] {processor.py:179} INFO - Processing /opt/airflow/dags/dag.py took 0.059 seconds
[2024-11-28T23:50:11.159+0000] {processor.py:157} INFO - Started process (PID=323) to work on /opt/airflow/dags/dag.py
[2024-11-28T23:50:11.160+0000] {processor.py:829} INFO - Processing file /opt/airflow/dags/dag.py for tasks to queue
[2024-11-28T23:50:11.161+0000] {logging_mixin.py:151} INFO - [2024-11-28T23:50:11.161+0000] {dagbag.py:539} INFO - Filling up the DagBag from /opt/airflow/dags/dag.py
[2024-11-28T23:50:11.171+0000] {processor.py:839} INFO - DAG(s) dict_keys(['my_dag_name']) retrieved from /opt/airflow/dags/dag.py
[2024-11-28T23:50:11.202+0000] {logging_mixin.py:151} INFO - [2024-11-28T23:50:11.201+0000] {dag.py:2915} INFO - Sync 1 DAGs
[2024-11-28T23:50:11.218+0000] {logging_mixin.py:151} INFO - [2024-11-28T23:50:11.218+0000] {dag.py:3696} INFO - Setting next_dagrun for my_dag_name to 2021-01-01T00:00:00+00:00, run_after=2021-01-01T00:00:00+00:00
[2024-11-28T23:50:11.230+0000] {processor.py:179} INFO - Processing /opt/airflow/dags/dag.py took 0.077 seconds
[2024-11-28T23:50:41.638+0000] {processor.py:157} INFO - Started process (PID=328) to work on /opt/airflow/dags/dag.py
[2024-11-28T23:50:41.638+0000] {processor.py:829} INFO - Processing file /opt/airflow/dags/dag.py for tasks to queue
[2024-11-28T23:50:41.639+0000] {logging_mixin.py:151} INFO - [2024-11-28T23:50:41.639+0000] {dagbag.py:539} INFO - Filling up the DagBag from /opt/airflow/dags/dag.py
[2024-11-28T23:50:41.646+0000] {processor.py:839} INFO - DAG(s) dict_keys(['my_dag_name']) retrieved from /opt/airflow/dags/dag.py
[2024-11-28T23:50:41.667+0000] {logging_mixin.py:151} INFO - [2024-11-28T23:50:41.667+0000] {dag.py:2915} INFO - Sync 1 DAGs
[2024-11-28T23:50:41.683+0000] {logging_mixin.py:151} INFO - [2024-11-28T23:50:41.683+0000] {dag.py:3696} INFO - Setting next_dagrun for my_dag_name to 2021-01-01T00:00:00+00:00, run_after=2021-01-01T00:00:00+00:00
[2024-11-28T23:50:41.695+0000] {processor.py:179} INFO - Processing /opt/airflow/dags/dag.py took 0.061 seconds
[2024-11-28T23:51:12.124+0000] {processor.py:157} INFO - Started process (PID=333) to work on /opt/airflow/dags/dag.py
[2024-11-28T23:51:12.125+0000] {processor.py:829} INFO - Processing file /opt/airflow/dags/dag.py for tasks to queue
[2024-11-28T23:51:12.125+0000] {logging_mixin.py:151} INFO - [2024-11-28T23:51:12.125+0000] {dagbag.py:539} INFO - Filling up the DagBag from /opt/airflow/dags/dag.py
[2024-11-28T23:51:12.132+0000] {processor.py:839} INFO - DAG(s) dict_keys(['my_dag_name']) retrieved from /opt/airflow/dags/dag.py
[2024-11-28T23:51:12.153+0000] {logging_mixin.py:151} INFO - [2024-11-28T23:51:12.153+0000] {dag.py:2915} INFO - Sync 1 DAGs
[2024-11-28T23:51:12.170+0000] {logging_mixin.py:151} INFO - [2024-11-28T23:51:12.170+0000] {dag.py:3696} INFO - Setting next_dagrun for my_dag_name to 2021-01-01T00:00:00+00:00, run_after=2021-01-01T00:00:00+00:00
[2024-11-28T23:51:12.182+0000] {processor.py:179} INFO - Processing /opt/airflow/dags/dag.py took 0.060 seconds
[2024-11-28T23:51:42.618+0000] {processor.py:157} INFO - Started process (PID=338) to work on /opt/airflow/dags/dag.py
[2024-11-28T23:51:42.619+0000] {processor.py:829} INFO - Processing file /opt/airflow/dags/dag.py for tasks to queue
[2024-11-28T23:51:42.619+0000] {logging_mixin.py:151} INFO - [2024-11-28T23:51:42.619+0000] {dagbag.py:539} INFO - Filling up the DagBag from /opt/airflow/dags/dag.py
[2024-11-28T23:51:42.626+0000] {processor.py:839} INFO - DAG(s) dict_keys(['my_dag_name']) retrieved from /opt/airflow/dags/dag.py
[2024-11-28T23:51:42.647+0000] {logging_mixin.py:151} INFO - [2024-11-28T23:51:42.647+0000] {dag.py:2915} INFO - Sync 1 DAGs
[2024-11-28T23:51:42.663+0000] {logging_mixin.py:151} INFO - [2024-11-28T23:51:42.663+0000] {dag.py:3696} INFO - Setting next_dagrun for my_dag_name to 2021-01-01T00:00:00+00:00, run_after=2021-01-01T00:00:00+00:00
[2024-11-28T23:51:42.675+0000] {processor.py:179} INFO - Processing /opt/airflow/dags/dag.py took 0.060 seconds
[2024-11-28T23:52:13.115+0000] {processor.py:157} INFO - Started process (PID=343) to work on /opt/airflow/dags/dag.py
[2024-11-28T23:52:13.116+0000] {processor.py:829} INFO - Processing file /opt/airflow/dags/dag.py for tasks to queue
[2024-11-28T23:52:13.116+0000] {logging_mixin.py:151} INFO - [2024-11-28T23:52:13.116+0000] {dagbag.py:539} INFO - Filling up the DagBag from /opt/airflow/dags/dag.py
[2024-11-28T23:52:13.123+0000] {processor.py:839} INFO - DAG(s) dict_keys(['my_dag_name']) retrieved from /opt/airflow/dags/dag.py
[2024-11-28T23:52:13.160+0000] {logging_mixin.py:151} INFO - [2024-11-28T23:52:13.160+0000] {dag.py:2915} INFO - Sync 1 DAGs
[2024-11-28T23:52:13.177+0000] {logging_mixin.py:151} INFO - [2024-11-28T23:52:13.176+0000] {dag.py:3696} INFO - Setting next_dagrun for my_dag_name to 2021-01-01T00:00:00+00:00, run_after=2021-01-01T00:00:00+00:00
[2024-11-28T23:52:13.189+0000] {processor.py:179} INFO - Processing /opt/airflow/dags/dag.py took 0.076 seconds
[2024-11-28T23:52:43.639+0000] {processor.py:157} INFO - Started process (PID=348) to work on /opt/airflow/dags/dag.py
[2024-11-28T23:52:43.640+0000] {processor.py:829} INFO - Processing file /opt/airflow/dags/dag.py for tasks to queue
[2024-11-28T23:52:43.640+0000] {logging_mixin.py:151} INFO - [2024-11-28T23:52:43.640+0000] {dagbag.py:539} INFO - Filling up the DagBag from /opt/airflow/dags/dag.py
[2024-11-28T23:52:43.647+0000] {processor.py:839} INFO - DAG(s) dict_keys(['my_dag_name']) retrieved from /opt/airflow/dags/dag.py
[2024-11-28T23:52:43.669+0000] {logging_mixin.py:151} INFO - [2024-11-28T23:52:43.668+0000] {dag.py:2915} INFO - Sync 1 DAGs
[2024-11-28T23:52:43.684+0000] {logging_mixin.py:151} INFO - [2024-11-28T23:52:43.684+0000] {dag.py:3696} INFO - Setting next_dagrun for my_dag_name to 2021-01-01T00:00:00+00:00, run_after=2021-01-01T00:00:00+00:00
[2024-11-28T23:52:43.696+0000] {processor.py:179} INFO - Processing /opt/airflow/dags/dag.py took 0.060 seconds
[2024-11-28T23:53:14.068+0000] {processor.py:157} INFO - Started process (PID=353) to work on /opt/airflow/dags/dag.py
[2024-11-28T23:53:14.068+0000] {processor.py:829} INFO - Processing file /opt/airflow/dags/dag.py for tasks to queue
[2024-11-28T23:53:14.069+0000] {logging_mixin.py:151} INFO - [2024-11-28T23:53:14.069+0000] {dagbag.py:539} INFO - Filling up the DagBag from /opt/airflow/dags/dag.py
[2024-11-28T23:53:14.076+0000] {processor.py:839} INFO - DAG(s) dict_keys(['my_dag_name']) retrieved from /opt/airflow/dags/dag.py
[2024-11-28T23:53:14.097+0000] {logging_mixin.py:151} INFO - [2024-11-28T23:53:14.097+0000] {dag.py:2915} INFO - Sync 1 DAGs
[2024-11-28T23:53:14.112+0000] {logging_mixin.py:151} INFO - [2024-11-28T23:53:14.112+0000] {dag.py:3696} INFO - Setting next_dagrun for my_dag_name to 2021-01-01T00:00:00+00:00, run_after=2021-01-01T00:00:00+00:00
[2024-11-28T23:53:14.124+0000] {processor.py:179} INFO - Processing /opt/airflow/dags/dag.py took 0.059 seconds
[2024-11-28T23:53:44.504+0000] {processor.py:157} INFO - Started process (PID=358) to work on /opt/airflow/dags/dag.py
[2024-11-28T23:53:44.505+0000] {processor.py:829} INFO - Processing file /opt/airflow/dags/dag.py for tasks to queue
[2024-11-28T23:53:44.505+0000] {logging_mixin.py:151} INFO - [2024-11-28T23:53:44.505+0000] {dagbag.py:539} INFO - Filling up the DagBag from /opt/airflow/dags/dag.py
[2024-11-28T23:53:44.512+0000] {processor.py:839} INFO - DAG(s) dict_keys(['my_dag_name']) retrieved from /opt/airflow/dags/dag.py
[2024-11-28T23:53:44.533+0000] {logging_mixin.py:151} INFO - [2024-11-28T23:53:44.533+0000] {dag.py:2915} INFO - Sync 1 DAGs
[2024-11-28T23:53:44.549+0000] {logging_mixin.py:151} INFO - [2024-11-28T23:53:44.549+0000] {dag.py:3696} INFO - Setting next_dagrun for my_dag_name to 2021-01-01T00:00:00+00:00, run_after=2021-01-01T00:00:00+00:00
[2024-11-28T23:53:44.562+0000] {processor.py:179} INFO - Processing /opt/airflow/dags/dag.py took 0.061 seconds
[2024-11-28T23:54:14.930+0000] {processor.py:157} INFO - Started process (PID=363) to work on /opt/airflow/dags/dag.py
[2024-11-28T23:54:14.931+0000] {processor.py:829} INFO - Processing file /opt/airflow/dags/dag.py for tasks to queue
[2024-11-28T23:54:14.932+0000] {logging_mixin.py:151} INFO - [2024-11-28T23:54:14.931+0000] {dagbag.py:539} INFO - Filling up the DagBag from /opt/airflow/dags/dag.py
[2024-11-28T23:54:14.938+0000] {processor.py:839} INFO - DAG(s) dict_keys(['my_dag_name']) retrieved from /opt/airflow/dags/dag.py
[2024-11-28T23:54:14.959+0000] {logging_mixin.py:151} INFO - [2024-11-28T23:54:14.959+0000] {dag.py:2915} INFO - Sync 1 DAGs
[2024-11-28T23:54:14.975+0000] {logging_mixin.py:151} INFO - [2024-11-28T23:54:14.975+0000] {dag.py:3696} INFO - Setting next_dagrun for my_dag_name to 2021-01-01T00:00:00+00:00, run_after=2021-01-01T00:00:00+00:00
[2024-11-28T23:54:14.987+0000] {processor.py:179} INFO - Processing /opt/airflow/dags/dag.py took 0.060 seconds
[2024-11-28T23:54:45.354+0000] {processor.py:157} INFO - Started process (PID=368) to work on /opt/airflow/dags/dag.py
[2024-11-28T23:54:45.355+0000] {processor.py:829} INFO - Processing file /opt/airflow/dags/dag.py for tasks to queue
[2024-11-28T23:54:45.355+0000] {logging_mixin.py:151} INFO - [2024-11-28T23:54:45.355+0000] {dagbag.py:539} INFO - Filling up the DagBag from /opt/airflow/dags/dag.py
[2024-11-28T23:54:45.361+0000] {processor.py:839} INFO - DAG(s) dict_keys(['my_dag_name']) retrieved from /opt/airflow/dags/dag.py
[2024-11-28T23:54:45.383+0000] {logging_mixin.py:151} INFO - [2024-11-28T23:54:45.383+0000] {dag.py:2915} INFO - Sync 1 DAGs
[2024-11-28T23:54:45.399+0000] {logging_mixin.py:151} INFO - [2024-11-28T23:54:45.398+0000] {dag.py:3696} INFO - Setting next_dagrun for my_dag_name to 2021-01-01T00:00:00+00:00, run_after=2021-01-01T00:00:00+00:00
[2024-11-28T23:54:45.411+0000] {processor.py:179} INFO - Processing /opt/airflow/dags/dag.py took 0.060 seconds
[2024-11-28T23:55:15.816+0000] {processor.py:157} INFO - Started process (PID=373) to work on /opt/airflow/dags/dag.py
[2024-11-28T23:55:15.817+0000] {processor.py:829} INFO - Processing file /opt/airflow/dags/dag.py for tasks to queue
[2024-11-28T23:55:15.817+0000] {logging_mixin.py:151} INFO - [2024-11-28T23:55:15.817+0000] {dagbag.py:539} INFO - Filling up the DagBag from /opt/airflow/dags/dag.py
[2024-11-28T23:55:15.824+0000] {processor.py:839} INFO - DAG(s) dict_keys(['my_dag_name']) retrieved from /opt/airflow/dags/dag.py
[2024-11-28T23:55:15.845+0000] {logging_mixin.py:151} INFO - [2024-11-28T23:55:15.845+0000] {dag.py:2915} INFO - Sync 1 DAGs
[2024-11-28T23:55:15.861+0000] {logging_mixin.py:151} INFO - [2024-11-28T23:55:15.861+0000] {dag.py:3696} INFO - Setting next_dagrun for my_dag_name to 2021-01-01T00:00:00+00:00, run_after=2021-01-01T00:00:00+00:00
[2024-11-28T23:55:15.873+0000] {processor.py:179} INFO - Processing /opt/airflow/dags/dag.py took 0.060 seconds
[2024-11-28T23:55:46.242+0000] {processor.py:157} INFO - Started process (PID=378) to work on /opt/airflow/dags/dag.py
[2024-11-28T23:55:46.243+0000] {processor.py:829} INFO - Processing file /opt/airflow/dags/dag.py for tasks to queue
[2024-11-28T23:55:46.243+0000] {logging_mixin.py:151} INFO - [2024-11-28T23:55:46.243+0000] {dagbag.py:539} INFO - Filling up the DagBag from /opt/airflow/dags/dag.py
[2024-11-28T23:55:46.250+0000] {processor.py:839} INFO - DAG(s) dict_keys(['my_dag_name']) retrieved from /opt/airflow/dags/dag.py
[2024-11-28T23:55:46.272+0000] {logging_mixin.py:151} INFO - [2024-11-28T23:55:46.272+0000] {dag.py:2915} INFO - Sync 1 DAGs
[2024-11-28T23:55:46.288+0000] {logging_mixin.py:151} INFO - [2024-11-28T23:55:46.287+0000] {dag.py:3696} INFO - Setting next_dagrun for my_dag_name to 2021-01-01T00:00:00+00:00, run_after=2021-01-01T00:00:00+00:00
[2024-11-28T23:55:46.300+0000] {processor.py:179} INFO - Processing /opt/airflow/dags/dag.py took 0.061 seconds
[2024-11-28T23:56:16.675+0000] {processor.py:157} INFO - Started process (PID=383) to work on /opt/airflow/dags/dag.py
[2024-11-28T23:56:16.676+0000] {processor.py:829} INFO - Processing file /opt/airflow/dags/dag.py for tasks to queue
[2024-11-28T23:56:16.676+0000] {logging_mixin.py:151} INFO - [2024-11-28T23:56:16.676+0000] {dagbag.py:539} INFO - Filling up the DagBag from /opt/airflow/dags/dag.py
[2024-11-28T23:56:16.684+0000] {processor.py:839} INFO - DAG(s) dict_keys(['my_dag_name']) retrieved from /opt/airflow/dags/dag.py
[2024-11-28T23:56:16.708+0000] {logging_mixin.py:151} INFO - [2024-11-28T23:56:16.708+0000] {dag.py:2915} INFO - Sync 1 DAGs
[2024-11-28T23:56:16.727+0000] {logging_mixin.py:151} INFO - [2024-11-28T23:56:16.727+0000] {dag.py:3696} INFO - Setting next_dagrun for my_dag_name to 2021-01-01T00:00:00+00:00, run_after=2021-01-01T00:00:00+00:00
[2024-11-28T23:56:16.744+0000] {processor.py:179} INFO - Processing /opt/airflow/dags/dag.py took 0.072 seconds
[2024-11-28T23:56:47.128+0000] {processor.py:157} INFO - Started process (PID=388) to work on /opt/airflow/dags/dag.py
[2024-11-28T23:56:47.129+0000] {processor.py:829} INFO - Processing file /opt/airflow/dags/dag.py for tasks to queue
[2024-11-28T23:56:47.130+0000] {logging_mixin.py:151} INFO - [2024-11-28T23:56:47.129+0000] {dagbag.py:539} INFO - Filling up the DagBag from /opt/airflow/dags/dag.py
[2024-11-28T23:56:47.136+0000] {processor.py:839} INFO - DAG(s) dict_keys(['my_dag_name']) retrieved from /opt/airflow/dags/dag.py
[2024-11-28T23:56:47.157+0000] {logging_mixin.py:151} INFO - [2024-11-28T23:56:47.157+0000] {dag.py:2915} INFO - Sync 1 DAGs
[2024-11-28T23:56:47.174+0000] {logging_mixin.py:151} INFO - [2024-11-28T23:56:47.174+0000] {dag.py:3696} INFO - Setting next_dagrun for my_dag_name to 2021-01-01T00:00:00+00:00, run_after=2021-01-01T00:00:00+00:00
[2024-11-28T23:56:47.187+0000] {processor.py:179} INFO - Processing /opt/airflow/dags/dag.py took 0.061 seconds
[2024-11-28T23:57:17.565+0000] {processor.py:157} INFO - Started process (PID=393) to work on /opt/airflow/dags/dag.py
[2024-11-28T23:57:17.566+0000] {processor.py:829} INFO - Processing file /opt/airflow/dags/dag.py for tasks to queue
[2024-11-28T23:57:17.566+0000] {logging_mixin.py:151} INFO - [2024-11-28T23:57:17.566+0000] {dagbag.py:539} INFO - Filling up the DagBag from /opt/airflow/dags/dag.py
[2024-11-28T23:57:17.572+0000] {processor.py:839} INFO - DAG(s) dict_keys(['my_dag_name']) retrieved from /opt/airflow/dags/dag.py
[2024-11-28T23:57:17.593+0000] {logging_mixin.py:151} INFO - [2024-11-28T23:57:17.593+0000] {dag.py:2915} INFO - Sync 1 DAGs
[2024-11-28T23:57:17.610+0000] {logging_mixin.py:151} INFO - [2024-11-28T23:57:17.610+0000] {dag.py:3696} INFO - Setting next_dagrun for my_dag_name to 2021-01-01T00:00:00+00:00, run_after=2021-01-01T00:00:00+00:00
[2024-11-28T23:57:17.622+0000] {processor.py:179} INFO - Processing /opt/airflow/dags/dag.py took 0.060 seconds
[2024-11-28T23:57:48.047+0000] {processor.py:157} INFO - Started process (PID=398) to work on /opt/airflow/dags/dag.py
[2024-11-28T23:57:48.047+0000] {processor.py:829} INFO - Processing file /opt/airflow/dags/dag.py for tasks to queue
[2024-11-28T23:57:48.048+0000] {logging_mixin.py:151} INFO - [2024-11-28T23:57:48.048+0000] {dagbag.py:539} INFO - Filling up the DagBag from /opt/airflow/dags/dag.py
[2024-11-28T23:57:48.055+0000] {processor.py:839} INFO - DAG(s) dict_keys(['my_dag_name']) retrieved from /opt/airflow/dags/dag.py
[2024-11-28T23:57:48.076+0000] {logging_mixin.py:151} INFO - [2024-11-28T23:57:48.076+0000] {dag.py:2915} INFO - Sync 1 DAGs
[2024-11-28T23:57:48.098+0000] {logging_mixin.py:151} INFO - [2024-11-28T23:57:48.097+0000] {dag.py:3696} INFO - Setting next_dagrun for my_dag_name to 2021-01-01T00:00:00+00:00, run_after=2021-01-01T00:00:00+00:00
[2024-11-28T23:57:48.110+0000] {processor.py:179} INFO - Processing /opt/airflow/dags/dag.py took 0.066 seconds
[2024-11-28T23:58:18.508+0000] {processor.py:157} INFO - Started process (PID=403) to work on /opt/airflow/dags/dag.py
[2024-11-28T23:58:18.509+0000] {processor.py:829} INFO - Processing file /opt/airflow/dags/dag.py for tasks to queue
[2024-11-28T23:58:18.509+0000] {logging_mixin.py:151} INFO - [2024-11-28T23:58:18.509+0000] {dagbag.py:539} INFO - Filling up the DagBag from /opt/airflow/dags/dag.py
[2024-11-28T23:58:18.516+0000] {processor.py:839} INFO - DAG(s) dict_keys(['my_dag_name']) retrieved from /opt/airflow/dags/dag.py
[2024-11-28T23:58:18.537+0000] {logging_mixin.py:151} INFO - [2024-11-28T23:58:18.537+0000] {dag.py:2915} INFO - Sync 1 DAGs
[2024-11-28T23:58:18.553+0000] {logging_mixin.py:151} INFO - [2024-11-28T23:58:18.553+0000] {dag.py:3696} INFO - Setting next_dagrun for my_dag_name to 2021-01-01T00:00:00+00:00, run_after=2021-01-01T00:00:00+00:00
[2024-11-28T23:58:18.567+0000] {processor.py:179} INFO - Processing /opt/airflow/dags/dag.py took 0.062 seconds
[2024-11-28T23:58:48.946+0000] {processor.py:157} INFO - Started process (PID=408) to work on /opt/airflow/dags/dag.py
[2024-11-28T23:58:48.947+0000] {processor.py:829} INFO - Processing file /opt/airflow/dags/dag.py for tasks to queue
[2024-11-28T23:58:48.947+0000] {logging_mixin.py:151} INFO - [2024-11-28T23:58:48.947+0000] {dagbag.py:539} INFO - Filling up the DagBag from /opt/airflow/dags/dag.py
[2024-11-28T23:58:48.954+0000] {processor.py:839} INFO - DAG(s) dict_keys(['my_dag_name']) retrieved from /opt/airflow/dags/dag.py
[2024-11-28T23:58:48.975+0000] {logging_mixin.py:151} INFO - [2024-11-28T23:58:48.975+0000] {dag.py:2915} INFO - Sync 1 DAGs
[2024-11-28T23:58:48.991+0000] {logging_mixin.py:151} INFO - [2024-11-28T23:58:48.991+0000] {dag.py:3696} INFO - Setting next_dagrun for my_dag_name to 2021-01-01T00:00:00+00:00, run_after=2021-01-01T00:00:00+00:00
[2024-11-28T23:58:49.003+0000] {processor.py:179} INFO - Processing /opt/airflow/dags/dag.py took 0.060 seconds
[2024-11-28T23:59:19.373+0000] {processor.py:157} INFO - Started process (PID=413) to work on /opt/airflow/dags/dag.py
[2024-11-28T23:59:19.374+0000] {processor.py:829} INFO - Processing file /opt/airflow/dags/dag.py for tasks to queue
[2024-11-28T23:59:19.375+0000] {logging_mixin.py:151} INFO - [2024-11-28T23:59:19.374+0000] {dagbag.py:539} INFO - Filling up the DagBag from /opt/airflow/dags/dag.py
[2024-11-28T23:59:19.381+0000] {processor.py:839} INFO - DAG(s) dict_keys(['my_dag_name']) retrieved from /opt/airflow/dags/dag.py
[2024-11-28T23:59:19.403+0000] {logging_mixin.py:151} INFO - [2024-11-28T23:59:19.402+0000] {dag.py:2915} INFO - Sync 1 DAGs
[2024-11-28T23:59:19.419+0000] {logging_mixin.py:151} INFO - [2024-11-28T23:59:19.419+0000] {dag.py:3696} INFO - Setting next_dagrun for my_dag_name to 2021-01-01T00:00:00+00:00, run_after=2021-01-01T00:00:00+00:00
[2024-11-28T23:59:19.431+0000] {processor.py:179} INFO - Processing /opt/airflow/dags/dag.py took 0.060 seconds
[2024-11-28T23:59:49.816+0000] {processor.py:157} INFO - Started process (PID=418) to work on /opt/airflow/dags/dag.py
[2024-11-28T23:59:49.816+0000] {processor.py:829} INFO - Processing file /opt/airflow/dags/dag.py for tasks to queue
[2024-11-28T23:59:49.817+0000] {logging_mixin.py:151} INFO - [2024-11-28T23:59:49.817+0000] {dagbag.py:539} INFO - Filling up the DagBag from /opt/airflow/dags/dag.py
[2024-11-28T23:59:49.824+0000] {processor.py:839} INFO - DAG(s) dict_keys(['my_dag_name']) retrieved from /opt/airflow/dags/dag.py
[2024-11-28T23:59:49.846+0000] {logging_mixin.py:151} INFO - [2024-11-28T23:59:49.846+0000] {dag.py:2915} INFO - Sync 1 DAGs
[2024-11-28T23:59:49.862+0000] {logging_mixin.py:151} INFO - [2024-11-28T23:59:49.862+0000] {dag.py:3696} INFO - Setting next_dagrun for my_dag_name to 2021-01-01T00:00:00+00:00, run_after=2021-01-01T00:00:00+00:00
[2024-11-28T23:59:49.874+0000] {processor.py:179} INFO - Processing /opt/airflow/dags/dag.py took 0.061 seconds
