[2024-11-28T23:21:16.667+0000] {processor.py:157} INFO - Started process (PID=42) to work on /opt/airflow/dags/etl.py
[2024-11-28T23:21:16.668+0000] {processor.py:829} INFO - Processing file /opt/airflow/dags/etl.py for tasks to queue
[2024-11-28T23:21:16.668+0000] {logging_mixin.py:151} INFO - [2024-11-28T23:21:16.668+0000] {dagbag.py:539} INFO - Filling up the DagBag from /opt/airflow/dags/etl.py
[2024-11-28T23:21:17.515+0000] {processor.py:839} INFO - DAG(s) dict_keys(['etl_pipeline']) retrieved from /opt/airflow/dags/etl.py
[2024-11-28T23:21:17.608+0000] {logging_mixin.py:151} INFO - [2024-11-28T23:21:17.607+0000] {manager.py:499} INFO - Created Permission View: %s
[2024-11-28T23:21:17.614+0000] {logging_mixin.py:151} INFO - [2024-11-28T23:21:17.614+0000] {manager.py:499} INFO - Created Permission View: %s
[2024-11-28T23:21:17.619+0000] {logging_mixin.py:151} INFO - [2024-11-28T23:21:17.619+0000] {manager.py:499} INFO - Created Permission View: %s
[2024-11-28T23:21:17.620+0000] {logging_mixin.py:151} INFO - [2024-11-28T23:21:17.619+0000] {security.py:708} INFO - Not syncing DAG-level permissions for DAG 'DAG:etl_pipeline' as access control is unset.
[2024-11-28T23:21:17.620+0000] {logging_mixin.py:151} INFO - [2024-11-28T23:21:17.620+0000] {dag.py:2915} INFO - Sync 1 DAGs
[2024-11-28T23:21:17.629+0000] {logging_mixin.py:151} INFO - [2024-11-28T23:21:17.629+0000] {dag.py:2937} INFO - Creating ORM DAG for etl_pipeline
[2024-11-28T23:21:17.635+0000] {logging_mixin.py:151} INFO - [2024-11-28T23:21:17.635+0000] {dag.py:3696} INFO - Setting next_dagrun for etl_pipeline to 2024-11-28T00:00:00+00:00, run_after=2024-11-28T00:00:15+00:00
[2024-11-28T23:21:17.646+0000] {processor.py:179} INFO - Processing /opt/airflow/dags/etl.py took 0.982 seconds
[2024-11-28T23:21:47.809+0000] {processor.py:157} INFO - Started process (PID=45) to work on /opt/airflow/dags/etl.py
[2024-11-28T23:21:47.810+0000] {processor.py:829} INFO - Processing file /opt/airflow/dags/etl.py for tasks to queue
[2024-11-28T23:21:47.811+0000] {logging_mixin.py:151} INFO - [2024-11-28T23:21:47.810+0000] {dagbag.py:539} INFO - Filling up the DagBag from /opt/airflow/dags/etl.py
[2024-11-28T23:21:48.059+0000] {processor.py:839} INFO - DAG(s) dict_keys(['etl_pipeline']) retrieved from /opt/airflow/dags/etl.py
[2024-11-28T23:21:48.081+0000] {logging_mixin.py:151} INFO - [2024-11-28T23:21:48.081+0000] {dag.py:2915} INFO - Sync 1 DAGs
[2024-11-28T23:21:48.100+0000] {logging_mixin.py:151} INFO - [2024-11-28T23:21:48.100+0000] {dag.py:3696} INFO - Setting next_dagrun for etl_pipeline to 2024-11-28T00:00:00+00:00, run_after=2024-11-28T00:00:15+00:00
[2024-11-28T23:21:48.113+0000] {processor.py:179} INFO - Processing /opt/airflow/dags/etl.py took 0.307 seconds
[2024-11-28T23:22:18.936+0000] {processor.py:157} INFO - Started process (PID=48) to work on /opt/airflow/dags/etl.py
[2024-11-28T23:22:18.937+0000] {processor.py:829} INFO - Processing file /opt/airflow/dags/etl.py for tasks to queue
[2024-11-28T23:22:18.937+0000] {logging_mixin.py:151} INFO - [2024-11-28T23:22:18.937+0000] {dagbag.py:539} INFO - Filling up the DagBag from /opt/airflow/dags/etl.py
[2024-11-28T23:22:19.309+0000] {processor.py:839} INFO - DAG(s) dict_keys(['etl_pipeline']) retrieved from /opt/airflow/dags/etl.py
[2024-11-28T23:22:19.331+0000] {logging_mixin.py:151} INFO - [2024-11-28T23:22:19.331+0000] {dag.py:2915} INFO - Sync 1 DAGs
[2024-11-28T23:22:19.353+0000] {logging_mixin.py:151} INFO - [2024-11-28T23:22:19.353+0000] {dag.py:3696} INFO - Setting next_dagrun for etl_pipeline to 2024-11-28T00:00:00+00:00, run_after=2024-11-28T00:00:15+00:00
[2024-11-28T23:22:19.366+0000] {processor.py:179} INFO - Processing /opt/airflow/dags/etl.py took 0.433 seconds
[2024-11-28T23:22:50.191+0000] {processor.py:157} INFO - Started process (PID=52) to work on /opt/airflow/dags/etl.py
[2024-11-28T23:22:50.192+0000] {processor.py:829} INFO - Processing file /opt/airflow/dags/etl.py for tasks to queue
[2024-11-28T23:22:50.193+0000] {logging_mixin.py:151} INFO - [2024-11-28T23:22:50.192+0000] {dagbag.py:539} INFO - Filling up the DagBag from /opt/airflow/dags/etl.py
[2024-11-28T23:22:50.474+0000] {processor.py:839} INFO - DAG(s) dict_keys(['etl_pipeline']) retrieved from /opt/airflow/dags/etl.py
[2024-11-28T23:22:50.502+0000] {logging_mixin.py:151} INFO - [2024-11-28T23:22:50.502+0000] {dag.py:2915} INFO - Sync 1 DAGs
[2024-11-28T23:22:50.526+0000] {logging_mixin.py:151} INFO - [2024-11-28T23:22:50.526+0000] {dag.py:3696} INFO - Setting next_dagrun for etl_pipeline to 2024-11-28T00:00:00+00:00, run_after=2024-11-28T00:00:15+00:00
[2024-11-28T23:22:50.546+0000] {processor.py:179} INFO - Processing /opt/airflow/dags/etl.py took 0.357 seconds
[2024-11-28T23:23:20.594+0000] {processor.py:157} INFO - Started process (PID=55) to work on /opt/airflow/dags/etl.py
[2024-11-28T23:23:20.594+0000] {processor.py:829} INFO - Processing file /opt/airflow/dags/etl.py for tasks to queue
[2024-11-28T23:23:20.595+0000] {logging_mixin.py:151} INFO - [2024-11-28T23:23:20.595+0000] {dagbag.py:539} INFO - Filling up the DagBag from /opt/airflow/dags/etl.py
[2024-11-28T23:23:20.844+0000] {processor.py:839} INFO - DAG(s) dict_keys(['etl_pipeline']) retrieved from /opt/airflow/dags/etl.py
[2024-11-28T23:23:20.865+0000] {logging_mixin.py:151} INFO - [2024-11-28T23:23:20.865+0000] {dag.py:2915} INFO - Sync 1 DAGs
[2024-11-28T23:23:20.882+0000] {logging_mixin.py:151} INFO - [2024-11-28T23:23:20.882+0000] {dag.py:3696} INFO - Setting next_dagrun for etl_pipeline to 2024-11-28T00:00:00+00:00, run_after=2024-11-28T00:00:15+00:00
[2024-11-28T23:23:20.898+0000] {processor.py:179} INFO - Processing /opt/airflow/dags/etl.py took 0.307 seconds
[2024-11-28T23:23:51.705+0000] {processor.py:157} INFO - Started process (PID=58) to work on /opt/airflow/dags/etl.py
[2024-11-28T23:23:51.706+0000] {processor.py:829} INFO - Processing file /opt/airflow/dags/etl.py for tasks to queue
[2024-11-28T23:23:51.706+0000] {logging_mixin.py:151} INFO - [2024-11-28T23:23:51.706+0000] {dagbag.py:539} INFO - Filling up the DagBag from /opt/airflow/dags/etl.py
[2024-11-28T23:23:51.984+0000] {processor.py:839} INFO - DAG(s) dict_keys(['etl_pipeline']) retrieved from /opt/airflow/dags/etl.py
[2024-11-28T23:23:52.005+0000] {logging_mixin.py:151} INFO - [2024-11-28T23:23:52.005+0000] {dag.py:2915} INFO - Sync 1 DAGs
[2024-11-28T23:23:52.020+0000] {logging_mixin.py:151} INFO - [2024-11-28T23:23:52.020+0000] {dag.py:3696} INFO - Setting next_dagrun for etl_pipeline to 2024-11-28T00:00:00+00:00, run_after=2024-11-28T00:00:15+00:00
[2024-11-28T23:23:52.032+0000] {processor.py:179} INFO - Processing /opt/airflow/dags/etl.py took 0.330 seconds
[2024-11-28T23:24:22.925+0000] {processor.py:157} INFO - Started process (PID=61) to work on /opt/airflow/dags/etl.py
[2024-11-28T23:24:22.925+0000] {processor.py:829} INFO - Processing file /opt/airflow/dags/etl.py for tasks to queue
[2024-11-28T23:24:22.926+0000] {logging_mixin.py:151} INFO - [2024-11-28T23:24:22.926+0000] {dagbag.py:539} INFO - Filling up the DagBag from /opt/airflow/dags/etl.py
[2024-11-28T23:24:23.177+0000] {processor.py:839} INFO - DAG(s) dict_keys(['etl_pipeline']) retrieved from /opt/airflow/dags/etl.py
[2024-11-28T23:24:23.198+0000] {logging_mixin.py:151} INFO - [2024-11-28T23:24:23.198+0000] {dag.py:2915} INFO - Sync 1 DAGs
[2024-11-28T23:24:23.214+0000] {logging_mixin.py:151} INFO - [2024-11-28T23:24:23.213+0000] {dag.py:3696} INFO - Setting next_dagrun for etl_pipeline to 2024-11-28T00:00:00+00:00, run_after=2024-11-28T00:00:15+00:00
[2024-11-28T23:24:23.225+0000] {processor.py:179} INFO - Processing /opt/airflow/dags/etl.py took 0.303 seconds
[2024-11-28T23:24:54.143+0000] {processor.py:157} INFO - Started process (PID=64) to work on /opt/airflow/dags/etl.py
[2024-11-28T23:24:54.149+0000] {processor.py:829} INFO - Processing file /opt/airflow/dags/etl.py for tasks to queue
[2024-11-28T23:24:54.150+0000] {logging_mixin.py:151} INFO - [2024-11-28T23:24:54.149+0000] {dagbag.py:539} INFO - Filling up the DagBag from /opt/airflow/dags/etl.py
[2024-11-28T23:24:54.549+0000] {processor.py:839} INFO - DAG(s) dict_keys(['etl_pipeline']) retrieved from /opt/airflow/dags/etl.py
[2024-11-28T23:24:54.575+0000] {logging_mixin.py:151} INFO - [2024-11-28T23:24:54.574+0000] {dag.py:2915} INFO - Sync 1 DAGs
[2024-11-28T23:24:54.596+0000] {logging_mixin.py:151} INFO - [2024-11-28T23:24:54.596+0000] {dag.py:3696} INFO - Setting next_dagrun for etl_pipeline to 2024-11-28T00:00:00+00:00, run_after=2024-11-28T00:00:15+00:00
[2024-11-28T23:24:54.612+0000] {processor.py:179} INFO - Processing /opt/airflow/dags/etl.py took 0.473 seconds
[2024-11-28T23:25:25.309+0000] {processor.py:157} INFO - Started process (PID=67) to work on /opt/airflow/dags/etl.py
[2024-11-28T23:25:25.310+0000] {processor.py:829} INFO - Processing file /opt/airflow/dags/etl.py for tasks to queue
[2024-11-28T23:25:25.311+0000] {logging_mixin.py:151} INFO - [2024-11-28T23:25:25.310+0000] {dagbag.py:539} INFO - Filling up the DagBag from /opt/airflow/dags/etl.py
[2024-11-28T23:25:25.628+0000] {processor.py:839} INFO - DAG(s) dict_keys(['etl_pipeline']) retrieved from /opt/airflow/dags/etl.py
[2024-11-28T23:25:25.647+0000] {logging_mixin.py:151} INFO - [2024-11-28T23:25:25.647+0000] {dag.py:2915} INFO - Sync 1 DAGs
[2024-11-28T23:25:25.670+0000] {logging_mixin.py:151} INFO - [2024-11-28T23:25:25.670+0000] {dag.py:3696} INFO - Setting next_dagrun for etl_pipeline to 2024-11-28T00:00:00+00:00, run_after=2024-11-28T00:00:15+00:00
[2024-11-28T23:25:25.687+0000] {processor.py:179} INFO - Processing /opt/airflow/dags/etl.py took 0.381 seconds
[2024-11-28T23:25:56.486+0000] {processor.py:157} INFO - Started process (PID=70) to work on /opt/airflow/dags/etl.py
[2024-11-28T23:25:56.486+0000] {processor.py:829} INFO - Processing file /opt/airflow/dags/etl.py for tasks to queue
[2024-11-28T23:25:56.487+0000] {logging_mixin.py:151} INFO - [2024-11-28T23:25:56.487+0000] {dagbag.py:539} INFO - Filling up the DagBag from /opt/airflow/dags/etl.py
[2024-11-28T23:25:57.004+0000] {processor.py:839} INFO - DAG(s) dict_keys(['etl_pipeline']) retrieved from /opt/airflow/dags/etl.py
[2024-11-28T23:25:57.051+0000] {logging_mixin.py:151} INFO - [2024-11-28T23:25:57.050+0000] {dag.py:2915} INFO - Sync 1 DAGs
[2024-11-28T23:25:57.080+0000] {logging_mixin.py:151} INFO - [2024-11-28T23:25:57.080+0000] {dag.py:3696} INFO - Setting next_dagrun for etl_pipeline to 2024-11-28T00:00:00+00:00, run_after=2024-11-28T00:00:15+00:00
[2024-11-28T23:25:57.102+0000] {processor.py:179} INFO - Processing /opt/airflow/dags/etl.py took 0.619 seconds
[2024-11-28T23:26:27.682+0000] {processor.py:157} INFO - Started process (PID=75) to work on /opt/airflow/dags/etl.py
[2024-11-28T23:26:27.682+0000] {processor.py:829} INFO - Processing file /opt/airflow/dags/etl.py for tasks to queue
[2024-11-28T23:26:27.683+0000] {logging_mixin.py:151} INFO - [2024-11-28T23:26:27.683+0000] {dagbag.py:539} INFO - Filling up the DagBag from /opt/airflow/dags/etl.py
[2024-11-28T23:26:27.932+0000] {processor.py:839} INFO - DAG(s) dict_keys(['etl_pipeline']) retrieved from /opt/airflow/dags/etl.py
[2024-11-28T23:26:27.941+0000] {logging_mixin.py:151} INFO - [2024-11-28T23:26:27.941+0000] {dag.py:2915} INFO - Sync 1 DAGs
[2024-11-28T23:26:27.958+0000] {logging_mixin.py:151} INFO - [2024-11-28T23:26:27.958+0000] {dag.py:3696} INFO - Setting next_dagrun for etl_pipeline to 2024-11-28T00:00:00+00:00, run_after=2024-11-28T00:00:15+00:00
[2024-11-28T23:26:27.970+0000] {processor.py:179} INFO - Processing /opt/airflow/dags/etl.py took 0.291 seconds
[2024-11-28T23:26:58.110+0000] {processor.py:157} INFO - Started process (PID=80) to work on /opt/airflow/dags/etl.py
[2024-11-28T23:26:58.111+0000] {processor.py:829} INFO - Processing file /opt/airflow/dags/etl.py for tasks to queue
[2024-11-28T23:26:58.112+0000] {logging_mixin.py:151} INFO - [2024-11-28T23:26:58.111+0000] {dagbag.py:539} INFO - Filling up the DagBag from /opt/airflow/dags/etl.py
[2024-11-28T23:26:58.378+0000] {processor.py:839} INFO - DAG(s) dict_keys(['etl_pipeline']) retrieved from /opt/airflow/dags/etl.py
[2024-11-28T23:26:58.464+0000] {logging_mixin.py:151} INFO - [2024-11-28T23:26:58.463+0000] {security.py:708} INFO - Not syncing DAG-level permissions for DAG 'DAG:etl_pipeline' as access control is unset.
[2024-11-28T23:26:58.464+0000] {logging_mixin.py:151} INFO - [2024-11-28T23:26:58.464+0000] {dag.py:2915} INFO - Sync 1 DAGs
[2024-11-28T23:26:58.479+0000] {logging_mixin.py:151} INFO - [2024-11-28T23:26:58.478+0000] {dag.py:3696} INFO - Setting next_dagrun for etl_pipeline to 2024-11-28T00:00:00+00:00, run_after=2024-11-28T00:00:15+00:00
[2024-11-28T23:26:58.491+0000] {processor.py:179} INFO - Processing /opt/airflow/dags/etl.py took 0.385 seconds
[2024-11-28T23:27:28.616+0000] {processor.py:157} INFO - Started process (PID=85) to work on /opt/airflow/dags/etl.py
[2024-11-28T23:27:28.617+0000] {processor.py:829} INFO - Processing file /opt/airflow/dags/etl.py for tasks to queue
[2024-11-28T23:27:28.618+0000] {logging_mixin.py:151} INFO - [2024-11-28T23:27:28.618+0000] {dagbag.py:539} INFO - Filling up the DagBag from /opt/airflow/dags/etl.py
[2024-11-28T23:27:28.869+0000] {processor.py:839} INFO - DAG(s) dict_keys(['etl_pipeline']) retrieved from /opt/airflow/dags/etl.py
[2024-11-28T23:27:28.889+0000] {logging_mixin.py:151} INFO - [2024-11-28T23:27:28.888+0000] {dag.py:2915} INFO - Sync 1 DAGs
[2024-11-28T23:27:28.904+0000] {logging_mixin.py:151} INFO - [2024-11-28T23:27:28.904+0000] {dag.py:3696} INFO - Setting next_dagrun for etl_pipeline to 2024-11-28T00:00:00+00:00, run_after=2024-11-28T00:00:15+00:00
[2024-11-28T23:27:28.916+0000] {processor.py:179} INFO - Processing /opt/airflow/dags/etl.py took 0.302 seconds
[2024-11-28T23:27:59.045+0000] {processor.py:157} INFO - Started process (PID=91) to work on /opt/airflow/dags/etl.py
[2024-11-28T23:27:59.046+0000] {processor.py:829} INFO - Processing file /opt/airflow/dags/etl.py for tasks to queue
[2024-11-28T23:27:59.051+0000] {logging_mixin.py:151} INFO - [2024-11-28T23:27:59.050+0000] {dagbag.py:539} INFO - Filling up the DagBag from /opt/airflow/dags/etl.py
[2024-11-28T23:27:59.494+0000] {processor.py:839} INFO - DAG(s) dict_keys(['etl_pipeline']) retrieved from /opt/airflow/dags/etl.py
[2024-11-28T23:27:59.513+0000] {logging_mixin.py:151} INFO - [2024-11-28T23:27:59.512+0000] {dag.py:2915} INFO - Sync 1 DAGs
[2024-11-28T23:27:59.533+0000] {logging_mixin.py:151} INFO - [2024-11-28T23:27:59.532+0000] {dag.py:3696} INFO - Setting next_dagrun for etl_pipeline to 2024-11-28T00:00:00+00:00, run_after=2024-11-28T00:00:15+00:00
[2024-11-28T23:27:59.545+0000] {processor.py:179} INFO - Processing /opt/airflow/dags/etl.py took 0.503 seconds
[2024-11-28T23:28:30.287+0000] {processor.py:157} INFO - Started process (PID=103) to work on /opt/airflow/dags/etl.py
[2024-11-28T23:28:30.288+0000] {processor.py:829} INFO - Processing file /opt/airflow/dags/etl.py for tasks to queue
[2024-11-28T23:28:30.288+0000] {logging_mixin.py:151} INFO - [2024-11-28T23:28:30.288+0000] {dagbag.py:539} INFO - Filling up the DagBag from /opt/airflow/dags/etl.py
[2024-11-28T23:28:30.617+0000] {processor.py:839} INFO - DAG(s) dict_keys(['etl_pipeline']) retrieved from /opt/airflow/dags/etl.py
[2024-11-28T23:28:30.714+0000] {logging_mixin.py:151} INFO - [2024-11-28T23:28:30.714+0000] {security.py:708} INFO - Not syncing DAG-level permissions for DAG 'DAG:etl_pipeline' as access control is unset.
[2024-11-28T23:28:30.715+0000] {logging_mixin.py:151} INFO - [2024-11-28T23:28:30.714+0000] {dag.py:2915} INFO - Sync 1 DAGs
[2024-11-28T23:28:30.730+0000] {logging_mixin.py:151} INFO - [2024-11-28T23:28:30.729+0000] {dag.py:3696} INFO - Setting next_dagrun for etl_pipeline to 2024-11-28T00:00:00+00:00, run_after=2024-11-28T00:00:15+00:00
[2024-11-28T23:28:30.743+0000] {processor.py:179} INFO - Processing /opt/airflow/dags/etl.py took 0.458 seconds
[2024-11-28T23:29:01.647+0000] {processor.py:157} INFO - Started process (PID=110) to work on /opt/airflow/dags/etl.py
[2024-11-28T23:29:01.648+0000] {processor.py:829} INFO - Processing file /opt/airflow/dags/etl.py for tasks to queue
[2024-11-28T23:29:01.648+0000] {logging_mixin.py:151} INFO - [2024-11-28T23:29:01.648+0000] {dagbag.py:539} INFO - Filling up the DagBag from /opt/airflow/dags/etl.py
[2024-11-28T23:29:01.906+0000] {processor.py:839} INFO - DAG(s) dict_keys(['etl_pipeline']) retrieved from /opt/airflow/dags/etl.py
[2024-11-28T23:29:01.927+0000] {logging_mixin.py:151} INFO - [2024-11-28T23:29:01.926+0000] {dag.py:2915} INFO - Sync 1 DAGs
[2024-11-28T23:29:01.943+0000] {logging_mixin.py:151} INFO - [2024-11-28T23:29:01.943+0000] {dag.py:3696} INFO - Setting next_dagrun for etl_pipeline to 2024-11-28T00:00:00+00:00, run_after=2024-11-28T00:00:15+00:00
[2024-11-28T23:29:01.956+0000] {processor.py:179} INFO - Processing /opt/airflow/dags/etl.py took 0.312 seconds
[2024-11-28T23:29:32.083+0000] {processor.py:157} INFO - Started process (PID=115) to work on /opt/airflow/dags/etl.py
[2024-11-28T23:29:32.084+0000] {processor.py:829} INFO - Processing file /opt/airflow/dags/etl.py for tasks to queue
[2024-11-28T23:29:32.084+0000] {logging_mixin.py:151} INFO - [2024-11-28T23:29:32.084+0000] {dagbag.py:539} INFO - Filling up the DagBag from /opt/airflow/dags/etl.py
[2024-11-28T23:29:32.339+0000] {processor.py:839} INFO - DAG(s) dict_keys(['etl_pipeline']) retrieved from /opt/airflow/dags/etl.py
[2024-11-28T23:29:32.349+0000] {logging_mixin.py:151} INFO - [2024-11-28T23:29:32.348+0000] {dag.py:2915} INFO - Sync 1 DAGs
[2024-11-28T23:29:32.366+0000] {logging_mixin.py:151} INFO - [2024-11-28T23:29:32.365+0000] {dag.py:3696} INFO - Setting next_dagrun for etl_pipeline to 2024-11-28T00:00:00+00:00, run_after=2024-11-28T00:00:15+00:00
[2024-11-28T23:29:32.378+0000] {processor.py:179} INFO - Processing /opt/airflow/dags/etl.py took 0.297 seconds
[2024-11-28T23:30:02.959+0000] {processor.py:157} INFO - Started process (PID=124) to work on /opt/airflow/dags/etl.py
[2024-11-28T23:30:02.961+0000] {processor.py:829} INFO - Processing file /opt/airflow/dags/etl.py for tasks to queue
[2024-11-28T23:30:02.968+0000] {logging_mixin.py:151} INFO - [2024-11-28T23:30:02.968+0000] {dagbag.py:539} INFO - Filling up the DagBag from /opt/airflow/dags/etl.py
[2024-11-28T23:30:03.369+0000] {processor.py:839} INFO - DAG(s) dict_keys(['etl_pipeline']) retrieved from /opt/airflow/dags/etl.py
[2024-11-28T23:30:03.624+0000] {logging_mixin.py:151} INFO - [2024-11-28T23:30:03.623+0000] {security.py:708} INFO - Not syncing DAG-level permissions for DAG 'DAG:etl_pipeline' as access control is unset.
[2024-11-28T23:30:03.624+0000] {logging_mixin.py:151} INFO - [2024-11-28T23:30:03.624+0000] {dag.py:2915} INFO - Sync 1 DAGs
[2024-11-28T23:30:03.645+0000] {logging_mixin.py:151} INFO - [2024-11-28T23:30:03.644+0000] {dag.py:3696} INFO - Setting next_dagrun for etl_pipeline to 2024-11-28T00:00:00+00:00, run_after=2024-11-28T00:00:15+00:00
[2024-11-28T23:30:03.664+0000] {processor.py:179} INFO - Processing /opt/airflow/dags/etl.py took 0.711 seconds
[2024-11-28T23:30:34.203+0000] {processor.py:157} INFO - Started process (PID=129) to work on /opt/airflow/dags/etl.py
[2024-11-28T23:30:34.204+0000] {processor.py:829} INFO - Processing file /opt/airflow/dags/etl.py for tasks to queue
[2024-11-28T23:30:34.206+0000] {logging_mixin.py:151} INFO - [2024-11-28T23:30:34.205+0000] {dagbag.py:539} INFO - Filling up the DagBag from /opt/airflow/dags/etl.py
[2024-11-28T23:30:34.565+0000] {processor.py:839} INFO - DAG(s) dict_keys(['etl_pipeline']) retrieved from /opt/airflow/dags/etl.py
[2024-11-28T23:30:34.600+0000] {logging_mixin.py:151} INFO - [2024-11-28T23:30:34.599+0000] {dag.py:2915} INFO - Sync 1 DAGs
[2024-11-28T23:30:34.616+0000] {logging_mixin.py:151} INFO - [2024-11-28T23:30:34.616+0000] {dag.py:3696} INFO - Setting next_dagrun for etl_pipeline to 2024-11-28T00:00:00+00:00, run_after=2024-11-28T00:00:15+00:00
[2024-11-28T23:30:34.628+0000] {processor.py:179} INFO - Processing /opt/airflow/dags/etl.py took 0.429 seconds
[2024-11-28T23:31:05.347+0000] {processor.py:157} INFO - Started process (PID=134) to work on /opt/airflow/dags/etl.py
[2024-11-28T23:31:05.347+0000] {processor.py:829} INFO - Processing file /opt/airflow/dags/etl.py for tasks to queue
[2024-11-28T23:31:05.348+0000] {logging_mixin.py:151} INFO - [2024-11-28T23:31:05.348+0000] {dagbag.py:539} INFO - Filling up the DagBag from /opt/airflow/dags/etl.py
[2024-11-28T23:31:05.594+0000] {processor.py:839} INFO - DAG(s) dict_keys(['etl_pipeline']) retrieved from /opt/airflow/dags/etl.py
[2024-11-28T23:31:05.614+0000] {logging_mixin.py:151} INFO - [2024-11-28T23:31:05.613+0000] {dag.py:2915} INFO - Sync 1 DAGs
[2024-11-28T23:31:05.630+0000] {logging_mixin.py:151} INFO - [2024-11-28T23:31:05.630+0000] {dag.py:3696} INFO - Setting next_dagrun for etl_pipeline to 2024-11-28T00:00:00+00:00, run_after=2024-11-28T00:00:15+00:00
[2024-11-28T23:31:05.642+0000] {processor.py:179} INFO - Processing /opt/airflow/dags/etl.py took 0.297 seconds
[2024-11-28T23:31:35.769+0000] {processor.py:157} INFO - Started process (PID=139) to work on /opt/airflow/dags/etl.py
[2024-11-28T23:31:35.770+0000] {processor.py:829} INFO - Processing file /opt/airflow/dags/etl.py for tasks to queue
[2024-11-28T23:31:35.771+0000] {logging_mixin.py:151} INFO - [2024-11-28T23:31:35.770+0000] {dagbag.py:539} INFO - Filling up the DagBag from /opt/airflow/dags/etl.py
[2024-11-28T23:31:36.097+0000] {processor.py:839} INFO - DAG(s) dict_keys(['etl_pipeline']) retrieved from /opt/airflow/dags/etl.py
[2024-11-28T23:31:36.117+0000] {logging_mixin.py:151} INFO - [2024-11-28T23:31:36.116+0000] {dag.py:2915} INFO - Sync 1 DAGs
[2024-11-28T23:31:36.133+0000] {logging_mixin.py:151} INFO - [2024-11-28T23:31:36.133+0000] {dag.py:3696} INFO - Setting next_dagrun for etl_pipeline to 2024-11-28T00:00:00+00:00, run_after=2024-11-28T00:00:15+00:00
[2024-11-28T23:31:36.145+0000] {processor.py:179} INFO - Processing /opt/airflow/dags/etl.py took 0.378 seconds
[2024-11-28T23:32:06.274+0000] {processor.py:157} INFO - Started process (PID=144) to work on /opt/airflow/dags/etl.py
[2024-11-28T23:32:06.275+0000] {processor.py:829} INFO - Processing file /opt/airflow/dags/etl.py for tasks to queue
[2024-11-28T23:32:06.275+0000] {logging_mixin.py:151} INFO - [2024-11-28T23:32:06.275+0000] {dagbag.py:539} INFO - Filling up the DagBag from /opt/airflow/dags/etl.py
[2024-11-28T23:32:06.543+0000] {processor.py:839} INFO - DAG(s) dict_keys(['etl_pipeline']) retrieved from /opt/airflow/dags/etl.py
[2024-11-28T23:32:06.563+0000] {logging_mixin.py:151} INFO - [2024-11-28T23:32:06.563+0000] {dag.py:2915} INFO - Sync 1 DAGs
[2024-11-28T23:32:06.579+0000] {logging_mixin.py:151} INFO - [2024-11-28T23:32:06.579+0000] {dag.py:3696} INFO - Setting next_dagrun for etl_pipeline to 2024-11-28T00:00:00+00:00, run_after=2024-11-28T00:00:15+00:00
[2024-11-28T23:32:06.591+0000] {processor.py:179} INFO - Processing /opt/airflow/dags/etl.py took 0.320 seconds
[2024-11-28T23:32:36.727+0000] {processor.py:157} INFO - Started process (PID=149) to work on /opt/airflow/dags/etl.py
[2024-11-28T23:32:36.728+0000] {processor.py:829} INFO - Processing file /opt/airflow/dags/etl.py for tasks to queue
[2024-11-28T23:32:36.729+0000] {logging_mixin.py:151} INFO - [2024-11-28T23:32:36.729+0000] {dagbag.py:539} INFO - Filling up the DagBag from /opt/airflow/dags/etl.py
[2024-11-28T23:32:36.998+0000] {processor.py:839} INFO - DAG(s) dict_keys(['etl_pipeline']) retrieved from /opt/airflow/dags/etl.py
[2024-11-28T23:32:37.019+0000] {logging_mixin.py:151} INFO - [2024-11-28T23:32:37.018+0000] {dag.py:2915} INFO - Sync 1 DAGs
[2024-11-28T23:32:37.035+0000] {logging_mixin.py:151} INFO - [2024-11-28T23:32:37.035+0000] {dag.py:3696} INFO - Setting next_dagrun for etl_pipeline to 2024-11-28T00:00:00+00:00, run_after=2024-11-28T00:00:15+00:00
[2024-11-28T23:32:37.047+0000] {processor.py:179} INFO - Processing /opt/airflow/dags/etl.py took 0.324 seconds
[2024-11-28T23:33:07.180+0000] {processor.py:157} INFO - Started process (PID=154) to work on /opt/airflow/dags/etl.py
[2024-11-28T23:33:07.181+0000] {processor.py:829} INFO - Processing file /opt/airflow/dags/etl.py for tasks to queue
[2024-11-28T23:33:07.182+0000] {logging_mixin.py:151} INFO - [2024-11-28T23:33:07.182+0000] {dagbag.py:539} INFO - Filling up the DagBag from /opt/airflow/dags/etl.py
[2024-11-28T23:33:07.550+0000] {processor.py:839} INFO - DAG(s) dict_keys(['etl_pipeline']) retrieved from /opt/airflow/dags/etl.py
[2024-11-28T23:33:07.570+0000] {logging_mixin.py:151} INFO - [2024-11-28T23:33:07.570+0000] {dag.py:2915} INFO - Sync 1 DAGs
[2024-11-28T23:33:07.586+0000] {logging_mixin.py:151} INFO - [2024-11-28T23:33:07.586+0000] {dag.py:3696} INFO - Setting next_dagrun for etl_pipeline to 2024-11-28T00:00:00+00:00, run_after=2024-11-28T00:00:15+00:00
[2024-11-28T23:33:07.598+0000] {processor.py:179} INFO - Processing /opt/airflow/dags/etl.py took 0.421 seconds
[2024-11-28T23:33:37.723+0000] {processor.py:157} INFO - Started process (PID=159) to work on /opt/airflow/dags/etl.py
[2024-11-28T23:33:37.724+0000] {processor.py:829} INFO - Processing file /opt/airflow/dags/etl.py for tasks to queue
[2024-11-28T23:33:37.725+0000] {logging_mixin.py:151} INFO - [2024-11-28T23:33:37.724+0000] {dagbag.py:539} INFO - Filling up the DagBag from /opt/airflow/dags/etl.py
[2024-11-28T23:33:38.055+0000] {processor.py:839} INFO - DAG(s) dict_keys(['etl_pipeline']) retrieved from /opt/airflow/dags/etl.py
[2024-11-28T23:33:38.081+0000] {logging_mixin.py:151} INFO - [2024-11-28T23:33:38.081+0000] {dag.py:2915} INFO - Sync 1 DAGs
[2024-11-28T23:33:38.100+0000] {logging_mixin.py:151} INFO - [2024-11-28T23:33:38.099+0000] {dag.py:3696} INFO - Setting next_dagrun for etl_pipeline to 2024-11-28T00:00:00+00:00, run_after=2024-11-28T00:00:15+00:00
[2024-11-28T23:33:38.112+0000] {processor.py:179} INFO - Processing /opt/airflow/dags/etl.py took 0.392 seconds
[2024-11-28T23:34:08.241+0000] {processor.py:157} INFO - Started process (PID=164) to work on /opt/airflow/dags/etl.py
[2024-11-28T23:34:08.242+0000] {processor.py:829} INFO - Processing file /opt/airflow/dags/etl.py for tasks to queue
[2024-11-28T23:34:08.243+0000] {logging_mixin.py:151} INFO - [2024-11-28T23:34:08.243+0000] {dagbag.py:539} INFO - Filling up the DagBag from /opt/airflow/dags/etl.py
[2024-11-28T23:34:08.505+0000] {processor.py:839} INFO - DAG(s) dict_keys(['etl_pipeline']) retrieved from /opt/airflow/dags/etl.py
[2024-11-28T23:34:08.530+0000] {logging_mixin.py:151} INFO - [2024-11-28T23:34:08.530+0000] {dag.py:2915} INFO - Sync 1 DAGs
[2024-11-28T23:34:08.556+0000] {logging_mixin.py:151} INFO - [2024-11-28T23:34:08.556+0000] {dag.py:3696} INFO - Setting next_dagrun for etl_pipeline to 2024-11-28T00:00:00+00:00, run_after=2024-11-28T00:00:15+00:00
[2024-11-28T23:34:08.573+0000] {processor.py:179} INFO - Processing /opt/airflow/dags/etl.py took 0.334 seconds
[2024-11-28T23:34:38.720+0000] {processor.py:157} INFO - Started process (PID=169) to work on /opt/airflow/dags/etl.py
[2024-11-28T23:34:38.720+0000] {processor.py:829} INFO - Processing file /opt/airflow/dags/etl.py for tasks to queue
[2024-11-28T23:34:38.721+0000] {logging_mixin.py:151} INFO - [2024-11-28T23:34:38.721+0000] {dagbag.py:539} INFO - Filling up the DagBag from /opt/airflow/dags/etl.py
[2024-11-28T23:34:38.975+0000] {processor.py:839} INFO - DAG(s) dict_keys(['etl_pipeline']) retrieved from /opt/airflow/dags/etl.py
[2024-11-28T23:34:38.995+0000] {logging_mixin.py:151} INFO - [2024-11-28T23:34:38.995+0000] {dag.py:2915} INFO - Sync 1 DAGs
[2024-11-28T23:34:39.011+0000] {logging_mixin.py:151} INFO - [2024-11-28T23:34:39.011+0000] {dag.py:3696} INFO - Setting next_dagrun for etl_pipeline to 2024-11-28T00:00:00+00:00, run_after=2024-11-28T00:00:15+00:00
[2024-11-28T23:34:39.023+0000] {processor.py:179} INFO - Processing /opt/airflow/dags/etl.py took 0.306 seconds
[2024-11-28T23:35:09.154+0000] {processor.py:157} INFO - Started process (PID=174) to work on /opt/airflow/dags/etl.py
[2024-11-28T23:35:09.155+0000] {processor.py:829} INFO - Processing file /opt/airflow/dags/etl.py for tasks to queue
[2024-11-28T23:35:09.156+0000] {logging_mixin.py:151} INFO - [2024-11-28T23:35:09.156+0000] {dagbag.py:539} INFO - Filling up the DagBag from /opt/airflow/dags/etl.py
[2024-11-28T23:35:09.408+0000] {processor.py:839} INFO - DAG(s) dict_keys(['etl_pipeline']) retrieved from /opt/airflow/dags/etl.py
[2024-11-28T23:35:09.428+0000] {logging_mixin.py:151} INFO - [2024-11-28T23:35:09.428+0000] {dag.py:2915} INFO - Sync 1 DAGs
[2024-11-28T23:35:09.444+0000] {logging_mixin.py:151} INFO - [2024-11-28T23:35:09.444+0000] {dag.py:3696} INFO - Setting next_dagrun for etl_pipeline to 2024-11-28T00:00:00+00:00, run_after=2024-11-28T00:00:15+00:00
[2024-11-28T23:35:09.456+0000] {processor.py:179} INFO - Processing /opt/airflow/dags/etl.py took 0.304 seconds
[2024-11-28T23:35:39.584+0000] {processor.py:157} INFO - Started process (PID=179) to work on /opt/airflow/dags/etl.py
[2024-11-28T23:35:39.585+0000] {processor.py:829} INFO - Processing file /opt/airflow/dags/etl.py for tasks to queue
[2024-11-28T23:35:39.586+0000] {logging_mixin.py:151} INFO - [2024-11-28T23:35:39.585+0000] {dagbag.py:539} INFO - Filling up the DagBag from /opt/airflow/dags/etl.py
[2024-11-28T23:35:39.833+0000] {processor.py:839} INFO - DAG(s) dict_keys(['etl_pipeline']) retrieved from /opt/airflow/dags/etl.py
[2024-11-28T23:35:39.853+0000] {logging_mixin.py:151} INFO - [2024-11-28T23:35:39.853+0000] {dag.py:2915} INFO - Sync 1 DAGs
[2024-11-28T23:35:39.868+0000] {logging_mixin.py:151} INFO - [2024-11-28T23:35:39.868+0000] {dag.py:3696} INFO - Setting next_dagrun for etl_pipeline to 2024-11-28T00:00:00+00:00, run_after=2024-11-28T00:00:15+00:00
[2024-11-28T23:35:39.880+0000] {processor.py:179} INFO - Processing /opt/airflow/dags/etl.py took 0.298 seconds
[2024-11-28T23:36:10.008+0000] {processor.py:157} INFO - Started process (PID=184) to work on /opt/airflow/dags/etl.py
[2024-11-28T23:36:10.009+0000] {processor.py:829} INFO - Processing file /opt/airflow/dags/etl.py for tasks to queue
[2024-11-28T23:36:10.009+0000] {logging_mixin.py:151} INFO - [2024-11-28T23:36:10.009+0000] {dagbag.py:539} INFO - Filling up the DagBag from /opt/airflow/dags/etl.py
[2024-11-28T23:36:10.253+0000] {processor.py:839} INFO - DAG(s) dict_keys(['etl_pipeline']) retrieved from /opt/airflow/dags/etl.py
[2024-11-28T23:36:10.273+0000] {logging_mixin.py:151} INFO - [2024-11-28T23:36:10.273+0000] {dag.py:2915} INFO - Sync 1 DAGs
[2024-11-28T23:36:10.289+0000] {logging_mixin.py:151} INFO - [2024-11-28T23:36:10.289+0000] {dag.py:3696} INFO - Setting next_dagrun for etl_pipeline to 2024-11-28T00:00:00+00:00, run_after=2024-11-28T00:00:15+00:00
[2024-11-28T23:36:10.301+0000] {processor.py:179} INFO - Processing /opt/airflow/dags/etl.py took 0.296 seconds
[2024-11-28T23:36:40.428+0000] {processor.py:157} INFO - Started process (PID=189) to work on /opt/airflow/dags/etl.py
[2024-11-28T23:36:40.428+0000] {processor.py:829} INFO - Processing file /opt/airflow/dags/etl.py for tasks to queue
[2024-11-28T23:36:40.429+0000] {logging_mixin.py:151} INFO - [2024-11-28T23:36:40.429+0000] {dagbag.py:539} INFO - Filling up the DagBag from /opt/airflow/dags/etl.py
[2024-11-28T23:36:40.717+0000] {processor.py:839} INFO - DAG(s) dict_keys(['etl_pipeline']) retrieved from /opt/airflow/dags/etl.py
[2024-11-28T23:36:40.738+0000] {logging_mixin.py:151} INFO - [2024-11-28T23:36:40.738+0000] {dag.py:2915} INFO - Sync 1 DAGs
[2024-11-28T23:36:40.754+0000] {logging_mixin.py:151} INFO - [2024-11-28T23:36:40.754+0000] {dag.py:3696} INFO - Setting next_dagrun for etl_pipeline to 2024-11-28T00:00:00+00:00, run_after=2024-11-28T00:00:15+00:00
[2024-11-28T23:36:40.766+0000] {processor.py:179} INFO - Processing /opt/airflow/dags/etl.py took 0.341 seconds
[2024-11-28T23:37:10.889+0000] {processor.py:157} INFO - Started process (PID=194) to work on /opt/airflow/dags/etl.py
[2024-11-28T23:37:10.890+0000] {processor.py:829} INFO - Processing file /opt/airflow/dags/etl.py for tasks to queue
[2024-11-28T23:37:10.890+0000] {logging_mixin.py:151} INFO - [2024-11-28T23:37:10.890+0000] {dagbag.py:539} INFO - Filling up the DagBag from /opt/airflow/dags/etl.py
[2024-11-28T23:37:11.137+0000] {processor.py:839} INFO - DAG(s) dict_keys(['etl_pipeline']) retrieved from /opt/airflow/dags/etl.py
[2024-11-28T23:37:11.157+0000] {logging_mixin.py:151} INFO - [2024-11-28T23:37:11.156+0000] {dag.py:2915} INFO - Sync 1 DAGs
[2024-11-28T23:37:11.173+0000] {logging_mixin.py:151} INFO - [2024-11-28T23:37:11.173+0000] {dag.py:3696} INFO - Setting next_dagrun for etl_pipeline to 2024-11-28T00:00:00+00:00, run_after=2024-11-28T00:00:15+00:00
[2024-11-28T23:37:11.185+0000] {processor.py:179} INFO - Processing /opt/airflow/dags/etl.py took 0.299 seconds
[2024-11-28T23:37:41.311+0000] {processor.py:157} INFO - Started process (PID=199) to work on /opt/airflow/dags/etl.py
[2024-11-28T23:37:41.312+0000] {processor.py:829} INFO - Processing file /opt/airflow/dags/etl.py for tasks to queue
[2024-11-28T23:37:41.312+0000] {logging_mixin.py:151} INFO - [2024-11-28T23:37:41.312+0000] {dagbag.py:539} INFO - Filling up the DagBag from /opt/airflow/dags/etl.py
[2024-11-28T23:37:41.561+0000] {processor.py:839} INFO - DAG(s) dict_keys(['etl_pipeline']) retrieved from /opt/airflow/dags/etl.py
[2024-11-28T23:37:41.582+0000] {logging_mixin.py:151} INFO - [2024-11-28T23:37:41.582+0000] {dag.py:2915} INFO - Sync 1 DAGs
[2024-11-28T23:37:41.597+0000] {logging_mixin.py:151} INFO - [2024-11-28T23:37:41.597+0000] {dag.py:3696} INFO - Setting next_dagrun for etl_pipeline to 2024-11-28T00:00:00+00:00, run_after=2024-11-28T00:00:15+00:00
[2024-11-28T23:37:41.609+0000] {processor.py:179} INFO - Processing /opt/airflow/dags/etl.py took 0.301 seconds
[2024-11-28T23:38:11.733+0000] {processor.py:157} INFO - Started process (PID=204) to work on /opt/airflow/dags/etl.py
[2024-11-28T23:38:11.734+0000] {processor.py:829} INFO - Processing file /opt/airflow/dags/etl.py for tasks to queue
[2024-11-28T23:38:11.735+0000] {logging_mixin.py:151} INFO - [2024-11-28T23:38:11.735+0000] {dagbag.py:539} INFO - Filling up the DagBag from /opt/airflow/dags/etl.py
[2024-11-28T23:38:12.010+0000] {processor.py:839} INFO - DAG(s) dict_keys(['etl_pipeline']) retrieved from /opt/airflow/dags/etl.py
[2024-11-28T23:38:12.031+0000] {logging_mixin.py:151} INFO - [2024-11-28T23:38:12.031+0000] {dag.py:2915} INFO - Sync 1 DAGs
[2024-11-28T23:38:12.047+0000] {logging_mixin.py:151} INFO - [2024-11-28T23:38:12.047+0000] {dag.py:3696} INFO - Setting next_dagrun for etl_pipeline to 2024-11-28T00:00:00+00:00, run_after=2024-11-28T00:00:15+00:00
[2024-11-28T23:38:12.059+0000] {processor.py:179} INFO - Processing /opt/airflow/dags/etl.py took 0.328 seconds
[2024-11-28T23:38:42.187+0000] {processor.py:157} INFO - Started process (PID=209) to work on /opt/airflow/dags/etl.py
[2024-11-28T23:38:42.187+0000] {processor.py:829} INFO - Processing file /opt/airflow/dags/etl.py for tasks to queue
[2024-11-28T23:38:42.188+0000] {logging_mixin.py:151} INFO - [2024-11-28T23:38:42.188+0000] {dagbag.py:539} INFO - Filling up the DagBag from /opt/airflow/dags/etl.py
[2024-11-28T23:38:42.463+0000] {processor.py:839} INFO - DAG(s) dict_keys(['etl_pipeline']) retrieved from /opt/airflow/dags/etl.py
[2024-11-28T23:38:42.483+0000] {logging_mixin.py:151} INFO - [2024-11-28T23:38:42.483+0000] {dag.py:2915} INFO - Sync 1 DAGs
[2024-11-28T23:38:42.498+0000] {logging_mixin.py:151} INFO - [2024-11-28T23:38:42.498+0000] {dag.py:3696} INFO - Setting next_dagrun for etl_pipeline to 2024-11-28T00:00:00+00:00, run_after=2024-11-28T00:00:15+00:00
[2024-11-28T23:38:42.510+0000] {processor.py:179} INFO - Processing /opt/airflow/dags/etl.py took 0.326 seconds
[2024-11-28T23:39:12.634+0000] {processor.py:157} INFO - Started process (PID=214) to work on /opt/airflow/dags/etl.py
[2024-11-28T23:39:12.634+0000] {processor.py:829} INFO - Processing file /opt/airflow/dags/etl.py for tasks to queue
[2024-11-28T23:39:12.635+0000] {logging_mixin.py:151} INFO - [2024-11-28T23:39:12.635+0000] {dagbag.py:539} INFO - Filling up the DagBag from /opt/airflow/dags/etl.py
[2024-11-28T23:39:12.885+0000] {processor.py:839} INFO - DAG(s) dict_keys(['etl_pipeline']) retrieved from /opt/airflow/dags/etl.py
[2024-11-28T23:39:12.905+0000] {logging_mixin.py:151} INFO - [2024-11-28T23:39:12.905+0000] {dag.py:2915} INFO - Sync 1 DAGs
[2024-11-28T23:39:12.921+0000] {logging_mixin.py:151} INFO - [2024-11-28T23:39:12.921+0000] {dag.py:3696} INFO - Setting next_dagrun for etl_pipeline to 2024-11-28T00:00:00+00:00, run_after=2024-11-28T00:00:15+00:00
[2024-11-28T23:39:12.934+0000] {processor.py:179} INFO - Processing /opt/airflow/dags/etl.py took 0.303 seconds
[2024-11-28T23:39:43.055+0000] {processor.py:157} INFO - Started process (PID=219) to work on /opt/airflow/dags/etl.py
[2024-11-28T23:39:43.056+0000] {processor.py:829} INFO - Processing file /opt/airflow/dags/etl.py for tasks to queue
[2024-11-28T23:39:43.056+0000] {logging_mixin.py:151} INFO - [2024-11-28T23:39:43.056+0000] {dagbag.py:539} INFO - Filling up the DagBag from /opt/airflow/dags/etl.py
[2024-11-28T23:39:43.300+0000] {processor.py:839} INFO - DAG(s) dict_keys(['etl_pipeline']) retrieved from /opt/airflow/dags/etl.py
[2024-11-28T23:39:43.320+0000] {logging_mixin.py:151} INFO - [2024-11-28T23:39:43.320+0000] {dag.py:2915} INFO - Sync 1 DAGs
[2024-11-28T23:39:43.336+0000] {logging_mixin.py:151} INFO - [2024-11-28T23:39:43.336+0000] {dag.py:3696} INFO - Setting next_dagrun for etl_pipeline to 2024-11-28T00:00:00+00:00, run_after=2024-11-28T00:00:15+00:00
[2024-11-28T23:39:43.351+0000] {processor.py:179} INFO - Processing /opt/airflow/dags/etl.py took 0.299 seconds
[2024-11-28T23:40:13.475+0000] {processor.py:157} INFO - Started process (PID=224) to work on /opt/airflow/dags/etl.py
[2024-11-28T23:40:13.476+0000] {processor.py:829} INFO - Processing file /opt/airflow/dags/etl.py for tasks to queue
[2024-11-28T23:40:13.476+0000] {logging_mixin.py:151} INFO - [2024-11-28T23:40:13.476+0000] {dagbag.py:539} INFO - Filling up the DagBag from /opt/airflow/dags/etl.py
[2024-11-28T23:40:13.729+0000] {processor.py:839} INFO - DAG(s) dict_keys(['etl_pipeline']) retrieved from /opt/airflow/dags/etl.py
[2024-11-28T23:40:13.752+0000] {logging_mixin.py:151} INFO - [2024-11-28T23:40:13.752+0000] {dag.py:2915} INFO - Sync 1 DAGs
[2024-11-28T23:40:13.768+0000] {logging_mixin.py:151} INFO - [2024-11-28T23:40:13.768+0000] {dag.py:3696} INFO - Setting next_dagrun for etl_pipeline to 2024-11-28T00:00:00+00:00, run_after=2024-11-28T00:00:15+00:00
[2024-11-28T23:40:13.780+0000] {processor.py:179} INFO - Processing /opt/airflow/dags/etl.py took 0.308 seconds
[2024-11-28T23:40:43.910+0000] {processor.py:157} INFO - Started process (PID=229) to work on /opt/airflow/dags/etl.py
[2024-11-28T23:40:43.911+0000] {processor.py:829} INFO - Processing file /opt/airflow/dags/etl.py for tasks to queue
[2024-11-28T23:40:43.912+0000] {logging_mixin.py:151} INFO - [2024-11-28T23:40:43.912+0000] {dagbag.py:539} INFO - Filling up the DagBag from /opt/airflow/dags/etl.py
[2024-11-28T23:40:44.189+0000] {processor.py:839} INFO - DAG(s) dict_keys(['etl_pipeline']) retrieved from /opt/airflow/dags/etl.py
[2024-11-28T23:40:44.220+0000] {logging_mixin.py:151} INFO - [2024-11-28T23:40:44.219+0000] {dag.py:2915} INFO - Sync 1 DAGs
[2024-11-28T23:40:44.242+0000] {logging_mixin.py:151} INFO - [2024-11-28T23:40:44.242+0000] {dag.py:3696} INFO - Setting next_dagrun for etl_pipeline to 2024-11-28T00:00:00+00:00, run_after=2024-11-28T00:00:15+00:00
[2024-11-28T23:40:44.258+0000] {processor.py:179} INFO - Processing /opt/airflow/dags/etl.py took 0.351 seconds
[2024-11-28T23:41:14.385+0000] {processor.py:157} INFO - Started process (PID=234) to work on /opt/airflow/dags/etl.py
[2024-11-28T23:41:14.385+0000] {processor.py:829} INFO - Processing file /opt/airflow/dags/etl.py for tasks to queue
[2024-11-28T23:41:14.386+0000] {logging_mixin.py:151} INFO - [2024-11-28T23:41:14.386+0000] {dagbag.py:539} INFO - Filling up the DagBag from /opt/airflow/dags/etl.py
[2024-11-28T23:41:14.631+0000] {processor.py:839} INFO - DAG(s) dict_keys(['etl_pipeline']) retrieved from /opt/airflow/dags/etl.py
[2024-11-28T23:41:14.651+0000] {logging_mixin.py:151} INFO - [2024-11-28T23:41:14.651+0000] {dag.py:2915} INFO - Sync 1 DAGs
[2024-11-28T23:41:14.667+0000] {logging_mixin.py:151} INFO - [2024-11-28T23:41:14.667+0000] {dag.py:3696} INFO - Setting next_dagrun for etl_pipeline to 2024-11-28T00:00:00+00:00, run_after=2024-11-28T00:00:15+00:00
[2024-11-28T23:41:14.679+0000] {processor.py:179} INFO - Processing /opt/airflow/dags/etl.py took 0.297 seconds
[2024-11-28T23:41:44.801+0000] {processor.py:157} INFO - Started process (PID=239) to work on /opt/airflow/dags/etl.py
[2024-11-28T23:41:44.802+0000] {processor.py:829} INFO - Processing file /opt/airflow/dags/etl.py for tasks to queue
[2024-11-28T23:41:44.803+0000] {logging_mixin.py:151} INFO - [2024-11-28T23:41:44.803+0000] {dagbag.py:539} INFO - Filling up the DagBag from /opt/airflow/dags/etl.py
[2024-11-28T23:41:45.051+0000] {processor.py:839} INFO - DAG(s) dict_keys(['etl_pipeline']) retrieved from /opt/airflow/dags/etl.py
[2024-11-28T23:41:45.072+0000] {logging_mixin.py:151} INFO - [2024-11-28T23:41:45.071+0000] {dag.py:2915} INFO - Sync 1 DAGs
[2024-11-28T23:41:45.087+0000] {logging_mixin.py:151} INFO - [2024-11-28T23:41:45.087+0000] {dag.py:3696} INFO - Setting next_dagrun for etl_pipeline to 2024-11-28T00:00:00+00:00, run_after=2024-11-28T00:00:15+00:00
[2024-11-28T23:41:45.100+0000] {processor.py:179} INFO - Processing /opt/airflow/dags/etl.py took 0.301 seconds
[2024-11-28T23:42:15.225+0000] {processor.py:157} INFO - Started process (PID=244) to work on /opt/airflow/dags/etl.py
[2024-11-28T23:42:15.225+0000] {processor.py:829} INFO - Processing file /opt/airflow/dags/etl.py for tasks to queue
[2024-11-28T23:42:15.226+0000] {logging_mixin.py:151} INFO - [2024-11-28T23:42:15.226+0000] {dagbag.py:539} INFO - Filling up the DagBag from /opt/airflow/dags/etl.py
[2024-11-28T23:42:15.475+0000] {processor.py:839} INFO - DAG(s) dict_keys(['etl_pipeline']) retrieved from /opt/airflow/dags/etl.py
[2024-11-28T23:42:15.495+0000] {logging_mixin.py:151} INFO - [2024-11-28T23:42:15.495+0000] {dag.py:2915} INFO - Sync 1 DAGs
[2024-11-28T23:42:15.512+0000] {logging_mixin.py:151} INFO - [2024-11-28T23:42:15.511+0000] {dag.py:3696} INFO - Setting next_dagrun for etl_pipeline to 2024-11-28T00:00:00+00:00, run_after=2024-11-28T00:00:15+00:00
[2024-11-28T23:42:15.524+0000] {processor.py:179} INFO - Processing /opt/airflow/dags/etl.py took 0.302 seconds
[2024-11-28T23:42:45.650+0000] {processor.py:157} INFO - Started process (PID=249) to work on /opt/airflow/dags/etl.py
[2024-11-28T23:42:45.651+0000] {processor.py:829} INFO - Processing file /opt/airflow/dags/etl.py for tasks to queue
[2024-11-28T23:42:45.651+0000] {logging_mixin.py:151} INFO - [2024-11-28T23:42:45.651+0000] {dagbag.py:539} INFO - Filling up the DagBag from /opt/airflow/dags/etl.py
[2024-11-28T23:42:45.905+0000] {processor.py:839} INFO - DAG(s) dict_keys(['etl_pipeline']) retrieved from /opt/airflow/dags/etl.py
[2024-11-28T23:42:45.925+0000] {logging_mixin.py:151} INFO - [2024-11-28T23:42:45.925+0000] {dag.py:2915} INFO - Sync 1 DAGs
[2024-11-28T23:42:45.941+0000] {logging_mixin.py:151} INFO - [2024-11-28T23:42:45.941+0000] {dag.py:3696} INFO - Setting next_dagrun for etl_pipeline to 2024-11-28T00:00:00+00:00, run_after=2024-11-28T00:00:15+00:00
[2024-11-28T23:42:45.953+0000] {processor.py:179} INFO - Processing /opt/airflow/dags/etl.py took 0.305 seconds
[2024-11-28T23:43:16.073+0000] {processor.py:157} INFO - Started process (PID=254) to work on /opt/airflow/dags/etl.py
[2024-11-28T23:43:16.074+0000] {processor.py:829} INFO - Processing file /opt/airflow/dags/etl.py for tasks to queue
[2024-11-28T23:43:16.075+0000] {logging_mixin.py:151} INFO - [2024-11-28T23:43:16.075+0000] {dagbag.py:539} INFO - Filling up the DagBag from /opt/airflow/dags/etl.py
[2024-11-28T23:43:16.340+0000] {processor.py:839} INFO - DAG(s) dict_keys(['etl_pipeline']) retrieved from /opt/airflow/dags/etl.py
[2024-11-28T23:43:16.373+0000] {logging_mixin.py:151} INFO - [2024-11-28T23:43:16.372+0000] {dag.py:2915} INFO - Sync 1 DAGs
[2024-11-28T23:43:16.390+0000] {logging_mixin.py:151} INFO - [2024-11-28T23:43:16.389+0000] {dag.py:3696} INFO - Setting next_dagrun for etl_pipeline to 2024-11-28T00:00:00+00:00, run_after=2024-11-28T00:00:15+00:00
[2024-11-28T23:43:16.402+0000] {processor.py:179} INFO - Processing /opt/airflow/dags/etl.py took 0.331 seconds
[2024-11-28T23:43:46.525+0000] {processor.py:157} INFO - Started process (PID=259) to work on /opt/airflow/dags/etl.py
[2024-11-28T23:43:46.526+0000] {processor.py:829} INFO - Processing file /opt/airflow/dags/etl.py for tasks to queue
[2024-11-28T23:43:46.526+0000] {logging_mixin.py:151} INFO - [2024-11-28T23:43:46.526+0000] {dagbag.py:539} INFO - Filling up the DagBag from /opt/airflow/dags/etl.py
[2024-11-28T23:43:46.804+0000] {processor.py:839} INFO - DAG(s) dict_keys(['etl_pipeline']) retrieved from /opt/airflow/dags/etl.py
[2024-11-28T23:43:46.825+0000] {logging_mixin.py:151} INFO - [2024-11-28T23:43:46.825+0000] {dag.py:2915} INFO - Sync 1 DAGs
[2024-11-28T23:43:46.841+0000] {logging_mixin.py:151} INFO - [2024-11-28T23:43:46.841+0000] {dag.py:3696} INFO - Setting next_dagrun for etl_pipeline to 2024-11-28T00:00:00+00:00, run_after=2024-11-28T00:00:15+00:00
[2024-11-28T23:43:46.853+0000] {processor.py:179} INFO - Processing /opt/airflow/dags/etl.py took 0.331 seconds
[2024-11-28T23:44:16.979+0000] {processor.py:157} INFO - Started process (PID=264) to work on /opt/airflow/dags/etl.py
[2024-11-28T23:44:16.979+0000] {processor.py:829} INFO - Processing file /opt/airflow/dags/etl.py for tasks to queue
[2024-11-28T23:44:16.980+0000] {logging_mixin.py:151} INFO - [2024-11-28T23:44:16.980+0000] {dagbag.py:539} INFO - Filling up the DagBag from /opt/airflow/dags/etl.py
[2024-11-28T23:44:17.227+0000] {processor.py:839} INFO - DAG(s) dict_keys(['etl_pipeline']) retrieved from /opt/airflow/dags/etl.py
[2024-11-28T23:44:17.247+0000] {logging_mixin.py:151} INFO - [2024-11-28T23:44:17.246+0000] {dag.py:2915} INFO - Sync 1 DAGs
[2024-11-28T23:44:17.262+0000] {logging_mixin.py:151} INFO - [2024-11-28T23:44:17.262+0000] {dag.py:3696} INFO - Setting next_dagrun for etl_pipeline to 2024-11-28T00:00:00+00:00, run_after=2024-11-28T00:00:15+00:00
[2024-11-28T23:44:17.275+0000] {processor.py:179} INFO - Processing /opt/airflow/dags/etl.py took 0.299 seconds
[2024-11-28T23:44:47.408+0000] {processor.py:157} INFO - Started process (PID=269) to work on /opt/airflow/dags/etl.py
[2024-11-28T23:44:47.409+0000] {processor.py:829} INFO - Processing file /opt/airflow/dags/etl.py for tasks to queue
[2024-11-28T23:44:47.409+0000] {logging_mixin.py:151} INFO - [2024-11-28T23:44:47.409+0000] {dagbag.py:539} INFO - Filling up the DagBag from /opt/airflow/dags/etl.py
[2024-11-28T23:44:47.662+0000] {processor.py:839} INFO - DAG(s) dict_keys(['etl_pipeline']) retrieved from /opt/airflow/dags/etl.py
[2024-11-28T23:44:47.682+0000] {logging_mixin.py:151} INFO - [2024-11-28T23:44:47.681+0000] {dag.py:2915} INFO - Sync 1 DAGs
[2024-11-28T23:44:47.697+0000] {logging_mixin.py:151} INFO - [2024-11-28T23:44:47.697+0000] {dag.py:3696} INFO - Setting next_dagrun for etl_pipeline to 2024-11-28T00:00:00+00:00, run_after=2024-11-28T00:00:15+00:00
[2024-11-28T23:44:47.709+0000] {processor.py:179} INFO - Processing /opt/airflow/dags/etl.py took 0.304 seconds
[2024-11-28T23:45:17.834+0000] {processor.py:157} INFO - Started process (PID=274) to work on /opt/airflow/dags/etl.py
[2024-11-28T23:45:17.835+0000] {processor.py:829} INFO - Processing file /opt/airflow/dags/etl.py for tasks to queue
[2024-11-28T23:45:17.835+0000] {logging_mixin.py:151} INFO - [2024-11-28T23:45:17.835+0000] {dagbag.py:539} INFO - Filling up the DagBag from /opt/airflow/dags/etl.py
[2024-11-28T23:45:18.082+0000] {processor.py:839} INFO - DAG(s) dict_keys(['etl_pipeline']) retrieved from /opt/airflow/dags/etl.py
[2024-11-28T23:45:18.102+0000] {logging_mixin.py:151} INFO - [2024-11-28T23:45:18.102+0000] {dag.py:2915} INFO - Sync 1 DAGs
[2024-11-28T23:45:18.118+0000] {logging_mixin.py:151} INFO - [2024-11-28T23:45:18.118+0000] {dag.py:3696} INFO - Setting next_dagrun for etl_pipeline to 2024-11-28T00:00:00+00:00, run_after=2024-11-28T00:00:15+00:00
[2024-11-28T23:45:18.130+0000] {processor.py:179} INFO - Processing /opt/airflow/dags/etl.py took 0.299 seconds
[2024-11-28T23:45:48.256+0000] {processor.py:157} INFO - Started process (PID=279) to work on /opt/airflow/dags/etl.py
[2024-11-28T23:45:48.256+0000] {processor.py:829} INFO - Processing file /opt/airflow/dags/etl.py for tasks to queue
[2024-11-28T23:45:48.257+0000] {logging_mixin.py:151} INFO - [2024-11-28T23:45:48.257+0000] {dagbag.py:539} INFO - Filling up the DagBag from /opt/airflow/dags/etl.py
[2024-11-28T23:45:48.507+0000] {processor.py:839} INFO - DAG(s) dict_keys(['etl_pipeline']) retrieved from /opt/airflow/dags/etl.py
[2024-11-28T23:45:48.544+0000] {logging_mixin.py:151} INFO - [2024-11-28T23:45:48.543+0000] {dag.py:2915} INFO - Sync 1 DAGs
[2024-11-28T23:45:48.575+0000] {logging_mixin.py:151} INFO - [2024-11-28T23:45:48.575+0000] {dag.py:3696} INFO - Setting next_dagrun for etl_pipeline to 2024-11-28T00:00:00+00:00, run_after=2024-11-28T00:00:15+00:00
[2024-11-28T23:45:48.591+0000] {processor.py:179} INFO - Processing /opt/airflow/dags/etl.py took 0.338 seconds
[2024-11-28T23:46:18.761+0000] {processor.py:157} INFO - Started process (PID=284) to work on /opt/airflow/dags/etl.py
[2024-11-28T23:46:18.762+0000] {processor.py:829} INFO - Processing file /opt/airflow/dags/etl.py for tasks to queue
[2024-11-28T23:46:18.762+0000] {logging_mixin.py:151} INFO - [2024-11-28T23:46:18.762+0000] {dagbag.py:539} INFO - Filling up the DagBag from /opt/airflow/dags/etl.py
[2024-11-28T23:46:19.015+0000] {processor.py:839} INFO - DAG(s) dict_keys(['etl_pipeline']) retrieved from /opt/airflow/dags/etl.py
[2024-11-28T23:46:19.035+0000] {logging_mixin.py:151} INFO - [2024-11-28T23:46:19.035+0000] {dag.py:2915} INFO - Sync 1 DAGs
[2024-11-28T23:46:19.051+0000] {logging_mixin.py:151} INFO - [2024-11-28T23:46:19.051+0000] {dag.py:3696} INFO - Setting next_dagrun for etl_pipeline to 2024-11-28T00:00:00+00:00, run_after=2024-11-28T00:00:15+00:00
[2024-11-28T23:46:19.063+0000] {processor.py:179} INFO - Processing /opt/airflow/dags/etl.py took 0.305 seconds
[2024-11-28T23:46:49.213+0000] {processor.py:157} INFO - Started process (PID=289) to work on /opt/airflow/dags/etl.py
[2024-11-28T23:46:49.214+0000] {processor.py:829} INFO - Processing file /opt/airflow/dags/etl.py for tasks to queue
[2024-11-28T23:46:49.214+0000] {logging_mixin.py:151} INFO - [2024-11-28T23:46:49.214+0000] {dagbag.py:539} INFO - Filling up the DagBag from /opt/airflow/dags/etl.py
[2024-11-28T23:46:49.471+0000] {processor.py:839} INFO - DAG(s) dict_keys(['etl_pipeline']) retrieved from /opt/airflow/dags/etl.py
[2024-11-28T23:46:49.491+0000] {logging_mixin.py:151} INFO - [2024-11-28T23:46:49.490+0000] {dag.py:2915} INFO - Sync 1 DAGs
[2024-11-28T23:46:49.506+0000] {logging_mixin.py:151} INFO - [2024-11-28T23:46:49.506+0000] {dag.py:3696} INFO - Setting next_dagrun for etl_pipeline to 2024-11-28T00:00:00+00:00, run_after=2024-11-28T00:00:15+00:00
[2024-11-28T23:46:49.518+0000] {processor.py:179} INFO - Processing /opt/airflow/dags/etl.py took 0.308 seconds
[2024-11-28T23:47:19.675+0000] {processor.py:157} INFO - Started process (PID=294) to work on /opt/airflow/dags/etl.py
[2024-11-28T23:47:19.676+0000] {processor.py:829} INFO - Processing file /opt/airflow/dags/etl.py for tasks to queue
[2024-11-28T23:47:19.677+0000] {logging_mixin.py:151} INFO - [2024-11-28T23:47:19.676+0000] {dagbag.py:539} INFO - Filling up the DagBag from /opt/airflow/dags/etl.py
[2024-11-28T23:47:19.923+0000] {processor.py:839} INFO - DAG(s) dict_keys(['etl_pipeline']) retrieved from /opt/airflow/dags/etl.py
[2024-11-28T23:47:19.945+0000] {logging_mixin.py:151} INFO - [2024-11-28T23:47:19.945+0000] {dag.py:2915} INFO - Sync 1 DAGs
[2024-11-28T23:47:19.966+0000] {logging_mixin.py:151} INFO - [2024-11-28T23:47:19.966+0000] {dag.py:3696} INFO - Setting next_dagrun for etl_pipeline to 2024-11-28T00:00:00+00:00, run_after=2024-11-28T00:00:15+00:00
[2024-11-28T23:47:19.983+0000] {processor.py:179} INFO - Processing /opt/airflow/dags/etl.py took 0.310 seconds
[2024-11-28T23:47:50.119+0000] {processor.py:157} INFO - Started process (PID=299) to work on /opt/airflow/dags/etl.py
[2024-11-28T23:47:50.119+0000] {processor.py:829} INFO - Processing file /opt/airflow/dags/etl.py for tasks to queue
[2024-11-28T23:47:50.120+0000] {logging_mixin.py:151} INFO - [2024-11-28T23:47:50.120+0000] {dagbag.py:539} INFO - Filling up the DagBag from /opt/airflow/dags/etl.py
[2024-11-28T23:47:50.399+0000] {processor.py:839} INFO - DAG(s) dict_keys(['etl_pipeline']) retrieved from /opt/airflow/dags/etl.py
[2024-11-28T23:47:50.419+0000] {logging_mixin.py:151} INFO - [2024-11-28T23:47:50.419+0000] {dag.py:2915} INFO - Sync 1 DAGs
[2024-11-28T23:47:50.435+0000] {logging_mixin.py:151} INFO - [2024-11-28T23:47:50.435+0000] {dag.py:3696} INFO - Setting next_dagrun for etl_pipeline to 2024-11-28T00:00:00+00:00, run_after=2024-11-28T00:00:15+00:00
[2024-11-28T23:47:50.447+0000] {processor.py:179} INFO - Processing /opt/airflow/dags/etl.py took 0.331 seconds
[2024-11-28T23:48:20.591+0000] {processor.py:157} INFO - Started process (PID=304) to work on /opt/airflow/dags/etl.py
[2024-11-28T23:48:20.591+0000] {processor.py:829} INFO - Processing file /opt/airflow/dags/etl.py for tasks to queue
[2024-11-28T23:48:20.592+0000] {logging_mixin.py:151} INFO - [2024-11-28T23:48:20.592+0000] {dagbag.py:539} INFO - Filling up the DagBag from /opt/airflow/dags/etl.py
[2024-11-28T23:48:20.880+0000] {processor.py:839} INFO - DAG(s) dict_keys(['etl_pipeline']) retrieved from /opt/airflow/dags/etl.py
[2024-11-28T23:48:20.900+0000] {logging_mixin.py:151} INFO - [2024-11-28T23:48:20.899+0000] {dag.py:2915} INFO - Sync 1 DAGs
[2024-11-28T23:48:20.916+0000] {logging_mixin.py:151} INFO - [2024-11-28T23:48:20.916+0000] {dag.py:3696} INFO - Setting next_dagrun for etl_pipeline to 2024-11-28T00:00:00+00:00, run_after=2024-11-28T00:00:15+00:00
[2024-11-28T23:48:20.945+0000] {processor.py:179} INFO - Processing /opt/airflow/dags/etl.py took 0.357 seconds
[2024-11-28T23:48:51.745+0000] {processor.py:157} INFO - Started process (PID=309) to work on /opt/airflow/dags/etl.py
[2024-11-28T23:48:51.746+0000] {processor.py:829} INFO - Processing file /opt/airflow/dags/etl.py for tasks to queue
[2024-11-28T23:48:51.746+0000] {logging_mixin.py:151} INFO - [2024-11-28T23:48:51.746+0000] {dagbag.py:539} INFO - Filling up the DagBag from /opt/airflow/dags/etl.py
[2024-11-28T23:48:52.028+0000] {processor.py:839} INFO - DAG(s) dict_keys(['etl_pipeline']) retrieved from /opt/airflow/dags/etl.py
[2024-11-28T23:48:52.059+0000] {logging_mixin.py:151} INFO - [2024-11-28T23:48:52.059+0000] {dag.py:2915} INFO - Sync 1 DAGs
[2024-11-28T23:48:52.084+0000] {logging_mixin.py:151} INFO - [2024-11-28T23:48:52.084+0000] {dag.py:3696} INFO - Setting next_dagrun for etl_pipeline to 2024-11-28T00:00:00+00:00, run_after=2024-11-28T00:00:15+00:00
[2024-11-28T23:48:52.099+0000] {processor.py:179} INFO - Processing /opt/airflow/dags/etl.py took 0.357 seconds
[2024-11-28T23:49:22.232+0000] {processor.py:157} INFO - Started process (PID=314) to work on /opt/airflow/dags/etl.py
[2024-11-28T23:49:22.233+0000] {processor.py:829} INFO - Processing file /opt/airflow/dags/etl.py for tasks to queue
[2024-11-28T23:49:22.233+0000] {logging_mixin.py:151} INFO - [2024-11-28T23:49:22.233+0000] {dagbag.py:539} INFO - Filling up the DagBag from /opt/airflow/dags/etl.py
[2024-11-28T23:49:22.530+0000] {processor.py:839} INFO - DAG(s) dict_keys(['etl_pipeline']) retrieved from /opt/airflow/dags/etl.py
[2024-11-28T23:49:22.550+0000] {logging_mixin.py:151} INFO - [2024-11-28T23:49:22.550+0000] {dag.py:2915} INFO - Sync 1 DAGs
[2024-11-28T23:49:22.565+0000] {logging_mixin.py:151} INFO - [2024-11-28T23:49:22.565+0000] {dag.py:3696} INFO - Setting next_dagrun for etl_pipeline to 2024-11-28T00:00:00+00:00, run_after=2024-11-28T00:00:15+00:00
[2024-11-28T23:49:22.580+0000] {processor.py:179} INFO - Processing /opt/airflow/dags/etl.py took 0.350 seconds
[2024-11-28T23:49:52.707+0000] {processor.py:157} INFO - Started process (PID=319) to work on /opt/airflow/dags/etl.py
[2024-11-28T23:49:52.708+0000] {processor.py:829} INFO - Processing file /opt/airflow/dags/etl.py for tasks to queue
[2024-11-28T23:49:52.709+0000] {logging_mixin.py:151} INFO - [2024-11-28T23:49:52.708+0000] {dagbag.py:539} INFO - Filling up the DagBag from /opt/airflow/dags/etl.py
[2024-11-28T23:49:53.016+0000] {processor.py:839} INFO - DAG(s) dict_keys(['etl_pipeline']) retrieved from /opt/airflow/dags/etl.py
[2024-11-28T23:49:53.036+0000] {logging_mixin.py:151} INFO - [2024-11-28T23:49:53.036+0000] {dag.py:2915} INFO - Sync 1 DAGs
[2024-11-28T23:49:53.052+0000] {logging_mixin.py:151} INFO - [2024-11-28T23:49:53.052+0000] {dag.py:3696} INFO - Setting next_dagrun for etl_pipeline to 2024-11-28T00:00:00+00:00, run_after=2024-11-28T00:00:15+00:00
[2024-11-28T23:49:53.065+0000] {processor.py:179} INFO - Processing /opt/airflow/dags/etl.py took 0.361 seconds
[2024-11-28T23:50:23.203+0000] {processor.py:157} INFO - Started process (PID=324) to work on /opt/airflow/dags/etl.py
[2024-11-28T23:50:23.204+0000] {processor.py:829} INFO - Processing file /opt/airflow/dags/etl.py for tasks to queue
[2024-11-28T23:50:23.205+0000] {logging_mixin.py:151} INFO - [2024-11-28T23:50:23.204+0000] {dagbag.py:539} INFO - Filling up the DagBag from /opt/airflow/dags/etl.py
[2024-11-28T23:50:23.511+0000] {processor.py:839} INFO - DAG(s) dict_keys(['etl_pipeline']) retrieved from /opt/airflow/dags/etl.py
[2024-11-28T23:50:23.531+0000] {logging_mixin.py:151} INFO - [2024-11-28T23:50:23.531+0000] {dag.py:2915} INFO - Sync 1 DAGs
[2024-11-28T23:50:23.547+0000] {logging_mixin.py:151} INFO - [2024-11-28T23:50:23.547+0000] {dag.py:3696} INFO - Setting next_dagrun for etl_pipeline to 2024-11-28T00:00:00+00:00, run_after=2024-11-28T00:00:15+00:00
[2024-11-28T23:50:23.559+0000] {processor.py:179} INFO - Processing /opt/airflow/dags/etl.py took 0.359 seconds
[2024-11-28T23:50:53.685+0000] {processor.py:157} INFO - Started process (PID=329) to work on /opt/airflow/dags/etl.py
[2024-11-28T23:50:53.686+0000] {processor.py:829} INFO - Processing file /opt/airflow/dags/etl.py for tasks to queue
[2024-11-28T23:50:53.687+0000] {logging_mixin.py:151} INFO - [2024-11-28T23:50:53.686+0000] {dagbag.py:539} INFO - Filling up the DagBag from /opt/airflow/dags/etl.py
[2024-11-28T23:50:53.998+0000] {processor.py:839} INFO - DAG(s) dict_keys(['etl_pipeline']) retrieved from /opt/airflow/dags/etl.py
[2024-11-28T23:50:54.018+0000] {logging_mixin.py:151} INFO - [2024-11-28T23:50:54.018+0000] {dag.py:2915} INFO - Sync 1 DAGs
[2024-11-28T23:50:54.035+0000] {logging_mixin.py:151} INFO - [2024-11-28T23:50:54.035+0000] {dag.py:3696} INFO - Setting next_dagrun for etl_pipeline to 2024-11-28T00:00:00+00:00, run_after=2024-11-28T00:00:15+00:00
[2024-11-28T23:50:54.047+0000] {processor.py:179} INFO - Processing /opt/airflow/dags/etl.py took 0.364 seconds
[2024-11-28T23:51:24.192+0000] {processor.py:157} INFO - Started process (PID=334) to work on /opt/airflow/dags/etl.py
[2024-11-28T23:51:24.193+0000] {processor.py:829} INFO - Processing file /opt/airflow/dags/etl.py for tasks to queue
[2024-11-28T23:51:24.194+0000] {logging_mixin.py:151} INFO - [2024-11-28T23:51:24.193+0000] {dagbag.py:539} INFO - Filling up the DagBag from /opt/airflow/dags/etl.py
[2024-11-28T23:51:24.494+0000] {processor.py:839} INFO - DAG(s) dict_keys(['etl_pipeline']) retrieved from /opt/airflow/dags/etl.py
[2024-11-28T23:51:24.514+0000] {logging_mixin.py:151} INFO - [2024-11-28T23:51:24.514+0000] {dag.py:2915} INFO - Sync 1 DAGs
[2024-11-28T23:51:24.530+0000] {logging_mixin.py:151} INFO - [2024-11-28T23:51:24.530+0000] {dag.py:3696} INFO - Setting next_dagrun for etl_pipeline to 2024-11-28T00:00:00+00:00, run_after=2024-11-28T00:00:15+00:00
[2024-11-28T23:51:24.542+0000] {processor.py:179} INFO - Processing /opt/airflow/dags/etl.py took 0.353 seconds
[2024-11-28T23:51:54.668+0000] {processor.py:157} INFO - Started process (PID=339) to work on /opt/airflow/dags/etl.py
[2024-11-28T23:51:54.669+0000] {processor.py:829} INFO - Processing file /opt/airflow/dags/etl.py for tasks to queue
[2024-11-28T23:51:54.669+0000] {logging_mixin.py:151} INFO - [2024-11-28T23:51:54.669+0000] {dagbag.py:539} INFO - Filling up the DagBag from /opt/airflow/dags/etl.py
[2024-11-28T23:51:54.986+0000] {processor.py:839} INFO - DAG(s) dict_keys(['etl_pipeline']) retrieved from /opt/airflow/dags/etl.py
[2024-11-28T23:51:55.006+0000] {logging_mixin.py:151} INFO - [2024-11-28T23:51:55.006+0000] {dag.py:2915} INFO - Sync 1 DAGs
[2024-11-28T23:51:55.022+0000] {logging_mixin.py:151} INFO - [2024-11-28T23:51:55.022+0000] {dag.py:3696} INFO - Setting next_dagrun for etl_pipeline to 2024-11-28T00:00:00+00:00, run_after=2024-11-28T00:00:15+00:00
[2024-11-28T23:51:55.034+0000] {processor.py:179} INFO - Processing /opt/airflow/dags/etl.py took 0.369 seconds
[2024-11-28T23:52:25.178+0000] {processor.py:157} INFO - Started process (PID=344) to work on /opt/airflow/dags/etl.py
[2024-11-28T23:52:25.179+0000] {processor.py:829} INFO - Processing file /opt/airflow/dags/etl.py for tasks to queue
[2024-11-28T23:52:25.179+0000] {logging_mixin.py:151} INFO - [2024-11-28T23:52:25.179+0000] {dagbag.py:539} INFO - Filling up the DagBag from /opt/airflow/dags/etl.py
[2024-11-28T23:52:25.503+0000] {processor.py:839} INFO - DAG(s) dict_keys(['etl_pipeline']) retrieved from /opt/airflow/dags/etl.py
[2024-11-28T23:52:25.533+0000] {logging_mixin.py:151} INFO - [2024-11-28T23:52:25.532+0000] {dag.py:2915} INFO - Sync 1 DAGs
[2024-11-28T23:52:25.550+0000] {logging_mixin.py:151} INFO - [2024-11-28T23:52:25.549+0000] {dag.py:3696} INFO - Setting next_dagrun for etl_pipeline to 2024-11-28T00:00:00+00:00, run_after=2024-11-28T00:00:15+00:00
[2024-11-28T23:52:25.561+0000] {processor.py:179} INFO - Processing /opt/airflow/dags/etl.py took 0.388 seconds
[2024-11-28T23:52:55.689+0000] {processor.py:157} INFO - Started process (PID=349) to work on /opt/airflow/dags/etl.py
[2024-11-28T23:52:55.690+0000] {processor.py:829} INFO - Processing file /opt/airflow/dags/etl.py for tasks to queue
[2024-11-28T23:52:55.691+0000] {logging_mixin.py:151} INFO - [2024-11-28T23:52:55.691+0000] {dagbag.py:539} INFO - Filling up the DagBag from /opt/airflow/dags/etl.py
[2024-11-28T23:52:55.939+0000] {processor.py:839} INFO - DAG(s) dict_keys(['etl_pipeline']) retrieved from /opt/airflow/dags/etl.py
[2024-11-28T23:52:55.959+0000] {logging_mixin.py:151} INFO - [2024-11-28T23:52:55.958+0000] {dag.py:2915} INFO - Sync 1 DAGs
[2024-11-28T23:52:55.974+0000] {logging_mixin.py:151} INFO - [2024-11-28T23:52:55.974+0000] {dag.py:3696} INFO - Setting next_dagrun for etl_pipeline to 2024-11-28T00:00:00+00:00, run_after=2024-11-28T00:00:15+00:00
[2024-11-28T23:52:55.987+0000] {processor.py:179} INFO - Processing /opt/airflow/dags/etl.py took 0.300 seconds
[2024-11-28T23:53:26.118+0000] {processor.py:157} INFO - Started process (PID=354) to work on /opt/airflow/dags/etl.py
[2024-11-28T23:53:26.119+0000] {processor.py:829} INFO - Processing file /opt/airflow/dags/etl.py for tasks to queue
[2024-11-28T23:53:26.119+0000] {logging_mixin.py:151} INFO - [2024-11-28T23:53:26.119+0000] {dagbag.py:539} INFO - Filling up the DagBag from /opt/airflow/dags/etl.py
[2024-11-28T23:53:26.370+0000] {processor.py:839} INFO - DAG(s) dict_keys(['etl_pipeline']) retrieved from /opt/airflow/dags/etl.py
[2024-11-28T23:53:26.394+0000] {logging_mixin.py:151} INFO - [2024-11-28T23:53:26.394+0000] {dag.py:2915} INFO - Sync 1 DAGs
[2024-11-28T23:53:26.414+0000] {logging_mixin.py:151} INFO - [2024-11-28T23:53:26.414+0000] {dag.py:3696} INFO - Setting next_dagrun for etl_pipeline to 2024-11-28T00:00:00+00:00, run_after=2024-11-28T00:00:15+00:00
[2024-11-28T23:53:26.427+0000] {processor.py:179} INFO - Processing /opt/airflow/dags/etl.py took 0.311 seconds
[2024-11-28T23:53:56.551+0000] {processor.py:157} INFO - Started process (PID=359) to work on /opt/airflow/dags/etl.py
[2024-11-28T23:53:56.552+0000] {processor.py:829} INFO - Processing file /opt/airflow/dags/etl.py for tasks to queue
[2024-11-28T23:53:56.553+0000] {logging_mixin.py:151} INFO - [2024-11-28T23:53:56.553+0000] {dagbag.py:539} INFO - Filling up the DagBag from /opt/airflow/dags/etl.py
[2024-11-28T23:53:56.799+0000] {processor.py:839} INFO - DAG(s) dict_keys(['etl_pipeline']) retrieved from /opt/airflow/dags/etl.py
[2024-11-28T23:53:56.820+0000] {logging_mixin.py:151} INFO - [2024-11-28T23:53:56.820+0000] {dag.py:2915} INFO - Sync 1 DAGs
[2024-11-28T23:53:56.836+0000] {logging_mixin.py:151} INFO - [2024-11-28T23:53:56.836+0000] {dag.py:3696} INFO - Setting next_dagrun for etl_pipeline to 2024-11-28T00:00:00+00:00, run_after=2024-11-28T00:00:15+00:00
[2024-11-28T23:53:56.848+0000] {processor.py:179} INFO - Processing /opt/airflow/dags/etl.py took 0.299 seconds
[2024-11-28T23:54:26.978+0000] {processor.py:157} INFO - Started process (PID=364) to work on /opt/airflow/dags/etl.py
[2024-11-28T23:54:26.978+0000] {processor.py:829} INFO - Processing file /opt/airflow/dags/etl.py for tasks to queue
[2024-11-28T23:54:26.979+0000] {logging_mixin.py:151} INFO - [2024-11-28T23:54:26.979+0000] {dagbag.py:539} INFO - Filling up the DagBag from /opt/airflow/dags/etl.py
[2024-11-28T23:54:27.228+0000] {processor.py:839} INFO - DAG(s) dict_keys(['etl_pipeline']) retrieved from /opt/airflow/dags/etl.py
[2024-11-28T23:54:27.248+0000] {logging_mixin.py:151} INFO - [2024-11-28T23:54:27.248+0000] {dag.py:2915} INFO - Sync 1 DAGs
[2024-11-28T23:54:27.264+0000] {logging_mixin.py:151} INFO - [2024-11-28T23:54:27.264+0000] {dag.py:3696} INFO - Setting next_dagrun for etl_pipeline to 2024-11-28T00:00:00+00:00, run_after=2024-11-28T00:00:15+00:00
[2024-11-28T23:54:27.276+0000] {processor.py:179} INFO - Processing /opt/airflow/dags/etl.py took 0.301 seconds
[2024-11-28T23:54:57.405+0000] {processor.py:157} INFO - Started process (PID=369) to work on /opt/airflow/dags/etl.py
[2024-11-28T23:54:57.405+0000] {processor.py:829} INFO - Processing file /opt/airflow/dags/etl.py for tasks to queue
[2024-11-28T23:54:57.406+0000] {logging_mixin.py:151} INFO - [2024-11-28T23:54:57.406+0000] {dagbag.py:539} INFO - Filling up the DagBag from /opt/airflow/dags/etl.py
[2024-11-28T23:54:57.675+0000] {processor.py:839} INFO - DAG(s) dict_keys(['etl_pipeline']) retrieved from /opt/airflow/dags/etl.py
[2024-11-28T23:54:57.706+0000] {logging_mixin.py:151} INFO - [2024-11-28T23:54:57.705+0000] {dag.py:2915} INFO - Sync 1 DAGs
[2024-11-28T23:54:57.725+0000] {logging_mixin.py:151} INFO - [2024-11-28T23:54:57.725+0000] {dag.py:3696} INFO - Setting next_dagrun for etl_pipeline to 2024-11-28T00:00:00+00:00, run_after=2024-11-28T00:00:15+00:00
[2024-11-28T23:54:57.739+0000] {processor.py:179} INFO - Processing /opt/airflow/dags/etl.py took 0.337 seconds
[2024-11-28T23:55:27.864+0000] {processor.py:157} INFO - Started process (PID=374) to work on /opt/airflow/dags/etl.py
[2024-11-28T23:55:27.865+0000] {processor.py:829} INFO - Processing file /opt/airflow/dags/etl.py for tasks to queue
[2024-11-28T23:55:27.866+0000] {logging_mixin.py:151} INFO - [2024-11-28T23:55:27.865+0000] {dagbag.py:539} INFO - Filling up the DagBag from /opt/airflow/dags/etl.py
[2024-11-28T23:55:28.117+0000] {processor.py:839} INFO - DAG(s) dict_keys(['etl_pipeline']) retrieved from /opt/airflow/dags/etl.py
[2024-11-28T23:55:28.137+0000] {logging_mixin.py:151} INFO - [2024-11-28T23:55:28.137+0000] {dag.py:2915} INFO - Sync 1 DAGs
[2024-11-28T23:55:28.153+0000] {logging_mixin.py:151} INFO - [2024-11-28T23:55:28.153+0000] {dag.py:3696} INFO - Setting next_dagrun for etl_pipeline to 2024-11-28T00:00:00+00:00, run_after=2024-11-28T00:00:15+00:00
[2024-11-28T23:55:28.165+0000] {processor.py:179} INFO - Processing /opt/airflow/dags/etl.py took 0.304 seconds
[2024-11-28T23:55:58.292+0000] {processor.py:157} INFO - Started process (PID=379) to work on /opt/airflow/dags/etl.py
[2024-11-28T23:55:58.293+0000] {processor.py:829} INFO - Processing file /opt/airflow/dags/etl.py for tasks to queue
[2024-11-28T23:55:58.293+0000] {logging_mixin.py:151} INFO - [2024-11-28T23:55:58.293+0000] {dagbag.py:539} INFO - Filling up the DagBag from /opt/airflow/dags/etl.py
[2024-11-28T23:55:58.549+0000] {processor.py:839} INFO - DAG(s) dict_keys(['etl_pipeline']) retrieved from /opt/airflow/dags/etl.py
[2024-11-28T23:55:58.570+0000] {logging_mixin.py:151} INFO - [2024-11-28T23:55:58.570+0000] {dag.py:2915} INFO - Sync 1 DAGs
[2024-11-28T23:55:58.586+0000] {logging_mixin.py:151} INFO - [2024-11-28T23:55:58.586+0000] {dag.py:3696} INFO - Setting next_dagrun for etl_pipeline to 2024-11-28T00:00:00+00:00, run_after=2024-11-28T00:00:15+00:00
[2024-11-28T23:55:58.599+0000] {processor.py:179} INFO - Processing /opt/airflow/dags/etl.py took 0.310 seconds
[2024-11-28T23:56:28.730+0000] {processor.py:157} INFO - Started process (PID=384) to work on /opt/airflow/dags/etl.py
[2024-11-28T23:56:28.731+0000] {processor.py:829} INFO - Processing file /opt/airflow/dags/etl.py for tasks to queue
[2024-11-28T23:56:28.731+0000] {logging_mixin.py:151} INFO - [2024-11-28T23:56:28.731+0000] {dagbag.py:539} INFO - Filling up the DagBag from /opt/airflow/dags/etl.py
[2024-11-28T23:56:29.002+0000] {processor.py:839} INFO - DAG(s) dict_keys(['etl_pipeline']) retrieved from /opt/airflow/dags/etl.py
[2024-11-28T23:56:29.022+0000] {logging_mixin.py:151} INFO - [2024-11-28T23:56:29.022+0000] {dag.py:2915} INFO - Sync 1 DAGs
[2024-11-28T23:56:29.038+0000] {logging_mixin.py:151} INFO - [2024-11-28T23:56:29.038+0000] {dag.py:3696} INFO - Setting next_dagrun for etl_pipeline to 2024-11-28T00:00:00+00:00, run_after=2024-11-28T00:00:15+00:00
[2024-11-28T23:56:29.050+0000] {processor.py:179} INFO - Processing /opt/airflow/dags/etl.py took 0.323 seconds
[2024-11-28T23:56:59.181+0000] {processor.py:157} INFO - Started process (PID=389) to work on /opt/airflow/dags/etl.py
[2024-11-28T23:56:59.182+0000] {processor.py:829} INFO - Processing file /opt/airflow/dags/etl.py for tasks to queue
[2024-11-28T23:56:59.183+0000] {logging_mixin.py:151} INFO - [2024-11-28T23:56:59.183+0000] {dagbag.py:539} INFO - Filling up the DagBag from /opt/airflow/dags/etl.py
[2024-11-28T23:56:59.440+0000] {processor.py:839} INFO - DAG(s) dict_keys(['etl_pipeline']) retrieved from /opt/airflow/dags/etl.py
[2024-11-28T23:56:59.460+0000] {logging_mixin.py:151} INFO - [2024-11-28T23:56:59.460+0000] {dag.py:2915} INFO - Sync 1 DAGs
[2024-11-28T23:56:59.477+0000] {logging_mixin.py:151} INFO - [2024-11-28T23:56:59.476+0000] {dag.py:3696} INFO - Setting next_dagrun for etl_pipeline to 2024-11-28T00:00:00+00:00, run_after=2024-11-28T00:00:15+00:00
[2024-11-28T23:56:59.489+0000] {processor.py:179} INFO - Processing /opt/airflow/dags/etl.py took 0.311 seconds
[2024-11-28T23:57:29.613+0000] {processor.py:157} INFO - Started process (PID=394) to work on /opt/airflow/dags/etl.py
[2024-11-28T23:57:29.614+0000] {processor.py:829} INFO - Processing file /opt/airflow/dags/etl.py for tasks to queue
[2024-11-28T23:57:29.615+0000] {logging_mixin.py:151} INFO - [2024-11-28T23:57:29.614+0000] {dagbag.py:539} INFO - Filling up the DagBag from /opt/airflow/dags/etl.py
[2024-11-28T23:57:29.911+0000] {processor.py:839} INFO - DAG(s) dict_keys(['etl_pipeline']) retrieved from /opt/airflow/dags/etl.py
[2024-11-28T23:57:29.936+0000] {logging_mixin.py:151} INFO - [2024-11-28T23:57:29.936+0000] {dag.py:2915} INFO - Sync 1 DAGs
[2024-11-28T23:57:29.953+0000] {logging_mixin.py:151} INFO - [2024-11-28T23:57:29.952+0000] {dag.py:3696} INFO - Setting next_dagrun for etl_pipeline to 2024-11-28T00:00:00+00:00, run_after=2024-11-28T00:00:15+00:00
[2024-11-28T23:57:29.965+0000] {processor.py:179} INFO - Processing /opt/airflow/dags/etl.py took 0.355 seconds
[2024-11-28T23:58:00.097+0000] {processor.py:157} INFO - Started process (PID=399) to work on /opt/airflow/dags/etl.py
[2024-11-28T23:58:00.098+0000] {processor.py:829} INFO - Processing file /opt/airflow/dags/etl.py for tasks to queue
[2024-11-28T23:58:00.098+0000] {logging_mixin.py:151} INFO - [2024-11-28T23:58:00.098+0000] {dagbag.py:539} INFO - Filling up the DagBag from /opt/airflow/dags/etl.py
[2024-11-28T23:58:00.380+0000] {processor.py:839} INFO - DAG(s) dict_keys(['etl_pipeline']) retrieved from /opt/airflow/dags/etl.py
[2024-11-28T23:58:00.400+0000] {logging_mixin.py:151} INFO - [2024-11-28T23:58:00.399+0000] {dag.py:2915} INFO - Sync 1 DAGs
[2024-11-28T23:58:00.415+0000] {logging_mixin.py:151} INFO - [2024-11-28T23:58:00.415+0000] {dag.py:3696} INFO - Setting next_dagrun for etl_pipeline to 2024-11-28T00:00:00+00:00, run_after=2024-11-28T00:00:15+00:00
[2024-11-28T23:58:00.427+0000] {processor.py:179} INFO - Processing /opt/airflow/dags/etl.py took 0.333 seconds
[2024-11-28T23:58:30.554+0000] {processor.py:157} INFO - Started process (PID=404) to work on /opt/airflow/dags/etl.py
[2024-11-28T23:58:30.555+0000] {processor.py:829} INFO - Processing file /opt/airflow/dags/etl.py for tasks to queue
[2024-11-28T23:58:30.555+0000] {logging_mixin.py:151} INFO - [2024-11-28T23:58:30.555+0000] {dagbag.py:539} INFO - Filling up the DagBag from /opt/airflow/dags/etl.py
[2024-11-28T23:58:30.801+0000] {processor.py:839} INFO - DAG(s) dict_keys(['etl_pipeline']) retrieved from /opt/airflow/dags/etl.py
[2024-11-28T23:58:30.830+0000] {logging_mixin.py:151} INFO - [2024-11-28T23:58:30.830+0000] {dag.py:2915} INFO - Sync 1 DAGs
[2024-11-28T23:58:30.854+0000] {logging_mixin.py:151} INFO - [2024-11-28T23:58:30.854+0000] {dag.py:3696} INFO - Setting next_dagrun for etl_pipeline to 2024-11-28T00:00:00+00:00, run_after=2024-11-28T00:00:15+00:00
[2024-11-28T23:58:30.868+0000] {processor.py:179} INFO - Processing /opt/airflow/dags/etl.py took 0.317 seconds
[2024-11-28T23:59:00.995+0000] {processor.py:157} INFO - Started process (PID=409) to work on /opt/airflow/dags/etl.py
[2024-11-28T23:59:00.996+0000] {processor.py:829} INFO - Processing file /opt/airflow/dags/etl.py for tasks to queue
[2024-11-28T23:59:00.996+0000] {logging_mixin.py:151} INFO - [2024-11-28T23:59:00.996+0000] {dagbag.py:539} INFO - Filling up the DagBag from /opt/airflow/dags/etl.py
[2024-11-28T23:59:01.242+0000] {processor.py:839} INFO - DAG(s) dict_keys(['etl_pipeline']) retrieved from /opt/airflow/dags/etl.py
[2024-11-28T23:59:01.263+0000] {logging_mixin.py:151} INFO - [2024-11-28T23:59:01.262+0000] {dag.py:2915} INFO - Sync 1 DAGs
[2024-11-28T23:59:01.279+0000] {logging_mixin.py:151} INFO - [2024-11-28T23:59:01.279+0000] {dag.py:3696} INFO - Setting next_dagrun for etl_pipeline to 2024-11-28T00:00:00+00:00, run_after=2024-11-28T00:00:15+00:00
[2024-11-28T23:59:01.291+0000] {processor.py:179} INFO - Processing /opt/airflow/dags/etl.py took 0.298 seconds
[2024-11-28T23:59:31.424+0000] {processor.py:157} INFO - Started process (PID=414) to work on /opt/airflow/dags/etl.py
[2024-11-28T23:59:31.424+0000] {processor.py:829} INFO - Processing file /opt/airflow/dags/etl.py for tasks to queue
[2024-11-28T23:59:31.425+0000] {logging_mixin.py:151} INFO - [2024-11-28T23:59:31.425+0000] {dagbag.py:539} INFO - Filling up the DagBag from /opt/airflow/dags/etl.py
[2024-11-28T23:59:31.678+0000] {processor.py:839} INFO - DAG(s) dict_keys(['etl_pipeline']) retrieved from /opt/airflow/dags/etl.py
[2024-11-28T23:59:31.698+0000] {logging_mixin.py:151} INFO - [2024-11-28T23:59:31.698+0000] {dag.py:2915} INFO - Sync 1 DAGs
[2024-11-28T23:59:31.714+0000] {logging_mixin.py:151} INFO - [2024-11-28T23:59:31.714+0000] {dag.py:3696} INFO - Setting next_dagrun for etl_pipeline to 2024-11-28T00:00:00+00:00, run_after=2024-11-28T00:00:15+00:00
[2024-11-28T23:59:31.726+0000] {processor.py:179} INFO - Processing /opt/airflow/dags/etl.py took 0.305 seconds
