[2024-11-28T23:26:17.214+0000] {processor.py:157} INFO - Started process (PID=72) to work on /opt/airflow/dags/etl_sources.py
[2024-11-28T23:26:17.215+0000] {processor.py:829} INFO - Processing file /opt/airflow/dags/etl_sources.py for tasks to queue
[2024-11-28T23:26:17.215+0000] {logging_mixin.py:151} INFO - [2024-11-28T23:26:17.215+0000] {dagbag.py:539} INFO - Filling up the DagBag from /opt/airflow/dags/etl_sources.py
[2024-11-28T23:26:17.642+0000] {processor.py:839} INFO - DAG(s) dict_keys(['etl_pipeline']) retrieved from /opt/airflow/dags/etl_sources.py
[2024-11-28T23:26:17.929+0000] {logging_mixin.py:151} INFO - [2024-11-28T23:26:17.929+0000] {security.py:708} INFO - Not syncing DAG-level permissions for DAG 'DAG:etl_pipeline' as access control is unset.
[2024-11-28T23:26:17.930+0000] {logging_mixin.py:151} INFO - [2024-11-28T23:26:17.930+0000] {dag.py:2915} INFO - Sync 1 DAGs
[2024-11-28T23:26:18.000+0000] {logging_mixin.py:151} INFO - [2024-11-28T23:26:18.000+0000] {dag.py:3696} INFO - Setting next_dagrun for etl_pipeline to 2024-11-28T00:00:00+00:00, run_after=2024-11-28T00:00:15+00:00
[2024-11-28T23:26:18.031+0000] {processor.py:179} INFO - Processing /opt/airflow/dags/etl_sources.py took 0.820 seconds
[2024-11-28T23:26:48.818+0000] {processor.py:157} INFO - Started process (PID=77) to work on /opt/airflow/dags/etl_sources.py
[2024-11-28T23:26:48.819+0000] {processor.py:829} INFO - Processing file /opt/airflow/dags/etl_sources.py for tasks to queue
[2024-11-28T23:26:48.819+0000] {logging_mixin.py:151} INFO - [2024-11-28T23:26:48.819+0000] {dagbag.py:539} INFO - Filling up the DagBag from /opt/airflow/dags/etl_sources.py
[2024-11-28T23:26:49.196+0000] {processor.py:839} INFO - DAG(s) dict_keys(['etl_pipeline']) retrieved from /opt/airflow/dags/etl_sources.py
[2024-11-28T23:26:49.228+0000] {logging_mixin.py:151} INFO - [2024-11-28T23:26:49.227+0000] {dag.py:2915} INFO - Sync 1 DAGs
[2024-11-28T23:26:49.246+0000] {logging_mixin.py:151} INFO - [2024-11-28T23:26:49.246+0000] {dag.py:3696} INFO - Setting next_dagrun for etl_pipeline to 2024-11-28T00:00:00+00:00, run_after=2024-11-28T00:00:15+00:00
[2024-11-28T23:26:49.263+0000] {processor.py:179} INFO - Processing /opt/airflow/dags/etl_sources.py took 0.447 seconds
[2024-11-28T23:27:19.575+0000] {processor.py:157} INFO - Started process (PID=82) to work on /opt/airflow/dags/etl_sources.py
[2024-11-28T23:27:19.575+0000] {processor.py:829} INFO - Processing file /opt/airflow/dags/etl_sources.py for tasks to queue
[2024-11-28T23:27:19.576+0000] {logging_mixin.py:151} INFO - [2024-11-28T23:27:19.576+0000] {dagbag.py:539} INFO - Filling up the DagBag from /opt/airflow/dags/etl_sources.py
[2024-11-28T23:27:19.961+0000] {processor.py:839} INFO - DAG(s) dict_keys(['etl_pipeline']) retrieved from /opt/airflow/dags/etl_sources.py
[2024-11-28T23:27:19.972+0000] {logging_mixin.py:151} INFO - [2024-11-28T23:27:19.971+0000] {dag.py:2915} INFO - Sync 1 DAGs
[2024-11-28T23:27:19.997+0000] {logging_mixin.py:151} INFO - [2024-11-28T23:27:19.997+0000] {dag.py:3696} INFO - Setting next_dagrun for etl_pipeline to 2024-11-28T00:00:00+00:00, run_after=2024-11-28T00:00:15+00:00
[2024-11-28T23:27:20.009+0000] {processor.py:179} INFO - Processing /opt/airflow/dags/etl_sources.py took 0.437 seconds
[2024-11-28T23:27:50.792+0000] {processor.py:157} INFO - Started process (PID=87) to work on /opt/airflow/dags/etl_sources.py
[2024-11-28T23:27:50.793+0000] {processor.py:829} INFO - Processing file /opt/airflow/dags/etl_sources.py for tasks to queue
[2024-11-28T23:27:50.793+0000] {logging_mixin.py:151} INFO - [2024-11-28T23:27:50.793+0000] {dagbag.py:539} INFO - Filling up the DagBag from /opt/airflow/dags/etl_sources.py
[2024-11-28T23:27:51.050+0000] {processor.py:839} INFO - DAG(s) dict_keys(['etl_pipeline']) retrieved from /opt/airflow/dags/etl_sources.py
[2024-11-28T23:27:51.132+0000] {logging_mixin.py:151} INFO - [2024-11-28T23:27:51.132+0000] {security.py:708} INFO - Not syncing DAG-level permissions for DAG 'DAG:etl_pipeline' as access control is unset.
[2024-11-28T23:27:51.133+0000] {logging_mixin.py:151} INFO - [2024-11-28T23:27:51.133+0000] {dag.py:2915} INFO - Sync 1 DAGs
[2024-11-28T23:27:51.148+0000] {logging_mixin.py:151} INFO - [2024-11-28T23:27:51.148+0000] {dag.py:3696} INFO - Setting next_dagrun for etl_pipeline to 2024-11-28T00:00:00+00:00, run_after=2024-11-28T00:00:15+00:00
[2024-11-28T23:27:51.161+0000] {processor.py:179} INFO - Processing /opt/airflow/dags/etl_sources.py took 0.372 seconds
[2024-11-28T23:27:59.036+0000] {processor.py:157} INFO - Started process (PID=90) to work on /opt/airflow/dags/etl_sources.py
[2024-11-28T23:27:59.037+0000] {processor.py:829} INFO - Processing file /opt/airflow/dags/etl_sources.py for tasks to queue
[2024-11-28T23:27:59.038+0000] {logging_mixin.py:151} INFO - [2024-11-28T23:27:59.037+0000] {dagbag.py:539} INFO - Filling up the DagBag from /opt/airflow/dags/etl_sources.py
[2024-11-28T23:27:59.444+0000] {logging_mixin.py:151} INFO - [2024-11-28T23:27:59.441+0000] {dagbag.py:347} ERROR - Failed to import: /opt/airflow/dags/etl_sources.py
Traceback (most recent call last):
  File "/home/airflow/.local/lib/python3.8/site-packages/airflow/models/dagbag.py", line 343, in parse
    loader.exec_module(new_module)
  File "<frozen importlib._bootstrap_external>", line 843, in exec_module
  File "<frozen importlib._bootstrap>", line 219, in _call_with_frames_removed
  File "/opt/airflow/dags/etl_sources.py", line 56, in <module>
    t2 = PythonOperator(
  File "/home/airflow/.local/lib/python3.8/site-packages/airflow/models/baseoperator.py", line 437, in apply_defaults
    result = func(self, **kwargs, default_args=default_args)
  File "/home/airflow/.local/lib/python3.8/site-packages/airflow/operators/python.py", line 177, in __init__
    super().__init__(**kwargs)
  File "/home/airflow/.local/lib/python3.8/site-packages/airflow/models/baseoperator.py", line 437, in apply_defaults
    result = func(self, **kwargs, default_args=default_args)
  File "/home/airflow/.local/lib/python3.8/site-packages/airflow/models/baseoperator.py", line 812, in __init__
    task_group.add(self)
  File "/home/airflow/.local/lib/python3.8/site-packages/airflow/utils/task_group.py", line 230, in add
    raise DuplicateTaskIdFound(f"{node_type} id '{key}' has already been added to the DAG")
airflow.exceptions.DuplicateTaskIdFound: Task id 'transform_data' has already been added to the DAG
[2024-11-28T23:27:59.445+0000] {processor.py:841} WARNING - No viable dags retrieved from /opt/airflow/dags/etl_sources.py
[2024-11-28T23:27:59.507+0000] {processor.py:179} INFO - Processing /opt/airflow/dags/etl_sources.py took 0.474 seconds
[2024-11-28T23:28:02.549+0000] {processor.py:157} INFO - Started process (PID=94) to work on /opt/airflow/dags/etl_sources.py
[2024-11-28T23:28:02.550+0000] {processor.py:829} INFO - Processing file /opt/airflow/dags/etl_sources.py for tasks to queue
[2024-11-28T23:28:02.551+0000] {logging_mixin.py:151} INFO - [2024-11-28T23:28:02.551+0000] {dagbag.py:539} INFO - Filling up the DagBag from /opt/airflow/dags/etl_sources.py
[2024-11-28T23:28:02.800+0000] {logging_mixin.py:151} INFO - [2024-11-28T23:28:02.799+0000] {dagbag.py:347} ERROR - Failed to import: /opt/airflow/dags/etl_sources.py
Traceback (most recent call last):
  File "/home/airflow/.local/lib/python3.8/site-packages/airflow/models/dagbag.py", line 343, in parse
    loader.exec_module(new_module)
  File "<frozen importlib._bootstrap_external>", line 843, in exec_module
  File "<frozen importlib._bootstrap>", line 219, in _call_with_frames_removed
  File "/opt/airflow/dags/etl_sources.py", line 56, in <module>
    t3 = PythonOperator(
  File "/home/airflow/.local/lib/python3.8/site-packages/airflow/models/baseoperator.py", line 437, in apply_defaults
    result = func(self, **kwargs, default_args=default_args)
  File "/home/airflow/.local/lib/python3.8/site-packages/airflow/operators/python.py", line 177, in __init__
    super().__init__(**kwargs)
  File "/home/airflow/.local/lib/python3.8/site-packages/airflow/models/baseoperator.py", line 437, in apply_defaults
    result = func(self, **kwargs, default_args=default_args)
  File "/home/airflow/.local/lib/python3.8/site-packages/airflow/models/baseoperator.py", line 812, in __init__
    task_group.add(self)
  File "/home/airflow/.local/lib/python3.8/site-packages/airflow/utils/task_group.py", line 230, in add
    raise DuplicateTaskIdFound(f"{node_type} id '{key}' has already been added to the DAG")
airflow.exceptions.DuplicateTaskIdFound: Task id 'transform_data' has already been added to the DAG
[2024-11-28T23:28:02.800+0000] {processor.py:841} WARNING - No viable dags retrieved from /opt/airflow/dags/etl_sources.py
[2024-11-28T23:28:02.814+0000] {processor.py:179} INFO - Processing /opt/airflow/dags/etl_sources.py took 0.268 seconds
[2024-11-28T23:28:04.842+0000] {processor.py:157} INFO - Started process (PID=96) to work on /opt/airflow/dags/etl_sources.py
[2024-11-28T23:28:04.843+0000] {processor.py:829} INFO - Processing file /opt/airflow/dags/etl_sources.py for tasks to queue
[2024-11-28T23:28:04.844+0000] {logging_mixin.py:151} INFO - [2024-11-28T23:28:04.844+0000] {dagbag.py:539} INFO - Filling up the DagBag from /opt/airflow/dags/etl_sources.py
[2024-11-28T23:28:05.124+0000] {logging_mixin.py:151} INFO - [2024-11-28T23:28:05.122+0000] {dagbag.py:347} ERROR - Failed to import: /opt/airflow/dags/etl_sources.py
Traceback (most recent call last):
  File "/home/airflow/.local/lib/python3.8/site-packages/airflow/models/dagbag.py", line 343, in parse
    loader.exec_module(new_module)
  File "<frozen importlib._bootstrap_external>", line 843, in exec_module
  File "<frozen importlib._bootstrap>", line 219, in _call_with_frames_removed
  File "/opt/airflow/dags/etl_sources.py", line 56, in <module>
    t3 = PythonOperator(
  File "/home/airflow/.local/lib/python3.8/site-packages/airflow/models/baseoperator.py", line 437, in apply_defaults
    result = func(self, **kwargs, default_args=default_args)
  File "/home/airflow/.local/lib/python3.8/site-packages/airflow/operators/python.py", line 177, in __init__
    super().__init__(**kwargs)
  File "/home/airflow/.local/lib/python3.8/site-packages/airflow/models/baseoperator.py", line 437, in apply_defaults
    result = func(self, **kwargs, default_args=default_args)
  File "/home/airflow/.local/lib/python3.8/site-packages/airflow/models/baseoperator.py", line 812, in __init__
    task_group.add(self)
  File "/home/airflow/.local/lib/python3.8/site-packages/airflow/utils/task_group.py", line 230, in add
    raise DuplicateTaskIdFound(f"{node_type} id '{key}' has already been added to the DAG")
airflow.exceptions.DuplicateTaskIdFound: Task id 'transform_data' has already been added to the DAG
[2024-11-28T23:28:05.124+0000] {processor.py:841} WARNING - No viable dags retrieved from /opt/airflow/dags/etl_sources.py
[2024-11-28T23:28:05.144+0000] {processor.py:179} INFO - Processing /opt/airflow/dags/etl_sources.py took 0.304 seconds
[2024-11-28T23:28:10.872+0000] {processor.py:157} INFO - Started process (PID=98) to work on /opt/airflow/dags/etl_sources.py
[2024-11-28T23:28:10.881+0000] {processor.py:829} INFO - Processing file /opt/airflow/dags/etl_sources.py for tasks to queue
[2024-11-28T23:28:10.882+0000] {logging_mixin.py:151} INFO - [2024-11-28T23:28:10.882+0000] {dagbag.py:539} INFO - Filling up the DagBag from /opt/airflow/dags/etl_sources.py
[2024-11-28T23:28:11.510+0000] {logging_mixin.py:151} INFO - [2024-11-28T23:28:11.508+0000] {dagbag.py:347} ERROR - Failed to import: /opt/airflow/dags/etl_sources.py
Traceback (most recent call last):
  File "/home/airflow/.local/lib/python3.8/site-packages/airflow/models/dagbag.py", line 343, in parse
    loader.exec_module(new_module)
  File "<frozen importlib._bootstrap_external>", line 843, in exec_module
  File "<frozen importlib._bootstrap>", line 219, in _call_with_frames_removed
  File "/opt/airflow/dags/etl_sources.py", line 56, in <module>
    t3 = PythonOperator(
  File "/home/airflow/.local/lib/python3.8/site-packages/airflow/models/baseoperator.py", line 437, in apply_defaults
    result = func(self, **kwargs, default_args=default_args)
  File "/home/airflow/.local/lib/python3.8/site-packages/airflow/operators/python.py", line 177, in __init__
    super().__init__(**kwargs)
  File "/home/airflow/.local/lib/python3.8/site-packages/airflow/models/baseoperator.py", line 437, in apply_defaults
    result = func(self, **kwargs, default_args=default_args)
  File "/home/airflow/.local/lib/python3.8/site-packages/airflow/models/baseoperator.py", line 812, in __init__
    task_group.add(self)
  File "/home/airflow/.local/lib/python3.8/site-packages/airflow/utils/task_group.py", line 230, in add
    raise DuplicateTaskIdFound(f"{node_type} id '{key}' has already been added to the DAG")
airflow.exceptions.DuplicateTaskIdFound: Task id 'transform_data' has already been added to the DAG
[2024-11-28T23:28:11.510+0000] {processor.py:841} WARNING - No viable dags retrieved from /opt/airflow/dags/etl_sources.py
[2024-11-28T23:28:11.542+0000] {processor.py:179} INFO - Processing /opt/airflow/dags/etl_sources.py took 0.674 seconds
[2024-11-28T23:28:12.204+0000] {processor.py:157} INFO - Started process (PID=100) to work on /opt/airflow/dags/etl_sources.py
[2024-11-28T23:28:12.204+0000] {processor.py:829} INFO - Processing file /opt/airflow/dags/etl_sources.py for tasks to queue
[2024-11-28T23:28:12.205+0000] {logging_mixin.py:151} INFO - [2024-11-28T23:28:12.205+0000] {dagbag.py:539} INFO - Filling up the DagBag from /opt/airflow/dags/etl_sources.py
[2024-11-28T23:28:12.484+0000] {logging_mixin.py:151} INFO - [2024-11-28T23:28:12.482+0000] {dagbag.py:347} ERROR - Failed to import: /opt/airflow/dags/etl_sources.py
Traceback (most recent call last):
  File "/home/airflow/.local/lib/python3.8/site-packages/airflow/models/dagbag.py", line 343, in parse
    loader.exec_module(new_module)
  File "<frozen importlib._bootstrap_external>", line 843, in exec_module
  File "<frozen importlib._bootstrap>", line 219, in _call_with_frames_removed
  File "/opt/airflow/dags/etl_sources.py", line 56, in <module>
    t3 = PythonOperator(
  File "/home/airflow/.local/lib/python3.8/site-packages/airflow/models/baseoperator.py", line 437, in apply_defaults
    result = func(self, **kwargs, default_args=default_args)
  File "/home/airflow/.local/lib/python3.8/site-packages/airflow/operators/python.py", line 177, in __init__
    super().__init__(**kwargs)
  File "/home/airflow/.local/lib/python3.8/site-packages/airflow/models/baseoperator.py", line 437, in apply_defaults
    result = func(self, **kwargs, default_args=default_args)
  File "/home/airflow/.local/lib/python3.8/site-packages/airflow/models/baseoperator.py", line 812, in __init__
    task_group.add(self)
  File "/home/airflow/.local/lib/python3.8/site-packages/airflow/utils/task_group.py", line 230, in add
    raise DuplicateTaskIdFound(f"{node_type} id '{key}' has already been added to the DAG")
airflow.exceptions.DuplicateTaskIdFound: Task id 'transform_data' has already been added to the DAG
[2024-11-28T23:28:12.484+0000] {processor.py:841} WARNING - No viable dags retrieved from /opt/airflow/dags/etl_sources.py
[2024-11-28T23:28:12.498+0000] {processor.py:179} INFO - Processing /opt/airflow/dags/etl_sources.py took 0.297 seconds
[2024-11-28T23:28:41.806+0000] {processor.py:157} INFO - Started process (PID=105) to work on /opt/airflow/dags/etl_sources.py
[2024-11-28T23:28:41.807+0000] {processor.py:829} INFO - Processing file /opt/airflow/dags/etl_sources.py for tasks to queue
[2024-11-28T23:28:41.808+0000] {logging_mixin.py:151} INFO - [2024-11-28T23:28:41.808+0000] {dagbag.py:539} INFO - Filling up the DagBag from /opt/airflow/dags/etl_sources.py
[2024-11-28T23:28:42.175+0000] {processor.py:839} INFO - DAG(s) dict_keys(['etl_pipeline']) retrieved from /opt/airflow/dags/etl_sources.py
[2024-11-28T23:28:42.185+0000] {logging_mixin.py:151} INFO - [2024-11-28T23:28:42.185+0000] {dag.py:2915} INFO - Sync 1 DAGs
[2024-11-28T23:28:42.204+0000] {logging_mixin.py:151} INFO - [2024-11-28T23:28:42.204+0000] {dag.py:3696} INFO - Setting next_dagrun for etl_pipeline to 2024-11-28T00:00:00+00:00, run_after=2024-11-28T00:00:15+00:00
[2024-11-28T23:28:42.224+0000] {processor.py:179} INFO - Processing /opt/airflow/dags/etl_sources.py took 0.422 seconds
[2024-11-28T23:28:44.262+0000] {processor.py:157} INFO - Started process (PID=107) to work on /opt/airflow/dags/etl_sources.py
[2024-11-28T23:28:44.263+0000] {processor.py:829} INFO - Processing file /opt/airflow/dags/etl_sources.py for tasks to queue
[2024-11-28T23:28:44.263+0000] {logging_mixin.py:151} INFO - [2024-11-28T23:28:44.263+0000] {dagbag.py:539} INFO - Filling up the DagBag from /opt/airflow/dags/etl_sources.py
[2024-11-28T23:28:44.517+0000] {processor.py:839} INFO - DAG(s) dict_keys(['etl_pipeline']) retrieved from /opt/airflow/dags/etl_sources.py
[2024-11-28T23:28:44.528+0000] {logging_mixin.py:151} INFO - [2024-11-28T23:28:44.528+0000] {dag.py:2915} INFO - Sync 1 DAGs
[2024-11-28T23:28:44.545+0000] {logging_mixin.py:151} INFO - [2024-11-28T23:28:44.545+0000] {dag.py:3696} INFO - Setting next_dagrun for etl_pipeline to 2024-11-28T00:00:00+00:00, run_after=2024-11-28T00:00:15+00:00
[2024-11-28T23:28:44.559+0000] {processor.py:179} INFO - Processing /opt/airflow/dags/etl_sources.py took 0.299 seconds
[2024-11-28T23:29:14.762+0000] {processor.py:157} INFO - Started process (PID=112) to work on /opt/airflow/dags/etl_sources.py
[2024-11-28T23:29:14.762+0000] {processor.py:829} INFO - Processing file /opt/airflow/dags/etl_sources.py for tasks to queue
[2024-11-28T23:29:14.763+0000] {logging_mixin.py:151} INFO - [2024-11-28T23:29:14.763+0000] {dagbag.py:539} INFO - Filling up the DagBag from /opt/airflow/dags/etl_sources.py
[2024-11-28T23:29:15.070+0000] {processor.py:839} INFO - DAG(s) dict_keys(['etl_pipeline']) retrieved from /opt/airflow/dags/etl_sources.py
[2024-11-28T23:29:15.254+0000] {logging_mixin.py:151} INFO - [2024-11-28T23:29:15.254+0000] {security.py:708} INFO - Not syncing DAG-level permissions for DAG 'DAG:etl_pipeline' as access control is unset.
[2024-11-28T23:29:15.255+0000] {logging_mixin.py:151} INFO - [2024-11-28T23:29:15.255+0000] {dag.py:2915} INFO - Sync 1 DAGs
[2024-11-28T23:29:15.302+0000] {logging_mixin.py:151} INFO - [2024-11-28T23:29:15.302+0000] {dag.py:3696} INFO - Setting next_dagrun for etl_pipeline to 2024-11-28T00:00:00+00:00, run_after=2024-11-28T00:00:15+00:00
[2024-11-28T23:29:15.343+0000] {processor.py:179} INFO - Processing /opt/airflow/dags/etl_sources.py took 0.584 seconds
[2024-11-28T23:29:40.173+0000] {processor.py:157} INFO - Started process (PID=117) to work on /opt/airflow/dags/etl_sources.py
[2024-11-28T23:29:40.174+0000] {processor.py:829} INFO - Processing file /opt/airflow/dags/etl_sources.py for tasks to queue
[2024-11-28T23:29:40.174+0000] {logging_mixin.py:151} INFO - [2024-11-28T23:29:40.174+0000] {dagbag.py:539} INFO - Filling up the DagBag from /opt/airflow/dags/etl_sources.py
[2024-11-28T23:29:40.440+0000] {processor.py:839} INFO - DAG(s) dict_keys(['etl_pipeline']) retrieved from /opt/airflow/dags/etl_sources.py
[2024-11-28T23:29:40.450+0000] {logging_mixin.py:151} INFO - [2024-11-28T23:29:40.449+0000] {dag.py:2915} INFO - Sync 1 DAGs
[2024-11-28T23:29:40.467+0000] {logging_mixin.py:151} INFO - [2024-11-28T23:29:40.467+0000] {dag.py:3696} INFO - Setting next_dagrun for etl_pipeline to 2024-11-28T00:00:00+00:00, run_after=2024-11-28T00:00:15+00:00
[2024-11-28T23:29:40.481+0000] {processor.py:179} INFO - Processing /opt/airflow/dags/etl_sources.py took 0.311 seconds
[2024-11-28T23:29:43.444+0000] {processor.py:157} INFO - Started process (PID=119) to work on /opt/airflow/dags/etl_sources.py
[2024-11-28T23:29:43.444+0000] {processor.py:829} INFO - Processing file /opt/airflow/dags/etl_sources.py for tasks to queue
[2024-11-28T23:29:43.445+0000] {logging_mixin.py:151} INFO - [2024-11-28T23:29:43.445+0000] {dagbag.py:539} INFO - Filling up the DagBag from /opt/airflow/dags/etl_sources.py
[2024-11-28T23:29:43.699+0000] {processor.py:839} INFO - DAG(s) dict_keys(['etl_pipeline']) retrieved from /opt/airflow/dags/etl_sources.py
[2024-11-28T23:29:43.709+0000] {logging_mixin.py:151} INFO - [2024-11-28T23:29:43.709+0000] {dag.py:2915} INFO - Sync 1 DAGs
[2024-11-28T23:29:43.725+0000] {logging_mixin.py:151} INFO - [2024-11-28T23:29:43.725+0000] {dag.py:3696} INFO - Setting next_dagrun for etl_pipeline to 2024-11-28T00:00:00+00:00, run_after=2024-11-28T00:00:15+00:00
[2024-11-28T23:29:43.738+0000] {processor.py:179} INFO - Processing /opt/airflow/dags/etl_sources.py took 0.297 seconds
[2024-11-28T23:29:50.541+0000] {processor.py:157} INFO - Started process (PID=121) to work on /opt/airflow/dags/etl_sources.py
[2024-11-28T23:29:50.541+0000] {processor.py:829} INFO - Processing file /opt/airflow/dags/etl_sources.py for tasks to queue
[2024-11-28T23:29:50.542+0000] {logging_mixin.py:151} INFO - [2024-11-28T23:29:50.542+0000] {dagbag.py:539} INFO - Filling up the DagBag from /opt/airflow/dags/etl_sources.py
[2024-11-28T23:29:50.799+0000] {processor.py:839} INFO - DAG(s) dict_keys(['etl_pipeline']) retrieved from /opt/airflow/dags/etl_sources.py
[2024-11-28T23:29:50.820+0000] {logging_mixin.py:151} INFO - [2024-11-28T23:29:50.820+0000] {dag.py:2915} INFO - Sync 1 DAGs
[2024-11-28T23:29:50.836+0000] {logging_mixin.py:151} INFO - [2024-11-28T23:29:50.836+0000] {dag.py:3696} INFO - Setting next_dagrun for etl_pipeline to 2024-11-28T00:00:00+00:00, run_after=2024-11-28T00:00:15+00:00
[2024-11-28T23:29:50.849+0000] {processor.py:179} INFO - Processing /opt/airflow/dags/etl_sources.py took 0.311 seconds
[2024-11-28T23:30:20.750+0000] {processor.py:157} INFO - Started process (PID=126) to work on /opt/airflow/dags/etl_sources.py
[2024-11-28T23:30:20.751+0000] {processor.py:829} INFO - Processing file /opt/airflow/dags/etl_sources.py for tasks to queue
[2024-11-28T23:30:20.752+0000] {logging_mixin.py:151} INFO - [2024-11-28T23:30:20.752+0000] {dagbag.py:539} INFO - Filling up the DagBag from /opt/airflow/dags/etl_sources.py
[2024-11-28T23:30:21.000+0000] {processor.py:839} INFO - DAG(s) dict_keys(['etl_pipeline_2']) retrieved from /opt/airflow/dags/etl_sources.py
[2024-11-28T23:30:21.084+0000] {logging_mixin.py:151} INFO - [2024-11-28T23:30:21.084+0000] {manager.py:499} INFO - Created Permission View: %s
[2024-11-28T23:30:21.091+0000] {logging_mixin.py:151} INFO - [2024-11-28T23:30:21.091+0000] {manager.py:499} INFO - Created Permission View: %s
[2024-11-28T23:30:21.096+0000] {logging_mixin.py:151} INFO - [2024-11-28T23:30:21.096+0000] {manager.py:499} INFO - Created Permission View: %s
[2024-11-28T23:30:21.097+0000] {logging_mixin.py:151} INFO - [2024-11-28T23:30:21.096+0000] {security.py:708} INFO - Not syncing DAG-level permissions for DAG 'DAG:etl_pipeline_2' as access control is unset.
[2024-11-28T23:30:21.097+0000] {logging_mixin.py:151} INFO - [2024-11-28T23:30:21.097+0000] {dag.py:2915} INFO - Sync 1 DAGs
[2024-11-28T23:30:21.105+0000] {logging_mixin.py:151} INFO - [2024-11-28T23:30:21.105+0000] {dag.py:2937} INFO - Creating ORM DAG for etl_pipeline_2
[2024-11-28T23:30:21.112+0000] {logging_mixin.py:151} INFO - [2024-11-28T23:30:21.112+0000] {dag.py:3696} INFO - Setting next_dagrun for etl_pipeline_2 to 2024-11-28T00:00:00+00:00, run_after=2024-11-28T00:00:15+00:00
[2024-11-28T23:30:21.124+0000] {processor.py:179} INFO - Processing /opt/airflow/dags/etl_sources.py took 0.376 seconds
[2024-11-28T23:30:51.288+0000] {processor.py:157} INFO - Started process (PID=131) to work on /opt/airflow/dags/etl_sources.py
[2024-11-28T23:30:51.289+0000] {processor.py:829} INFO - Processing file /opt/airflow/dags/etl_sources.py for tasks to queue
[2024-11-28T23:30:51.290+0000] {logging_mixin.py:151} INFO - [2024-11-28T23:30:51.290+0000] {dagbag.py:539} INFO - Filling up the DagBag from /opt/airflow/dags/etl_sources.py
[2024-11-28T23:30:51.535+0000] {processor.py:839} INFO - DAG(s) dict_keys(['etl_pipeline_2']) retrieved from /opt/airflow/dags/etl_sources.py
[2024-11-28T23:30:51.556+0000] {logging_mixin.py:151} INFO - [2024-11-28T23:30:51.556+0000] {dag.py:2915} INFO - Sync 1 DAGs
[2024-11-28T23:30:51.572+0000] {logging_mixin.py:151} INFO - [2024-11-28T23:30:51.572+0000] {dag.py:3696} INFO - Setting next_dagrun for etl_pipeline_2 to 2024-11-28T00:00:00+00:00, run_after=2024-11-28T00:00:15+00:00
[2024-11-28T23:30:51.585+0000] {processor.py:179} INFO - Processing /opt/airflow/dags/etl_sources.py took 0.299 seconds
[2024-11-28T23:31:21.708+0000] {processor.py:157} INFO - Started process (PID=136) to work on /opt/airflow/dags/etl_sources.py
[2024-11-28T23:31:21.709+0000] {processor.py:829} INFO - Processing file /opt/airflow/dags/etl_sources.py for tasks to queue
[2024-11-28T23:31:21.709+0000] {logging_mixin.py:151} INFO - [2024-11-28T23:31:21.709+0000] {dagbag.py:539} INFO - Filling up the DagBag from /opt/airflow/dags/etl_sources.py
[2024-11-28T23:31:21.964+0000] {processor.py:839} INFO - DAG(s) dict_keys(['etl_pipeline_2']) retrieved from /opt/airflow/dags/etl_sources.py
[2024-11-28T23:31:21.985+0000] {logging_mixin.py:151} INFO - [2024-11-28T23:31:21.985+0000] {dag.py:2915} INFO - Sync 1 DAGs
[2024-11-28T23:31:22.001+0000] {logging_mixin.py:151} INFO - [2024-11-28T23:31:22.001+0000] {dag.py:3696} INFO - Setting next_dagrun for etl_pipeline_2 to 2024-11-28T00:00:00+00:00, run_after=2024-11-28T00:00:15+00:00
[2024-11-28T23:31:22.013+0000] {processor.py:179} INFO - Processing /opt/airflow/dags/etl_sources.py took 0.307 seconds
[2024-11-28T23:31:52.219+0000] {processor.py:157} INFO - Started process (PID=141) to work on /opt/airflow/dags/etl_sources.py
[2024-11-28T23:31:52.220+0000] {processor.py:829} INFO - Processing file /opt/airflow/dags/etl_sources.py for tasks to queue
[2024-11-28T23:31:52.220+0000] {logging_mixin.py:151} INFO - [2024-11-28T23:31:52.220+0000] {dagbag.py:539} INFO - Filling up the DagBag from /opt/airflow/dags/etl_sources.py
[2024-11-28T23:31:52.503+0000] {processor.py:839} INFO - DAG(s) dict_keys(['etl_pipeline_2']) retrieved from /opt/airflow/dags/etl_sources.py
[2024-11-28T23:31:52.525+0000] {logging_mixin.py:151} INFO - [2024-11-28T23:31:52.525+0000] {dag.py:2915} INFO - Sync 1 DAGs
[2024-11-28T23:31:52.541+0000] {logging_mixin.py:151} INFO - [2024-11-28T23:31:52.540+0000] {dag.py:3696} INFO - Setting next_dagrun for etl_pipeline_2 to 2024-11-28T00:00:00+00:00, run_after=2024-11-28T00:00:15+00:00
[2024-11-28T23:31:52.552+0000] {processor.py:179} INFO - Processing /opt/airflow/dags/etl_sources.py took 0.337 seconds
[2024-11-28T23:32:22.662+0000] {processor.py:157} INFO - Started process (PID=146) to work on /opt/airflow/dags/etl_sources.py
[2024-11-28T23:32:22.663+0000] {processor.py:829} INFO - Processing file /opt/airflow/dags/etl_sources.py for tasks to queue
[2024-11-28T23:32:22.663+0000] {logging_mixin.py:151} INFO - [2024-11-28T23:32:22.663+0000] {dagbag.py:539} INFO - Filling up the DagBag from /opt/airflow/dags/etl_sources.py
[2024-11-28T23:32:22.930+0000] {processor.py:839} INFO - DAG(s) dict_keys(['etl_pipeline_2']) retrieved from /opt/airflow/dags/etl_sources.py
[2024-11-28T23:32:22.951+0000] {logging_mixin.py:151} INFO - [2024-11-28T23:32:22.951+0000] {dag.py:2915} INFO - Sync 1 DAGs
[2024-11-28T23:32:22.966+0000] {logging_mixin.py:151} INFO - [2024-11-28T23:32:22.966+0000] {dag.py:3696} INFO - Setting next_dagrun for etl_pipeline_2 to 2024-11-28T00:00:00+00:00, run_after=2024-11-28T00:00:15+00:00
[2024-11-28T23:32:22.978+0000] {processor.py:179} INFO - Processing /opt/airflow/dags/etl_sources.py took 0.319 seconds
[2024-11-28T23:32:53.116+0000] {processor.py:157} INFO - Started process (PID=151) to work on /opt/airflow/dags/etl_sources.py
[2024-11-28T23:32:53.116+0000] {processor.py:829} INFO - Processing file /opt/airflow/dags/etl_sources.py for tasks to queue
[2024-11-28T23:32:53.117+0000] {logging_mixin.py:151} INFO - [2024-11-28T23:32:53.117+0000] {dagbag.py:539} INFO - Filling up the DagBag from /opt/airflow/dags/etl_sources.py
[2024-11-28T23:32:53.362+0000] {processor.py:839} INFO - DAG(s) dict_keys(['etl_pipeline_2']) retrieved from /opt/airflow/dags/etl_sources.py
[2024-11-28T23:32:53.383+0000] {logging_mixin.py:151} INFO - [2024-11-28T23:32:53.382+0000] {dag.py:2915} INFO - Sync 1 DAGs
[2024-11-28T23:32:53.399+0000] {logging_mixin.py:151} INFO - [2024-11-28T23:32:53.399+0000] {dag.py:3696} INFO - Setting next_dagrun for etl_pipeline_2 to 2024-11-28T00:00:00+00:00, run_after=2024-11-28T00:00:15+00:00
[2024-11-28T23:32:53.412+0000] {processor.py:179} INFO - Processing /opt/airflow/dags/etl_sources.py took 0.298 seconds
[2024-11-28T23:33:23.664+0000] {processor.py:157} INFO - Started process (PID=156) to work on /opt/airflow/dags/etl_sources.py
[2024-11-28T23:33:23.664+0000] {processor.py:829} INFO - Processing file /opt/airflow/dags/etl_sources.py for tasks to queue
[2024-11-28T23:33:23.665+0000] {logging_mixin.py:151} INFO - [2024-11-28T23:33:23.665+0000] {dagbag.py:539} INFO - Filling up the DagBag from /opt/airflow/dags/etl_sources.py
[2024-11-28T23:33:23.911+0000] {processor.py:839} INFO - DAG(s) dict_keys(['etl_pipeline_2']) retrieved from /opt/airflow/dags/etl_sources.py
[2024-11-28T23:33:23.932+0000] {logging_mixin.py:151} INFO - [2024-11-28T23:33:23.931+0000] {dag.py:2915} INFO - Sync 1 DAGs
[2024-11-28T23:33:23.947+0000] {logging_mixin.py:151} INFO - [2024-11-28T23:33:23.947+0000] {dag.py:3696} INFO - Setting next_dagrun for etl_pipeline_2 to 2024-11-28T00:00:00+00:00, run_after=2024-11-28T00:00:15+00:00
[2024-11-28T23:33:23.960+0000] {processor.py:179} INFO - Processing /opt/airflow/dags/etl_sources.py took 0.299 seconds
[2024-11-28T23:33:54.181+0000] {processor.py:157} INFO - Started process (PID=161) to work on /opt/airflow/dags/etl_sources.py
[2024-11-28T23:33:54.181+0000] {processor.py:829} INFO - Processing file /opt/airflow/dags/etl_sources.py for tasks to queue
[2024-11-28T23:33:54.182+0000] {logging_mixin.py:151} INFO - [2024-11-28T23:33:54.182+0000] {dagbag.py:539} INFO - Filling up the DagBag from /opt/airflow/dags/etl_sources.py
[2024-11-28T23:33:54.489+0000] {processor.py:839} INFO - DAG(s) dict_keys(['etl_pipeline_2']) retrieved from /opt/airflow/dags/etl_sources.py
[2024-11-28T23:33:54.510+0000] {logging_mixin.py:151} INFO - [2024-11-28T23:33:54.510+0000] {dag.py:2915} INFO - Sync 1 DAGs
[2024-11-28T23:33:54.527+0000] {logging_mixin.py:151} INFO - [2024-11-28T23:33:54.526+0000] {dag.py:3696} INFO - Setting next_dagrun for etl_pipeline_2 to 2024-11-28T00:00:00+00:00, run_after=2024-11-28T00:00:15+00:00
[2024-11-28T23:33:54.539+0000] {processor.py:179} INFO - Processing /opt/airflow/dags/etl_sources.py took 0.361 seconds
[2024-11-28T23:34:24.659+0000] {processor.py:157} INFO - Started process (PID=166) to work on /opt/airflow/dags/etl_sources.py
[2024-11-28T23:34:24.660+0000] {processor.py:829} INFO - Processing file /opt/airflow/dags/etl_sources.py for tasks to queue
[2024-11-28T23:34:24.661+0000] {logging_mixin.py:151} INFO - [2024-11-28T23:34:24.660+0000] {dagbag.py:539} INFO - Filling up the DagBag from /opt/airflow/dags/etl_sources.py
[2024-11-28T23:34:24.913+0000] {processor.py:839} INFO - DAG(s) dict_keys(['etl_pipeline_2']) retrieved from /opt/airflow/dags/etl_sources.py
[2024-11-28T23:34:24.934+0000] {logging_mixin.py:151} INFO - [2024-11-28T23:34:24.933+0000] {dag.py:2915} INFO - Sync 1 DAGs
[2024-11-28T23:34:24.950+0000] {logging_mixin.py:151} INFO - [2024-11-28T23:34:24.950+0000] {dag.py:3696} INFO - Setting next_dagrun for etl_pipeline_2 to 2024-11-28T00:00:00+00:00, run_after=2024-11-28T00:00:15+00:00
[2024-11-28T23:34:24.962+0000] {processor.py:179} INFO - Processing /opt/airflow/dags/etl_sources.py took 0.305 seconds
[2024-11-28T23:34:55.093+0000] {processor.py:157} INFO - Started process (PID=171) to work on /opt/airflow/dags/etl_sources.py
[2024-11-28T23:34:55.094+0000] {processor.py:829} INFO - Processing file /opt/airflow/dags/etl_sources.py for tasks to queue
[2024-11-28T23:34:55.095+0000] {logging_mixin.py:151} INFO - [2024-11-28T23:34:55.094+0000] {dagbag.py:539} INFO - Filling up the DagBag from /opt/airflow/dags/etl_sources.py
[2024-11-28T23:34:55.348+0000] {processor.py:839} INFO - DAG(s) dict_keys(['etl_pipeline_2']) retrieved from /opt/airflow/dags/etl_sources.py
[2024-11-28T23:34:55.370+0000] {logging_mixin.py:151} INFO - [2024-11-28T23:34:55.369+0000] {dag.py:2915} INFO - Sync 1 DAGs
[2024-11-28T23:34:55.385+0000] {logging_mixin.py:151} INFO - [2024-11-28T23:34:55.385+0000] {dag.py:3696} INFO - Setting next_dagrun for etl_pipeline_2 to 2024-11-28T00:00:00+00:00, run_after=2024-11-28T00:00:15+00:00
[2024-11-28T23:34:55.397+0000] {processor.py:179} INFO - Processing /opt/airflow/dags/etl_sources.py took 0.306 seconds
[2024-11-28T23:35:25.522+0000] {processor.py:157} INFO - Started process (PID=176) to work on /opt/airflow/dags/etl_sources.py
[2024-11-28T23:35:25.523+0000] {processor.py:829} INFO - Processing file /opt/airflow/dags/etl_sources.py for tasks to queue
[2024-11-28T23:35:25.523+0000] {logging_mixin.py:151} INFO - [2024-11-28T23:35:25.523+0000] {dagbag.py:539} INFO - Filling up the DagBag from /opt/airflow/dags/etl_sources.py
[2024-11-28T23:35:25.768+0000] {processor.py:839} INFO - DAG(s) dict_keys(['etl_pipeline_2']) retrieved from /opt/airflow/dags/etl_sources.py
[2024-11-28T23:35:25.789+0000] {logging_mixin.py:151} INFO - [2024-11-28T23:35:25.788+0000] {dag.py:2915} INFO - Sync 1 DAGs
[2024-11-28T23:35:25.804+0000] {logging_mixin.py:151} INFO - [2024-11-28T23:35:25.804+0000] {dag.py:3696} INFO - Setting next_dagrun for etl_pipeline_2 to 2024-11-28T00:00:00+00:00, run_after=2024-11-28T00:00:15+00:00
[2024-11-28T23:35:25.823+0000] {processor.py:179} INFO - Processing /opt/airflow/dags/etl_sources.py took 0.304 seconds
[2024-11-28T23:35:55.947+0000] {processor.py:157} INFO - Started process (PID=181) to work on /opt/airflow/dags/etl_sources.py
[2024-11-28T23:35:55.948+0000] {processor.py:829} INFO - Processing file /opt/airflow/dags/etl_sources.py for tasks to queue
[2024-11-28T23:35:55.948+0000] {logging_mixin.py:151} INFO - [2024-11-28T23:35:55.948+0000] {dagbag.py:539} INFO - Filling up the DagBag from /opt/airflow/dags/etl_sources.py
[2024-11-28T23:35:56.191+0000] {processor.py:839} INFO - DAG(s) dict_keys(['etl_pipeline_2']) retrieved from /opt/airflow/dags/etl_sources.py
[2024-11-28T23:35:56.211+0000] {logging_mixin.py:151} INFO - [2024-11-28T23:35:56.211+0000] {dag.py:2915} INFO - Sync 1 DAGs
[2024-11-28T23:35:56.227+0000] {logging_mixin.py:151} INFO - [2024-11-28T23:35:56.227+0000] {dag.py:3696} INFO - Setting next_dagrun for etl_pipeline_2 to 2024-11-28T00:00:00+00:00, run_after=2024-11-28T00:00:15+00:00
[2024-11-28T23:35:56.239+0000] {processor.py:179} INFO - Processing /opt/airflow/dags/etl_sources.py took 0.294 seconds
[2024-11-28T23:36:26.368+0000] {processor.py:157} INFO - Started process (PID=186) to work on /opt/airflow/dags/etl_sources.py
[2024-11-28T23:36:26.369+0000] {processor.py:829} INFO - Processing file /opt/airflow/dags/etl_sources.py for tasks to queue
[2024-11-28T23:36:26.369+0000] {logging_mixin.py:151} INFO - [2024-11-28T23:36:26.369+0000] {dagbag.py:539} INFO - Filling up the DagBag from /opt/airflow/dags/etl_sources.py
[2024-11-28T23:36:26.614+0000] {processor.py:839} INFO - DAG(s) dict_keys(['etl_pipeline_2']) retrieved from /opt/airflow/dags/etl_sources.py
[2024-11-28T23:36:26.639+0000] {logging_mixin.py:151} INFO - [2024-11-28T23:36:26.639+0000] {dag.py:2915} INFO - Sync 1 DAGs
[2024-11-28T23:36:26.656+0000] {logging_mixin.py:151} INFO - [2024-11-28T23:36:26.656+0000] {dag.py:3696} INFO - Setting next_dagrun for etl_pipeline_2 to 2024-11-28T00:00:00+00:00, run_after=2024-11-28T00:00:15+00:00
[2024-11-28T23:36:26.668+0000] {processor.py:179} INFO - Processing /opt/airflow/dags/etl_sources.py took 0.303 seconds
[2024-11-28T23:36:56.832+0000] {processor.py:157} INFO - Started process (PID=191) to work on /opt/airflow/dags/etl_sources.py
[2024-11-28T23:36:56.833+0000] {processor.py:829} INFO - Processing file /opt/airflow/dags/etl_sources.py for tasks to queue
[2024-11-28T23:36:56.834+0000] {logging_mixin.py:151} INFO - [2024-11-28T23:36:56.834+0000] {dagbag.py:539} INFO - Filling up the DagBag from /opt/airflow/dags/etl_sources.py
[2024-11-28T23:36:57.082+0000] {processor.py:839} INFO - DAG(s) dict_keys(['etl_pipeline_2']) retrieved from /opt/airflow/dags/etl_sources.py
[2024-11-28T23:36:57.103+0000] {logging_mixin.py:151} INFO - [2024-11-28T23:36:57.103+0000] {dag.py:2915} INFO - Sync 1 DAGs
[2024-11-28T23:36:57.119+0000] {logging_mixin.py:151} INFO - [2024-11-28T23:36:57.119+0000] {dag.py:3696} INFO - Setting next_dagrun for etl_pipeline_2 to 2024-11-28T00:00:00+00:00, run_after=2024-11-28T00:00:15+00:00
[2024-11-28T23:36:57.131+0000] {processor.py:179} INFO - Processing /opt/airflow/dags/etl_sources.py took 0.301 seconds
[2024-11-28T23:37:27.251+0000] {processor.py:157} INFO - Started process (PID=196) to work on /opt/airflow/dags/etl_sources.py
[2024-11-28T23:37:27.251+0000] {processor.py:829} INFO - Processing file /opt/airflow/dags/etl_sources.py for tasks to queue
[2024-11-28T23:37:27.252+0000] {logging_mixin.py:151} INFO - [2024-11-28T23:37:27.252+0000] {dagbag.py:539} INFO - Filling up the DagBag from /opt/airflow/dags/etl_sources.py
[2024-11-28T23:37:27.502+0000] {processor.py:839} INFO - DAG(s) dict_keys(['etl_pipeline_2']) retrieved from /opt/airflow/dags/etl_sources.py
[2024-11-28T23:37:27.523+0000] {logging_mixin.py:151} INFO - [2024-11-28T23:37:27.523+0000] {dag.py:2915} INFO - Sync 1 DAGs
[2024-11-28T23:37:27.539+0000] {logging_mixin.py:151} INFO - [2024-11-28T23:37:27.538+0000] {dag.py:3696} INFO - Setting next_dagrun for etl_pipeline_2 to 2024-11-28T00:00:00+00:00, run_after=2024-11-28T00:00:15+00:00
[2024-11-28T23:37:27.551+0000] {processor.py:179} INFO - Processing /opt/airflow/dags/etl_sources.py took 0.303 seconds
[2024-11-28T23:37:57.674+0000] {processor.py:157} INFO - Started process (PID=201) to work on /opt/airflow/dags/etl_sources.py
[2024-11-28T23:37:57.675+0000] {processor.py:829} INFO - Processing file /opt/airflow/dags/etl_sources.py for tasks to queue
[2024-11-28T23:37:57.675+0000] {logging_mixin.py:151} INFO - [2024-11-28T23:37:57.675+0000] {dagbag.py:539} INFO - Filling up the DagBag from /opt/airflow/dags/etl_sources.py
[2024-11-28T23:37:57.939+0000] {processor.py:839} INFO - DAG(s) dict_keys(['etl_pipeline_2']) retrieved from /opt/airflow/dags/etl_sources.py
[2024-11-28T23:37:57.961+0000] {logging_mixin.py:151} INFO - [2024-11-28T23:37:57.960+0000] {dag.py:2915} INFO - Sync 1 DAGs
[2024-11-28T23:37:57.982+0000] {logging_mixin.py:151} INFO - [2024-11-28T23:37:57.982+0000] {dag.py:3696} INFO - Setting next_dagrun for etl_pipeline_2 to 2024-11-28T00:00:00+00:00, run_after=2024-11-28T00:00:15+00:00
[2024-11-28T23:37:57.998+0000] {processor.py:179} INFO - Processing /opt/airflow/dags/etl_sources.py took 0.327 seconds
[2024-11-28T23:38:28.131+0000] {processor.py:157} INFO - Started process (PID=206) to work on /opt/airflow/dags/etl_sources.py
[2024-11-28T23:38:28.132+0000] {processor.py:829} INFO - Processing file /opt/airflow/dags/etl_sources.py for tasks to queue
[2024-11-28T23:38:28.133+0000] {logging_mixin.py:151} INFO - [2024-11-28T23:38:28.133+0000] {dagbag.py:539} INFO - Filling up the DagBag from /opt/airflow/dags/etl_sources.py
[2024-11-28T23:38:28.385+0000] {processor.py:839} INFO - DAG(s) dict_keys(['etl_pipeline_2']) retrieved from /opt/airflow/dags/etl_sources.py
[2024-11-28T23:38:28.414+0000] {logging_mixin.py:151} INFO - [2024-11-28T23:38:28.413+0000] {dag.py:2915} INFO - Sync 1 DAGs
[2024-11-28T23:38:28.439+0000] {logging_mixin.py:151} INFO - [2024-11-28T23:38:28.439+0000] {dag.py:3696} INFO - Setting next_dagrun for etl_pipeline_2 to 2024-11-28T00:00:00+00:00, run_after=2024-11-28T00:00:15+00:00
[2024-11-28T23:38:28.466+0000] {processor.py:179} INFO - Processing /opt/airflow/dags/etl_sources.py took 0.338 seconds
[2024-11-28T23:38:58.575+0000] {processor.py:157} INFO - Started process (PID=211) to work on /opt/airflow/dags/etl_sources.py
[2024-11-28T23:38:58.576+0000] {processor.py:829} INFO - Processing file /opt/airflow/dags/etl_sources.py for tasks to queue
[2024-11-28T23:38:58.577+0000] {logging_mixin.py:151} INFO - [2024-11-28T23:38:58.577+0000] {dagbag.py:539} INFO - Filling up the DagBag from /opt/airflow/dags/etl_sources.py
[2024-11-28T23:38:58.843+0000] {processor.py:839} INFO - DAG(s) dict_keys(['etl_pipeline_2']) retrieved from /opt/airflow/dags/etl_sources.py
[2024-11-28T23:38:58.865+0000] {logging_mixin.py:151} INFO - [2024-11-28T23:38:58.865+0000] {dag.py:2915} INFO - Sync 1 DAGs
[2024-11-28T23:38:58.885+0000] {logging_mixin.py:151} INFO - [2024-11-28T23:38:58.885+0000] {dag.py:3696} INFO - Setting next_dagrun for etl_pipeline_2 to 2024-11-28T00:00:00+00:00, run_after=2024-11-28T00:00:15+00:00
[2024-11-28T23:38:58.909+0000] {processor.py:179} INFO - Processing /opt/airflow/dags/etl_sources.py took 0.336 seconds
[2024-11-28T23:39:28.996+0000] {processor.py:157} INFO - Started process (PID=216) to work on /opt/airflow/dags/etl_sources.py
[2024-11-28T23:39:28.996+0000] {processor.py:829} INFO - Processing file /opt/airflow/dags/etl_sources.py for tasks to queue
[2024-11-28T23:39:28.997+0000] {logging_mixin.py:151} INFO - [2024-11-28T23:39:28.997+0000] {dagbag.py:539} INFO - Filling up the DagBag from /opt/airflow/dags/etl_sources.py
[2024-11-28T23:39:29.243+0000] {processor.py:839} INFO - DAG(s) dict_keys(['etl_pipeline_2']) retrieved from /opt/airflow/dags/etl_sources.py
[2024-11-28T23:39:29.264+0000] {logging_mixin.py:151} INFO - [2024-11-28T23:39:29.263+0000] {dag.py:2915} INFO - Sync 1 DAGs
[2024-11-28T23:39:29.280+0000] {logging_mixin.py:151} INFO - [2024-11-28T23:39:29.280+0000] {dag.py:3696} INFO - Setting next_dagrun for etl_pipeline_2 to 2024-11-28T00:00:00+00:00, run_after=2024-11-28T00:00:15+00:00
[2024-11-28T23:39:29.304+0000] {processor.py:179} INFO - Processing /opt/airflow/dags/etl_sources.py took 0.311 seconds
[2024-11-28T23:39:59.417+0000] {processor.py:157} INFO - Started process (PID=221) to work on /opt/airflow/dags/etl_sources.py
[2024-11-28T23:39:59.417+0000] {processor.py:829} INFO - Processing file /opt/airflow/dags/etl_sources.py for tasks to queue
[2024-11-28T23:39:59.418+0000] {logging_mixin.py:151} INFO - [2024-11-28T23:39:59.418+0000] {dagbag.py:539} INFO - Filling up the DagBag from /opt/airflow/dags/etl_sources.py
[2024-11-28T23:39:59.670+0000] {processor.py:839} INFO - DAG(s) dict_keys(['etl_pipeline_2']) retrieved from /opt/airflow/dags/etl_sources.py
[2024-11-28T23:39:59.690+0000] {logging_mixin.py:151} INFO - [2024-11-28T23:39:59.690+0000] {dag.py:2915} INFO - Sync 1 DAGs
[2024-11-28T23:39:59.706+0000] {logging_mixin.py:151} INFO - [2024-11-28T23:39:59.706+0000] {dag.py:3696} INFO - Setting next_dagrun for etl_pipeline_2 to 2024-11-28T00:00:00+00:00, run_after=2024-11-28T00:00:15+00:00
[2024-11-28T23:39:59.731+0000] {processor.py:179} INFO - Processing /opt/airflow/dags/etl_sources.py took 0.317 seconds
[2024-11-28T23:40:29.847+0000] {processor.py:157} INFO - Started process (PID=226) to work on /opt/airflow/dags/etl_sources.py
[2024-11-28T23:40:29.848+0000] {processor.py:829} INFO - Processing file /opt/airflow/dags/etl_sources.py for tasks to queue
[2024-11-28T23:40:29.849+0000] {logging_mixin.py:151} INFO - [2024-11-28T23:40:29.848+0000] {dagbag.py:539} INFO - Filling up the DagBag from /opt/airflow/dags/etl_sources.py
[2024-11-28T23:40:30.114+0000] {processor.py:839} INFO - DAG(s) dict_keys(['etl_pipeline_2']) retrieved from /opt/airflow/dags/etl_sources.py
[2024-11-28T23:40:30.143+0000] {logging_mixin.py:151} INFO - [2024-11-28T23:40:30.143+0000] {dag.py:2915} INFO - Sync 1 DAGs
[2024-11-28T23:40:30.166+0000] {logging_mixin.py:151} INFO - [2024-11-28T23:40:30.166+0000] {dag.py:3696} INFO - Setting next_dagrun for etl_pipeline_2 to 2024-11-28T00:00:00+00:00, run_after=2024-11-28T00:00:15+00:00
[2024-11-28T23:40:30.188+0000] {processor.py:179} INFO - Processing /opt/airflow/dags/etl_sources.py took 0.343 seconds
[2024-11-28T23:41:00.327+0000] {processor.py:157} INFO - Started process (PID=231) to work on /opt/airflow/dags/etl_sources.py
[2024-11-28T23:41:00.328+0000] {processor.py:829} INFO - Processing file /opt/airflow/dags/etl_sources.py for tasks to queue
[2024-11-28T23:41:00.329+0000] {logging_mixin.py:151} INFO - [2024-11-28T23:41:00.328+0000] {dagbag.py:539} INFO - Filling up the DagBag from /opt/airflow/dags/etl_sources.py
[2024-11-28T23:41:00.600+0000] {processor.py:839} INFO - DAG(s) dict_keys(['etl_pipeline_2']) retrieved from /opt/airflow/dags/etl_sources.py
[2024-11-28T23:41:00.635+0000] {logging_mixin.py:151} INFO - [2024-11-28T23:41:00.634+0000] {dag.py:2915} INFO - Sync 1 DAGs
[2024-11-28T23:41:00.666+0000] {logging_mixin.py:151} INFO - [2024-11-28T23:41:00.665+0000] {dag.py:3696} INFO - Setting next_dagrun for etl_pipeline_2 to 2024-11-28T00:00:00+00:00, run_after=2024-11-28T00:00:15+00:00
[2024-11-28T23:41:00.683+0000] {processor.py:179} INFO - Processing /opt/airflow/dags/etl_sources.py took 0.358 seconds
[2024-11-28T23:41:30.742+0000] {processor.py:157} INFO - Started process (PID=236) to work on /opt/airflow/dags/etl_sources.py
[2024-11-28T23:41:30.743+0000] {processor.py:829} INFO - Processing file /opt/airflow/dags/etl_sources.py for tasks to queue
[2024-11-28T23:41:30.743+0000] {logging_mixin.py:151} INFO - [2024-11-28T23:41:30.743+0000] {dagbag.py:539} INFO - Filling up the DagBag from /opt/airflow/dags/etl_sources.py
[2024-11-28T23:41:30.989+0000] {processor.py:839} INFO - DAG(s) dict_keys(['etl_pipeline_2']) retrieved from /opt/airflow/dags/etl_sources.py
[2024-11-28T23:41:31.013+0000] {logging_mixin.py:151} INFO - [2024-11-28T23:41:31.012+0000] {dag.py:2915} INFO - Sync 1 DAGs
[2024-11-28T23:41:31.035+0000] {logging_mixin.py:151} INFO - [2024-11-28T23:41:31.035+0000] {dag.py:3696} INFO - Setting next_dagrun for etl_pipeline_2 to 2024-11-28T00:00:00+00:00, run_after=2024-11-28T00:00:15+00:00
[2024-11-28T23:41:31.051+0000] {processor.py:179} INFO - Processing /opt/airflow/dags/etl_sources.py took 0.312 seconds
[2024-11-28T23:42:01.167+0000] {processor.py:157} INFO - Started process (PID=241) to work on /opt/airflow/dags/etl_sources.py
[2024-11-28T23:42:01.167+0000] {processor.py:829} INFO - Processing file /opt/airflow/dags/etl_sources.py for tasks to queue
[2024-11-28T23:42:01.168+0000] {logging_mixin.py:151} INFO - [2024-11-28T23:42:01.168+0000] {dagbag.py:539} INFO - Filling up the DagBag from /opt/airflow/dags/etl_sources.py
[2024-11-28T23:42:01.418+0000] {processor.py:839} INFO - DAG(s) dict_keys(['etl_pipeline_2']) retrieved from /opt/airflow/dags/etl_sources.py
[2024-11-28T23:42:01.438+0000] {logging_mixin.py:151} INFO - [2024-11-28T23:42:01.438+0000] {dag.py:2915} INFO - Sync 1 DAGs
[2024-11-28T23:42:01.466+0000] {logging_mixin.py:151} INFO - [2024-11-28T23:42:01.466+0000] {dag.py:3696} INFO - Setting next_dagrun for etl_pipeline_2 to 2024-11-28T00:00:00+00:00, run_after=2024-11-28T00:00:15+00:00
[2024-11-28T23:42:01.483+0000] {processor.py:179} INFO - Processing /opt/airflow/dags/etl_sources.py took 0.319 seconds
[2024-11-28T23:42:31.590+0000] {processor.py:157} INFO - Started process (PID=246) to work on /opt/airflow/dags/etl_sources.py
[2024-11-28T23:42:31.591+0000] {processor.py:829} INFO - Processing file /opt/airflow/dags/etl_sources.py for tasks to queue
[2024-11-28T23:42:31.592+0000] {logging_mixin.py:151} INFO - [2024-11-28T23:42:31.591+0000] {dagbag.py:539} INFO - Filling up the DagBag from /opt/airflow/dags/etl_sources.py
[2024-11-28T23:42:31.841+0000] {processor.py:839} INFO - DAG(s) dict_keys(['etl_pipeline_2']) retrieved from /opt/airflow/dags/etl_sources.py
[2024-11-28T23:42:31.862+0000] {logging_mixin.py:151} INFO - [2024-11-28T23:42:31.861+0000] {dag.py:2915} INFO - Sync 1 DAGs
[2024-11-28T23:42:31.878+0000] {logging_mixin.py:151} INFO - [2024-11-28T23:42:31.878+0000] {dag.py:3696} INFO - Setting next_dagrun for etl_pipeline_2 to 2024-11-28T00:00:00+00:00, run_after=2024-11-28T00:00:15+00:00
[2024-11-28T23:42:31.890+0000] {processor.py:179} INFO - Processing /opt/airflow/dags/etl_sources.py took 0.303 seconds
[2024-11-28T23:43:02.015+0000] {processor.py:157} INFO - Started process (PID=251) to work on /opt/airflow/dags/etl_sources.py
[2024-11-28T23:43:02.016+0000] {processor.py:829} INFO - Processing file /opt/airflow/dags/etl_sources.py for tasks to queue
[2024-11-28T23:43:02.016+0000] {logging_mixin.py:151} INFO - [2024-11-28T23:43:02.016+0000] {dagbag.py:539} INFO - Filling up the DagBag from /opt/airflow/dags/etl_sources.py
[2024-11-28T23:43:02.268+0000] {processor.py:839} INFO - DAG(s) dict_keys(['etl_pipeline_2']) retrieved from /opt/airflow/dags/etl_sources.py
[2024-11-28T23:43:02.289+0000] {logging_mixin.py:151} INFO - [2024-11-28T23:43:02.289+0000] {dag.py:2915} INFO - Sync 1 DAGs
[2024-11-28T23:43:02.311+0000] {logging_mixin.py:151} INFO - [2024-11-28T23:43:02.311+0000] {dag.py:3696} INFO - Setting next_dagrun for etl_pipeline_2 to 2024-11-28T00:00:00+00:00, run_after=2024-11-28T00:00:15+00:00
[2024-11-28T23:43:02.328+0000] {processor.py:179} INFO - Processing /opt/airflow/dags/etl_sources.py took 0.315 seconds
[2024-11-28T23:43:32.467+0000] {processor.py:157} INFO - Started process (PID=256) to work on /opt/airflow/dags/etl_sources.py
[2024-11-28T23:43:32.468+0000] {processor.py:829} INFO - Processing file /opt/airflow/dags/etl_sources.py for tasks to queue
[2024-11-28T23:43:32.468+0000] {logging_mixin.py:151} INFO - [2024-11-28T23:43:32.468+0000] {dagbag.py:539} INFO - Filling up the DagBag from /opt/airflow/dags/etl_sources.py
[2024-11-28T23:43:32.795+0000] {processor.py:839} INFO - DAG(s) dict_keys(['etl_pipeline_2']) retrieved from /opt/airflow/dags/etl_sources.py
[2024-11-28T23:43:32.827+0000] {logging_mixin.py:151} INFO - [2024-11-28T23:43:32.827+0000] {dag.py:2915} INFO - Sync 1 DAGs
[2024-11-28T23:43:32.844+0000] {logging_mixin.py:151} INFO - [2024-11-28T23:43:32.844+0000] {dag.py:3696} INFO - Setting next_dagrun for etl_pipeline_2 to 2024-11-28T00:00:00+00:00, run_after=2024-11-28T00:00:15+00:00
[2024-11-28T23:43:32.856+0000] {processor.py:179} INFO - Processing /opt/airflow/dags/etl_sources.py took 0.392 seconds
[2024-11-28T23:44:02.921+0000] {processor.py:157} INFO - Started process (PID=261) to work on /opt/airflow/dags/etl_sources.py
[2024-11-28T23:44:02.922+0000] {processor.py:829} INFO - Processing file /opt/airflow/dags/etl_sources.py for tasks to queue
[2024-11-28T23:44:02.923+0000] {logging_mixin.py:151} INFO - [2024-11-28T23:44:02.923+0000] {dagbag.py:539} INFO - Filling up the DagBag from /opt/airflow/dags/etl_sources.py
[2024-11-28T23:44:03.218+0000] {processor.py:839} INFO - DAG(s) dict_keys(['etl_pipeline_2']) retrieved from /opt/airflow/dags/etl_sources.py
[2024-11-28T23:44:03.249+0000] {logging_mixin.py:151} INFO - [2024-11-28T23:44:03.248+0000] {dag.py:2915} INFO - Sync 1 DAGs
[2024-11-28T23:44:03.273+0000] {logging_mixin.py:151} INFO - [2024-11-28T23:44:03.273+0000] {dag.py:3696} INFO - Setting next_dagrun for etl_pipeline_2 to 2024-11-28T00:00:00+00:00, run_after=2024-11-28T00:00:15+00:00
[2024-11-28T23:44:03.290+0000] {processor.py:179} INFO - Processing /opt/airflow/dags/etl_sources.py took 0.371 seconds
[2024-11-28T23:44:33.349+0000] {processor.py:157} INFO - Started process (PID=266) to work on /opt/airflow/dags/etl_sources.py
[2024-11-28T23:44:33.349+0000] {processor.py:829} INFO - Processing file /opt/airflow/dags/etl_sources.py for tasks to queue
[2024-11-28T23:44:33.350+0000] {logging_mixin.py:151} INFO - [2024-11-28T23:44:33.350+0000] {dagbag.py:539} INFO - Filling up the DagBag from /opt/airflow/dags/etl_sources.py
[2024-11-28T23:44:33.597+0000] {processor.py:839} INFO - DAG(s) dict_keys(['etl_pipeline_2']) retrieved from /opt/airflow/dags/etl_sources.py
[2024-11-28T23:44:33.626+0000] {logging_mixin.py:151} INFO - [2024-11-28T23:44:33.626+0000] {dag.py:2915} INFO - Sync 1 DAGs
[2024-11-28T23:44:33.659+0000] {logging_mixin.py:151} INFO - [2024-11-28T23:44:33.658+0000] {dag.py:3696} INFO - Setting next_dagrun for etl_pipeline_2 to 2024-11-28T00:00:00+00:00, run_after=2024-11-28T00:00:15+00:00
[2024-11-28T23:44:33.688+0000] {processor.py:179} INFO - Processing /opt/airflow/dags/etl_sources.py took 0.342 seconds
[2024-11-28T23:45:03.776+0000] {processor.py:157} INFO - Started process (PID=271) to work on /opt/airflow/dags/etl_sources.py
[2024-11-28T23:45:03.777+0000] {processor.py:829} INFO - Processing file /opt/airflow/dags/etl_sources.py for tasks to queue
[2024-11-28T23:45:03.778+0000] {logging_mixin.py:151} INFO - [2024-11-28T23:45:03.777+0000] {dagbag.py:539} INFO - Filling up the DagBag from /opt/airflow/dags/etl_sources.py
[2024-11-28T23:45:04.111+0000] {processor.py:839} INFO - DAG(s) dict_keys(['etl_pipeline_2']) retrieved from /opt/airflow/dags/etl_sources.py
[2024-11-28T23:45:04.142+0000] {logging_mixin.py:151} INFO - [2024-11-28T23:45:04.142+0000] {dag.py:2915} INFO - Sync 1 DAGs
[2024-11-28T23:45:04.166+0000] {logging_mixin.py:151} INFO - [2024-11-28T23:45:04.166+0000] {dag.py:3696} INFO - Setting next_dagrun for etl_pipeline_2 to 2024-11-28T00:00:00+00:00, run_after=2024-11-28T00:00:15+00:00
[2024-11-28T23:45:04.178+0000] {processor.py:179} INFO - Processing /opt/airflow/dags/etl_sources.py took 0.404 seconds
[2024-11-28T23:45:34.961+0000] {processor.py:157} INFO - Started process (PID=276) to work on /opt/airflow/dags/etl_sources.py
[2024-11-28T23:45:34.962+0000] {processor.py:829} INFO - Processing file /opt/airflow/dags/etl_sources.py for tasks to queue
[2024-11-28T23:45:34.963+0000] {logging_mixin.py:151} INFO - [2024-11-28T23:45:34.963+0000] {dagbag.py:539} INFO - Filling up the DagBag from /opt/airflow/dags/etl_sources.py
[2024-11-28T23:45:35.217+0000] {processor.py:839} INFO - DAG(s) dict_keys(['etl_pipeline_2']) retrieved from /opt/airflow/dags/etl_sources.py
[2024-11-28T23:45:35.237+0000] {logging_mixin.py:151} INFO - [2024-11-28T23:45:35.237+0000] {dag.py:2915} INFO - Sync 1 DAGs
[2024-11-28T23:45:35.254+0000] {logging_mixin.py:151} INFO - [2024-11-28T23:45:35.253+0000] {dag.py:3696} INFO - Setting next_dagrun for etl_pipeline_2 to 2024-11-28T00:00:00+00:00, run_after=2024-11-28T00:00:15+00:00
[2024-11-28T23:45:35.266+0000] {processor.py:179} INFO - Processing /opt/airflow/dags/etl_sources.py took 0.309 seconds
[2024-11-28T23:46:05.370+0000] {processor.py:157} INFO - Started process (PID=281) to work on /opt/airflow/dags/etl_sources.py
[2024-11-28T23:46:05.371+0000] {processor.py:829} INFO - Processing file /opt/airflow/dags/etl_sources.py for tasks to queue
[2024-11-28T23:46:05.371+0000] {logging_mixin.py:151} INFO - [2024-11-28T23:46:05.371+0000] {dagbag.py:539} INFO - Filling up the DagBag from /opt/airflow/dags/etl_sources.py
[2024-11-28T23:46:05.635+0000] {processor.py:839} INFO - DAG(s) dict_keys(['etl_pipeline_2']) retrieved from /opt/airflow/dags/etl_sources.py
[2024-11-28T23:46:05.657+0000] {logging_mixin.py:151} INFO - [2024-11-28T23:46:05.656+0000] {dag.py:2915} INFO - Sync 1 DAGs
[2024-11-28T23:46:05.672+0000] {logging_mixin.py:151} INFO - [2024-11-28T23:46:05.672+0000] {dag.py:3696} INFO - Setting next_dagrun for etl_pipeline_2 to 2024-11-28T00:00:00+00:00, run_after=2024-11-28T00:00:15+00:00
[2024-11-28T23:46:05.684+0000] {processor.py:179} INFO - Processing /opt/airflow/dags/etl_sources.py took 0.317 seconds
[2024-11-28T23:46:35.828+0000] {processor.py:157} INFO - Started process (PID=286) to work on /opt/airflow/dags/etl_sources.py
[2024-11-28T23:46:35.829+0000] {processor.py:829} INFO - Processing file /opt/airflow/dags/etl_sources.py for tasks to queue
[2024-11-28T23:46:35.830+0000] {logging_mixin.py:151} INFO - [2024-11-28T23:46:35.829+0000] {dagbag.py:539} INFO - Filling up the DagBag from /opt/airflow/dags/etl_sources.py
[2024-11-28T23:46:36.084+0000] {processor.py:839} INFO - DAG(s) dict_keys(['etl_pipeline_2']) retrieved from /opt/airflow/dags/etl_sources.py
[2024-11-28T23:46:36.110+0000] {logging_mixin.py:151} INFO - [2024-11-28T23:46:36.109+0000] {dag.py:2915} INFO - Sync 1 DAGs
[2024-11-28T23:46:36.131+0000] {logging_mixin.py:151} INFO - [2024-11-28T23:46:36.130+0000] {dag.py:3696} INFO - Setting next_dagrun for etl_pipeline_2 to 2024-11-28T00:00:00+00:00, run_after=2024-11-28T00:00:15+00:00
[2024-11-28T23:46:36.145+0000] {processor.py:179} INFO - Processing /opt/airflow/dags/etl_sources.py took 0.319 seconds
[2024-11-28T23:47:06.309+0000] {processor.py:157} INFO - Started process (PID=291) to work on /opt/airflow/dags/etl_sources.py
[2024-11-28T23:47:06.309+0000] {processor.py:829} INFO - Processing file /opt/airflow/dags/etl_sources.py for tasks to queue
[2024-11-28T23:47:06.310+0000] {logging_mixin.py:151} INFO - [2024-11-28T23:47:06.310+0000] {dagbag.py:539} INFO - Filling up the DagBag from /opt/airflow/dags/etl_sources.py
[2024-11-28T23:47:06.560+0000] {processor.py:839} INFO - DAG(s) dict_keys(['etl_pipeline_2']) retrieved from /opt/airflow/dags/etl_sources.py
[2024-11-28T23:47:06.582+0000] {logging_mixin.py:151} INFO - [2024-11-28T23:47:06.582+0000] {dag.py:2915} INFO - Sync 1 DAGs
[2024-11-28T23:47:06.597+0000] {logging_mixin.py:151} INFO - [2024-11-28T23:47:06.597+0000] {dag.py:3696} INFO - Setting next_dagrun for etl_pipeline_2 to 2024-11-28T00:00:00+00:00, run_after=2024-11-28T00:00:15+00:00
[2024-11-28T23:47:06.609+0000] {processor.py:179} INFO - Processing /opt/airflow/dags/etl_sources.py took 0.303 seconds
[2024-11-28T23:47:36.750+0000] {processor.py:157} INFO - Started process (PID=296) to work on /opt/airflow/dags/etl_sources.py
[2024-11-28T23:47:36.751+0000] {processor.py:829} INFO - Processing file /opt/airflow/dags/etl_sources.py for tasks to queue
[2024-11-28T23:47:36.752+0000] {logging_mixin.py:151} INFO - [2024-11-28T23:47:36.751+0000] {dagbag.py:539} INFO - Filling up the DagBag from /opt/airflow/dags/etl_sources.py
[2024-11-28T23:47:36.997+0000] {processor.py:839} INFO - DAG(s) dict_keys(['etl_pipeline_2']) retrieved from /opt/airflow/dags/etl_sources.py
[2024-11-28T23:47:37.017+0000] {logging_mixin.py:151} INFO - [2024-11-28T23:47:37.017+0000] {dag.py:2915} INFO - Sync 1 DAGs
[2024-11-28T23:47:37.033+0000] {logging_mixin.py:151} INFO - [2024-11-28T23:47:37.033+0000] {dag.py:3696} INFO - Setting next_dagrun for etl_pipeline_2 to 2024-11-28T00:00:00+00:00, run_after=2024-11-28T00:00:15+00:00
[2024-11-28T23:47:37.046+0000] {processor.py:179} INFO - Processing /opt/airflow/dags/etl_sources.py took 0.298 seconds
[2024-11-28T23:48:07.225+0000] {processor.py:157} INFO - Started process (PID=301) to work on /opt/airflow/dags/etl_sources.py
[2024-11-28T23:48:07.226+0000] {processor.py:829} INFO - Processing file /opt/airflow/dags/etl_sources.py for tasks to queue
[2024-11-28T23:48:07.227+0000] {logging_mixin.py:151} INFO - [2024-11-28T23:48:07.226+0000] {dagbag.py:539} INFO - Filling up the DagBag from /opt/airflow/dags/etl_sources.py
[2024-11-28T23:48:07.471+0000] {processor.py:839} INFO - DAG(s) dict_keys(['etl_pipeline_2']) retrieved from /opt/airflow/dags/etl_sources.py
[2024-11-28T23:48:07.492+0000] {logging_mixin.py:151} INFO - [2024-11-28T23:48:07.492+0000] {dag.py:2915} INFO - Sync 1 DAGs
[2024-11-28T23:48:07.509+0000] {logging_mixin.py:151} INFO - [2024-11-28T23:48:07.508+0000] {dag.py:3696} INFO - Setting next_dagrun for etl_pipeline_2 to 2024-11-28T00:00:00+00:00, run_after=2024-11-28T00:00:15+00:00
[2024-11-28T23:48:07.522+0000] {processor.py:179} INFO - Processing /opt/airflow/dags/etl_sources.py took 0.299 seconds
[2024-11-28T23:48:37.685+0000] {processor.py:157} INFO - Started process (PID=306) to work on /opt/airflow/dags/etl_sources.py
[2024-11-28T23:48:37.686+0000] {processor.py:829} INFO - Processing file /opt/airflow/dags/etl_sources.py for tasks to queue
[2024-11-28T23:48:37.686+0000] {logging_mixin.py:151} INFO - [2024-11-28T23:48:37.686+0000] {dagbag.py:539} INFO - Filling up the DagBag from /opt/airflow/dags/etl_sources.py
[2024-11-28T23:48:37.937+0000] {processor.py:839} INFO - DAG(s) dict_keys(['etl_pipeline_2']) retrieved from /opt/airflow/dags/etl_sources.py
[2024-11-28T23:48:37.959+0000] {logging_mixin.py:151} INFO - [2024-11-28T23:48:37.958+0000] {dag.py:2915} INFO - Sync 1 DAGs
[2024-11-28T23:48:37.974+0000] {logging_mixin.py:151} INFO - [2024-11-28T23:48:37.974+0000] {dag.py:3696} INFO - Setting next_dagrun for etl_pipeline_2 to 2024-11-28T00:00:00+00:00, run_after=2024-11-28T00:00:15+00:00
[2024-11-28T23:48:37.986+0000] {processor.py:179} INFO - Processing /opt/airflow/dags/etl_sources.py took 0.304 seconds
[2024-11-28T23:49:08.173+0000] {processor.py:157} INFO - Started process (PID=311) to work on /opt/airflow/dags/etl_sources.py
[2024-11-28T23:49:08.174+0000] {processor.py:829} INFO - Processing file /opt/airflow/dags/etl_sources.py for tasks to queue
[2024-11-28T23:49:08.175+0000] {logging_mixin.py:151} INFO - [2024-11-28T23:49:08.175+0000] {dagbag.py:539} INFO - Filling up the DagBag from /opt/airflow/dags/etl_sources.py
[2024-11-28T23:49:08.420+0000] {processor.py:839} INFO - DAG(s) dict_keys(['etl_pipeline_2']) retrieved from /opt/airflow/dags/etl_sources.py
[2024-11-28T23:49:08.442+0000] {logging_mixin.py:151} INFO - [2024-11-28T23:49:08.442+0000] {dag.py:2915} INFO - Sync 1 DAGs
[2024-11-28T23:49:08.468+0000] {logging_mixin.py:151} INFO - [2024-11-28T23:49:08.467+0000] {dag.py:3696} INFO - Setting next_dagrun for etl_pipeline_2 to 2024-11-28T00:00:00+00:00, run_after=2024-11-28T00:00:15+00:00
[2024-11-28T23:49:08.480+0000] {processor.py:179} INFO - Processing /opt/airflow/dags/etl_sources.py took 0.309 seconds
[2024-11-28T23:49:38.649+0000] {processor.py:157} INFO - Started process (PID=316) to work on /opt/airflow/dags/etl_sources.py
[2024-11-28T23:49:38.649+0000] {processor.py:829} INFO - Processing file /opt/airflow/dags/etl_sources.py for tasks to queue
[2024-11-28T23:49:38.650+0000] {logging_mixin.py:151} INFO - [2024-11-28T23:49:38.650+0000] {dagbag.py:539} INFO - Filling up the DagBag from /opt/airflow/dags/etl_sources.py
[2024-11-28T23:49:38.900+0000] {processor.py:839} INFO - DAG(s) dict_keys(['etl_pipeline_2']) retrieved from /opt/airflow/dags/etl_sources.py
[2024-11-28T23:49:38.920+0000] {logging_mixin.py:151} INFO - [2024-11-28T23:49:38.920+0000] {dag.py:2915} INFO - Sync 1 DAGs
[2024-11-28T23:49:38.936+0000] {logging_mixin.py:151} INFO - [2024-11-28T23:49:38.936+0000] {dag.py:3696} INFO - Setting next_dagrun for etl_pipeline_2 to 2024-11-28T00:00:00+00:00, run_after=2024-11-28T00:00:15+00:00
[2024-11-28T23:49:38.949+0000] {processor.py:179} INFO - Processing /opt/airflow/dags/etl_sources.py took 0.302 seconds
[2024-11-28T23:50:09.145+0000] {processor.py:157} INFO - Started process (PID=321) to work on /opt/airflow/dags/etl_sources.py
[2024-11-28T23:50:09.145+0000] {processor.py:829} INFO - Processing file /opt/airflow/dags/etl_sources.py for tasks to queue
[2024-11-28T23:50:09.146+0000] {logging_mixin.py:151} INFO - [2024-11-28T23:50:09.146+0000] {dagbag.py:539} INFO - Filling up the DagBag from /opt/airflow/dags/etl_sources.py
[2024-11-28T23:50:09.415+0000] {processor.py:839} INFO - DAG(s) dict_keys(['etl_pipeline_2']) retrieved from /opt/airflow/dags/etl_sources.py
[2024-11-28T23:50:09.446+0000] {logging_mixin.py:151} INFO - [2024-11-28T23:50:09.445+0000] {dag.py:2915} INFO - Sync 1 DAGs
[2024-11-28T23:50:09.468+0000] {logging_mixin.py:151} INFO - [2024-11-28T23:50:09.468+0000] {dag.py:3696} INFO - Setting next_dagrun for etl_pipeline_2 to 2024-11-28T00:00:00+00:00, run_after=2024-11-28T00:00:15+00:00
[2024-11-28T23:50:09.481+0000] {processor.py:179} INFO - Processing /opt/airflow/dags/etl_sources.py took 0.339 seconds
[2024-11-28T23:50:39.627+0000] {processor.py:157} INFO - Started process (PID=326) to work on /opt/airflow/dags/etl_sources.py
[2024-11-28T23:50:39.628+0000] {processor.py:829} INFO - Processing file /opt/airflow/dags/etl_sources.py for tasks to queue
[2024-11-28T23:50:39.628+0000] {logging_mixin.py:151} INFO - [2024-11-28T23:50:39.628+0000] {dagbag.py:539} INFO - Filling up the DagBag from /opt/airflow/dags/etl_sources.py
[2024-11-28T23:50:39.874+0000] {processor.py:839} INFO - DAG(s) dict_keys(['etl_pipeline_2']) retrieved from /opt/airflow/dags/etl_sources.py
[2024-11-28T23:50:39.895+0000] {logging_mixin.py:151} INFO - [2024-11-28T23:50:39.895+0000] {dag.py:2915} INFO - Sync 1 DAGs
[2024-11-28T23:50:39.912+0000] {logging_mixin.py:151} INFO - [2024-11-28T23:50:39.911+0000] {dag.py:3696} INFO - Setting next_dagrun for etl_pipeline_2 to 2024-11-28T00:00:00+00:00, run_after=2024-11-28T00:00:15+00:00
[2024-11-28T23:50:39.924+0000] {processor.py:179} INFO - Processing /opt/airflow/dags/etl_sources.py took 0.299 seconds
[2024-11-28T23:51:10.113+0000] {processor.py:157} INFO - Started process (PID=331) to work on /opt/airflow/dags/etl_sources.py
[2024-11-28T23:51:10.114+0000] {processor.py:829} INFO - Processing file /opt/airflow/dags/etl_sources.py for tasks to queue
[2024-11-28T23:51:10.114+0000] {logging_mixin.py:151} INFO - [2024-11-28T23:51:10.114+0000] {dagbag.py:539} INFO - Filling up the DagBag from /opt/airflow/dags/etl_sources.py
[2024-11-28T23:51:10.360+0000] {processor.py:839} INFO - DAG(s) dict_keys(['etl_pipeline_2']) retrieved from /opt/airflow/dags/etl_sources.py
[2024-11-28T23:51:10.381+0000] {logging_mixin.py:151} INFO - [2024-11-28T23:51:10.381+0000] {dag.py:2915} INFO - Sync 1 DAGs
[2024-11-28T23:51:10.398+0000] {logging_mixin.py:151} INFO - [2024-11-28T23:51:10.398+0000] {dag.py:3696} INFO - Setting next_dagrun for etl_pipeline_2 to 2024-11-28T00:00:00+00:00, run_after=2024-11-28T00:00:15+00:00
[2024-11-28T23:51:10.410+0000] {processor.py:179} INFO - Processing /opt/airflow/dags/etl_sources.py took 0.300 seconds
[2024-11-28T23:51:40.607+0000] {processor.py:157} INFO - Started process (PID=336) to work on /opt/airflow/dags/etl_sources.py
[2024-11-28T23:51:40.607+0000] {processor.py:829} INFO - Processing file /opt/airflow/dags/etl_sources.py for tasks to queue
[2024-11-28T23:51:40.608+0000] {logging_mixin.py:151} INFO - [2024-11-28T23:51:40.608+0000] {dagbag.py:539} INFO - Filling up the DagBag from /opt/airflow/dags/etl_sources.py
[2024-11-28T23:51:40.859+0000] {processor.py:839} INFO - DAG(s) dict_keys(['etl_pipeline_2']) retrieved from /opt/airflow/dags/etl_sources.py
[2024-11-28T23:51:40.880+0000] {logging_mixin.py:151} INFO - [2024-11-28T23:51:40.880+0000] {dag.py:2915} INFO - Sync 1 DAGs
[2024-11-28T23:51:40.896+0000] {logging_mixin.py:151} INFO - [2024-11-28T23:51:40.895+0000] {dag.py:3696} INFO - Setting next_dagrun for etl_pipeline_2 to 2024-11-28T00:00:00+00:00, run_after=2024-11-28T00:00:15+00:00
[2024-11-28T23:51:40.908+0000] {processor.py:179} INFO - Processing /opt/airflow/dags/etl_sources.py took 0.304 seconds
[2024-11-28T23:52:11.106+0000] {processor.py:157} INFO - Started process (PID=341) to work on /opt/airflow/dags/etl_sources.py
[2024-11-28T23:52:11.106+0000] {processor.py:829} INFO - Processing file /opt/airflow/dags/etl_sources.py for tasks to queue
[2024-11-28T23:52:11.107+0000] {logging_mixin.py:151} INFO - [2024-11-28T23:52:11.107+0000] {dagbag.py:539} INFO - Filling up the DagBag from /opt/airflow/dags/etl_sources.py
[2024-11-28T23:52:11.388+0000] {processor.py:839} INFO - DAG(s) dict_keys(['etl_pipeline_2']) retrieved from /opt/airflow/dags/etl_sources.py
[2024-11-28T23:52:11.410+0000] {logging_mixin.py:151} INFO - [2024-11-28T23:52:11.410+0000] {dag.py:2915} INFO - Sync 1 DAGs
[2024-11-28T23:52:11.426+0000] {logging_mixin.py:151} INFO - [2024-11-28T23:52:11.426+0000] {dag.py:3696} INFO - Setting next_dagrun for etl_pipeline_2 to 2024-11-28T00:00:00+00:00, run_after=2024-11-28T00:00:15+00:00
[2024-11-28T23:52:11.438+0000] {processor.py:179} INFO - Processing /opt/airflow/dags/etl_sources.py took 0.335 seconds
[2024-11-28T23:52:41.628+0000] {processor.py:157} INFO - Started process (PID=346) to work on /opt/airflow/dags/etl_sources.py
[2024-11-28T23:52:41.629+0000] {processor.py:829} INFO - Processing file /opt/airflow/dags/etl_sources.py for tasks to queue
[2024-11-28T23:52:41.630+0000] {logging_mixin.py:151} INFO - [2024-11-28T23:52:41.630+0000] {dagbag.py:539} INFO - Filling up the DagBag from /opt/airflow/dags/etl_sources.py
[2024-11-28T23:52:41.921+0000] {processor.py:839} INFO - DAG(s) dict_keys(['etl_pipeline_2']) retrieved from /opt/airflow/dags/etl_sources.py
[2024-11-28T23:52:41.942+0000] {logging_mixin.py:151} INFO - [2024-11-28T23:52:41.941+0000] {dag.py:2915} INFO - Sync 1 DAGs
[2024-11-28T23:52:41.958+0000] {logging_mixin.py:151} INFO - [2024-11-28T23:52:41.957+0000] {dag.py:3696} INFO - Setting next_dagrun for etl_pipeline_2 to 2024-11-28T00:00:00+00:00, run_after=2024-11-28T00:00:15+00:00
[2024-11-28T23:52:41.973+0000] {processor.py:179} INFO - Processing /opt/airflow/dags/etl_sources.py took 0.347 seconds
[2024-11-28T23:53:12.056+0000] {processor.py:157} INFO - Started process (PID=351) to work on /opt/airflow/dags/etl_sources.py
[2024-11-28T23:53:12.057+0000] {processor.py:829} INFO - Processing file /opt/airflow/dags/etl_sources.py for tasks to queue
[2024-11-28T23:53:12.058+0000] {logging_mixin.py:151} INFO - [2024-11-28T23:53:12.057+0000] {dagbag.py:539} INFO - Filling up the DagBag from /opt/airflow/dags/etl_sources.py
[2024-11-28T23:53:12.307+0000] {processor.py:839} INFO - DAG(s) dict_keys(['etl_pipeline_2']) retrieved from /opt/airflow/dags/etl_sources.py
[2024-11-28T23:53:12.328+0000] {logging_mixin.py:151} INFO - [2024-11-28T23:53:12.328+0000] {dag.py:2915} INFO - Sync 1 DAGs
[2024-11-28T23:53:12.344+0000] {logging_mixin.py:151} INFO - [2024-11-28T23:53:12.344+0000] {dag.py:3696} INFO - Setting next_dagrun for etl_pipeline_2 to 2024-11-28T00:00:00+00:00, run_after=2024-11-28T00:00:15+00:00
[2024-11-28T23:53:12.357+0000] {processor.py:179} INFO - Processing /opt/airflow/dags/etl_sources.py took 0.303 seconds
[2024-11-28T23:53:42.493+0000] {processor.py:157} INFO - Started process (PID=356) to work on /opt/airflow/dags/etl_sources.py
[2024-11-28T23:53:42.494+0000] {processor.py:829} INFO - Processing file /opt/airflow/dags/etl_sources.py for tasks to queue
[2024-11-28T23:53:42.494+0000] {logging_mixin.py:151} INFO - [2024-11-28T23:53:42.494+0000] {dagbag.py:539} INFO - Filling up the DagBag from /opt/airflow/dags/etl_sources.py
[2024-11-28T23:53:42.770+0000] {processor.py:839} INFO - DAG(s) dict_keys(['etl_pipeline_2']) retrieved from /opt/airflow/dags/etl_sources.py
[2024-11-28T23:53:42.798+0000] {logging_mixin.py:151} INFO - [2024-11-28T23:53:42.797+0000] {dag.py:2915} INFO - Sync 1 DAGs
[2024-11-28T23:53:42.815+0000] {logging_mixin.py:151} INFO - [2024-11-28T23:53:42.814+0000] {dag.py:3696} INFO - Setting next_dagrun for etl_pipeline_2 to 2024-11-28T00:00:00+00:00, run_after=2024-11-28T00:00:15+00:00
[2024-11-28T23:53:42.827+0000] {processor.py:179} INFO - Processing /opt/airflow/dags/etl_sources.py took 0.336 seconds
[2024-11-28T23:54:12.919+0000] {processor.py:157} INFO - Started process (PID=361) to work on /opt/airflow/dags/etl_sources.py
[2024-11-28T23:54:12.920+0000] {processor.py:829} INFO - Processing file /opt/airflow/dags/etl_sources.py for tasks to queue
[2024-11-28T23:54:12.920+0000] {logging_mixin.py:151} INFO - [2024-11-28T23:54:12.920+0000] {dagbag.py:539} INFO - Filling up the DagBag from /opt/airflow/dags/etl_sources.py
[2024-11-28T23:54:13.186+0000] {processor.py:839} INFO - DAG(s) dict_keys(['etl_pipeline_2']) retrieved from /opt/airflow/dags/etl_sources.py
[2024-11-28T23:54:13.211+0000] {logging_mixin.py:151} INFO - [2024-11-28T23:54:13.211+0000] {dag.py:2915} INFO - Sync 1 DAGs
[2024-11-28T23:54:13.229+0000] {logging_mixin.py:151} INFO - [2024-11-28T23:54:13.229+0000] {dag.py:3696} INFO - Setting next_dagrun for etl_pipeline_2 to 2024-11-28T00:00:00+00:00, run_after=2024-11-28T00:00:15+00:00
[2024-11-28T23:54:13.241+0000] {processor.py:179} INFO - Processing /opt/airflow/dags/etl_sources.py took 0.324 seconds
[2024-11-28T23:54:43.342+0000] {processor.py:157} INFO - Started process (PID=366) to work on /opt/airflow/dags/etl_sources.py
[2024-11-28T23:54:43.343+0000] {processor.py:829} INFO - Processing file /opt/airflow/dags/etl_sources.py for tasks to queue
[2024-11-28T23:54:43.344+0000] {logging_mixin.py:151} INFO - [2024-11-28T23:54:43.344+0000] {dagbag.py:539} INFO - Filling up the DagBag from /opt/airflow/dags/etl_sources.py
[2024-11-28T23:54:43.609+0000] {processor.py:839} INFO - DAG(s) dict_keys(['etl_pipeline_2']) retrieved from /opt/airflow/dags/etl_sources.py
[2024-11-28T23:54:43.631+0000] {logging_mixin.py:151} INFO - [2024-11-28T23:54:43.631+0000] {dag.py:2915} INFO - Sync 1 DAGs
[2024-11-28T23:54:43.646+0000] {logging_mixin.py:151} INFO - [2024-11-28T23:54:43.646+0000] {dag.py:3696} INFO - Setting next_dagrun for etl_pipeline_2 to 2024-11-28T00:00:00+00:00, run_after=2024-11-28T00:00:15+00:00
[2024-11-28T23:54:43.658+0000] {processor.py:179} INFO - Processing /opt/airflow/dags/etl_sources.py took 0.318 seconds
[2024-11-28T23:55:13.805+0000] {processor.py:157} INFO - Started process (PID=371) to work on /opt/airflow/dags/etl_sources.py
[2024-11-28T23:55:13.806+0000] {processor.py:829} INFO - Processing file /opt/airflow/dags/etl_sources.py for tasks to queue
[2024-11-28T23:55:13.807+0000] {logging_mixin.py:151} INFO - [2024-11-28T23:55:13.807+0000] {dagbag.py:539} INFO - Filling up the DagBag from /opt/airflow/dags/etl_sources.py
[2024-11-28T23:55:14.083+0000] {processor.py:839} INFO - DAG(s) dict_keys(['etl_pipeline_2']) retrieved from /opt/airflow/dags/etl_sources.py
[2024-11-28T23:55:14.103+0000] {logging_mixin.py:151} INFO - [2024-11-28T23:55:14.103+0000] {dag.py:2915} INFO - Sync 1 DAGs
[2024-11-28T23:55:14.119+0000] {logging_mixin.py:151} INFO - [2024-11-28T23:55:14.119+0000] {dag.py:3696} INFO - Setting next_dagrun for etl_pipeline_2 to 2024-11-28T00:00:00+00:00, run_after=2024-11-28T00:00:15+00:00
[2024-11-28T23:55:14.131+0000] {processor.py:179} INFO - Processing /opt/airflow/dags/etl_sources.py took 0.328 seconds
[2024-11-28T23:55:44.232+0000] {processor.py:157} INFO - Started process (PID=376) to work on /opt/airflow/dags/etl_sources.py
[2024-11-28T23:55:44.232+0000] {processor.py:829} INFO - Processing file /opt/airflow/dags/etl_sources.py for tasks to queue
[2024-11-28T23:55:44.233+0000] {logging_mixin.py:151} INFO - [2024-11-28T23:55:44.233+0000] {dagbag.py:539} INFO - Filling up the DagBag from /opt/airflow/dags/etl_sources.py
[2024-11-28T23:55:44.480+0000] {processor.py:839} INFO - DAG(s) dict_keys(['etl_pipeline_2']) retrieved from /opt/airflow/dags/etl_sources.py
[2024-11-28T23:55:44.501+0000] {logging_mixin.py:151} INFO - [2024-11-28T23:55:44.501+0000] {dag.py:2915} INFO - Sync 1 DAGs
[2024-11-28T23:55:44.517+0000] {logging_mixin.py:151} INFO - [2024-11-28T23:55:44.516+0000] {dag.py:3696} INFO - Setting next_dagrun for etl_pipeline_2 to 2024-11-28T00:00:00+00:00, run_after=2024-11-28T00:00:15+00:00
[2024-11-28T23:55:44.529+0000] {processor.py:179} INFO - Processing /opt/airflow/dags/etl_sources.py took 0.300 seconds
[2024-11-28T23:56:14.663+0000] {processor.py:157} INFO - Started process (PID=381) to work on /opt/airflow/dags/etl_sources.py
[2024-11-28T23:56:14.664+0000] {processor.py:829} INFO - Processing file /opt/airflow/dags/etl_sources.py for tasks to queue
[2024-11-28T23:56:14.665+0000] {logging_mixin.py:151} INFO - [2024-11-28T23:56:14.665+0000] {dagbag.py:539} INFO - Filling up the DagBag from /opt/airflow/dags/etl_sources.py
[2024-11-28T23:56:14.916+0000] {processor.py:839} INFO - DAG(s) dict_keys(['etl_pipeline_2']) retrieved from /opt/airflow/dags/etl_sources.py
[2024-11-28T23:56:14.938+0000] {logging_mixin.py:151} INFO - [2024-11-28T23:56:14.937+0000] {dag.py:2915} INFO - Sync 1 DAGs
[2024-11-28T23:56:14.954+0000] {logging_mixin.py:151} INFO - [2024-11-28T23:56:14.954+0000] {dag.py:3696} INFO - Setting next_dagrun for etl_pipeline_2 to 2024-11-28T00:00:00+00:00, run_after=2024-11-28T00:00:15+00:00
[2024-11-28T23:56:14.966+0000] {processor.py:179} INFO - Processing /opt/airflow/dags/etl_sources.py took 0.305 seconds
[2024-11-28T23:56:45.118+0000] {processor.py:157} INFO - Started process (PID=386) to work on /opt/airflow/dags/etl_sources.py
[2024-11-28T23:56:45.118+0000] {processor.py:829} INFO - Processing file /opt/airflow/dags/etl_sources.py for tasks to queue
[2024-11-28T23:56:45.119+0000] {logging_mixin.py:151} INFO - [2024-11-28T23:56:45.119+0000] {dagbag.py:539} INFO - Filling up the DagBag from /opt/airflow/dags/etl_sources.py
[2024-11-28T23:56:45.365+0000] {processor.py:839} INFO - DAG(s) dict_keys(['etl_pipeline_2']) retrieved from /opt/airflow/dags/etl_sources.py
[2024-11-28T23:56:45.386+0000] {logging_mixin.py:151} INFO - [2024-11-28T23:56:45.385+0000] {dag.py:2915} INFO - Sync 1 DAGs
[2024-11-28T23:56:45.402+0000] {logging_mixin.py:151} INFO - [2024-11-28T23:56:45.402+0000] {dag.py:3696} INFO - Setting next_dagrun for etl_pipeline_2 to 2024-11-28T00:00:00+00:00, run_after=2024-11-28T00:00:15+00:00
[2024-11-28T23:56:45.414+0000] {processor.py:179} INFO - Processing /opt/airflow/dags/etl_sources.py took 0.299 seconds
[2024-11-28T23:57:15.554+0000] {processor.py:157} INFO - Started process (PID=391) to work on /opt/airflow/dags/etl_sources.py
[2024-11-28T23:57:15.554+0000] {processor.py:829} INFO - Processing file /opt/airflow/dags/etl_sources.py for tasks to queue
[2024-11-28T23:57:15.555+0000] {logging_mixin.py:151} INFO - [2024-11-28T23:57:15.555+0000] {dagbag.py:539} INFO - Filling up the DagBag from /opt/airflow/dags/etl_sources.py
[2024-11-28T23:57:15.801+0000] {processor.py:839} INFO - DAG(s) dict_keys(['etl_pipeline_2']) retrieved from /opt/airflow/dags/etl_sources.py
[2024-11-28T23:57:15.828+0000] {logging_mixin.py:151} INFO - [2024-11-28T23:57:15.828+0000] {dag.py:2915} INFO - Sync 1 DAGs
[2024-11-28T23:57:15.844+0000] {logging_mixin.py:151} INFO - [2024-11-28T23:57:15.844+0000] {dag.py:3696} INFO - Setting next_dagrun for etl_pipeline_2 to 2024-11-28T00:00:00+00:00, run_after=2024-11-28T00:00:15+00:00
[2024-11-28T23:57:15.856+0000] {processor.py:179} INFO - Processing /opt/airflow/dags/etl_sources.py took 0.305 seconds
[2024-11-28T23:57:46.036+0000] {processor.py:157} INFO - Started process (PID=396) to work on /opt/airflow/dags/etl_sources.py
[2024-11-28T23:57:46.037+0000] {processor.py:829} INFO - Processing file /opt/airflow/dags/etl_sources.py for tasks to queue
[2024-11-28T23:57:46.037+0000] {logging_mixin.py:151} INFO - [2024-11-28T23:57:46.037+0000] {dagbag.py:539} INFO - Filling up the DagBag from /opt/airflow/dags/etl_sources.py
[2024-11-28T23:57:46.328+0000] {processor.py:839} INFO - DAG(s) dict_keys(['etl_pipeline_2']) retrieved from /opt/airflow/dags/etl_sources.py
[2024-11-28T23:57:46.356+0000] {logging_mixin.py:151} INFO - [2024-11-28T23:57:46.356+0000] {dag.py:2915} INFO - Sync 1 DAGs
[2024-11-28T23:57:46.381+0000] {logging_mixin.py:151} INFO - [2024-11-28T23:57:46.380+0000] {dag.py:3696} INFO - Setting next_dagrun for etl_pipeline_2 to 2024-11-28T00:00:00+00:00, run_after=2024-11-28T00:00:15+00:00
[2024-11-28T23:57:46.395+0000] {processor.py:179} INFO - Processing /opt/airflow/dags/etl_sources.py took 0.361 seconds
[2024-11-28T23:58:16.496+0000] {processor.py:157} INFO - Started process (PID=401) to work on /opt/airflow/dags/etl_sources.py
[2024-11-28T23:58:16.497+0000] {processor.py:829} INFO - Processing file /opt/airflow/dags/etl_sources.py for tasks to queue
[2024-11-28T23:58:16.498+0000] {logging_mixin.py:151} INFO - [2024-11-28T23:58:16.497+0000] {dagbag.py:539} INFO - Filling up the DagBag from /opt/airflow/dags/etl_sources.py
[2024-11-28T23:58:16.760+0000] {processor.py:839} INFO - DAG(s) dict_keys(['etl_pipeline_2']) retrieved from /opt/airflow/dags/etl_sources.py
[2024-11-28T23:58:16.781+0000] {logging_mixin.py:151} INFO - [2024-11-28T23:58:16.781+0000] {dag.py:2915} INFO - Sync 1 DAGs
[2024-11-28T23:58:16.797+0000] {logging_mixin.py:151} INFO - [2024-11-28T23:58:16.797+0000] {dag.py:3696} INFO - Setting next_dagrun for etl_pipeline_2 to 2024-11-28T00:00:00+00:00, run_after=2024-11-28T00:00:15+00:00
[2024-11-28T23:58:16.809+0000] {processor.py:179} INFO - Processing /opt/airflow/dags/etl_sources.py took 0.315 seconds
[2024-11-28T23:58:46.935+0000] {processor.py:157} INFO - Started process (PID=406) to work on /opt/airflow/dags/etl_sources.py
[2024-11-28T23:58:46.936+0000] {processor.py:829} INFO - Processing file /opt/airflow/dags/etl_sources.py for tasks to queue
[2024-11-28T23:58:46.936+0000] {logging_mixin.py:151} INFO - [2024-11-28T23:58:46.936+0000] {dagbag.py:539} INFO - Filling up the DagBag from /opt/airflow/dags/etl_sources.py
[2024-11-28T23:58:47.201+0000] {processor.py:839} INFO - DAG(s) dict_keys(['etl_pipeline_2']) retrieved from /opt/airflow/dags/etl_sources.py
[2024-11-28T23:58:47.222+0000] {logging_mixin.py:151} INFO - [2024-11-28T23:58:47.222+0000] {dag.py:2915} INFO - Sync 1 DAGs
[2024-11-28T23:58:47.238+0000] {logging_mixin.py:151} INFO - [2024-11-28T23:58:47.238+0000] {dag.py:3696} INFO - Setting next_dagrun for etl_pipeline_2 to 2024-11-28T00:00:00+00:00, run_after=2024-11-28T00:00:15+00:00
[2024-11-28T23:58:47.251+0000] {processor.py:179} INFO - Processing /opt/airflow/dags/etl_sources.py took 0.318 seconds
[2024-11-28T23:59:17.362+0000] {processor.py:157} INFO - Started process (PID=411) to work on /opt/airflow/dags/etl_sources.py
[2024-11-28T23:59:17.363+0000] {processor.py:829} INFO - Processing file /opt/airflow/dags/etl_sources.py for tasks to queue
[2024-11-28T23:59:17.363+0000] {logging_mixin.py:151} INFO - [2024-11-28T23:59:17.363+0000] {dagbag.py:539} INFO - Filling up the DagBag from /opt/airflow/dags/etl_sources.py
[2024-11-28T23:59:17.616+0000] {processor.py:839} INFO - DAG(s) dict_keys(['etl_pipeline_2']) retrieved from /opt/airflow/dags/etl_sources.py
[2024-11-28T23:59:17.637+0000] {logging_mixin.py:151} INFO - [2024-11-28T23:59:17.637+0000] {dag.py:2915} INFO - Sync 1 DAGs
[2024-11-28T23:59:17.654+0000] {logging_mixin.py:151} INFO - [2024-11-28T23:59:17.654+0000] {dag.py:3696} INFO - Setting next_dagrun for etl_pipeline_2 to 2024-11-28T00:00:00+00:00, run_after=2024-11-28T00:00:15+00:00
[2024-11-28T23:59:17.666+0000] {processor.py:179} INFO - Processing /opt/airflow/dags/etl_sources.py took 0.307 seconds
[2024-11-28T23:59:47.800+0000] {processor.py:157} INFO - Started process (PID=416) to work on /opt/airflow/dags/etl_sources.py
[2024-11-28T23:59:47.801+0000] {processor.py:829} INFO - Processing file /opt/airflow/dags/etl_sources.py for tasks to queue
[2024-11-28T23:59:47.801+0000] {logging_mixin.py:151} INFO - [2024-11-28T23:59:47.801+0000] {dagbag.py:539} INFO - Filling up the DagBag from /opt/airflow/dags/etl_sources.py
[2024-11-28T23:59:48.051+0000] {processor.py:839} INFO - DAG(s) dict_keys(['etl_pipeline_2']) retrieved from /opt/airflow/dags/etl_sources.py
[2024-11-28T23:59:48.072+0000] {logging_mixin.py:151} INFO - [2024-11-28T23:59:48.072+0000] {dag.py:2915} INFO - Sync 1 DAGs
[2024-11-28T23:59:48.088+0000] {logging_mixin.py:151} INFO - [2024-11-28T23:59:48.088+0000] {dag.py:3696} INFO - Setting next_dagrun for etl_pipeline_2 to 2024-11-28T00:00:00+00:00, run_after=2024-11-28T00:00:15+00:00
[2024-11-28T23:59:48.100+0000] {processor.py:179} INFO - Processing /opt/airflow/dags/etl_sources.py took 0.303 seconds
